Information,11/13/2021 6:06:36 PM,Microsoft-Windows-Winlogon,6000,None,The winlogon notification subscriber <SessionEnv> was unavailable to handle a notification event.
Information,11/13/2021 6:06:36 PM,Microsoft-Windows-Winlogon,6000,None,The winlogon notification subscriber <WSearch> was unavailable to handle a notification event.
Information,11/13/2021 6:01:21 PM,Windows Error Reporting,1001,None,"Fault bucket 2027059338751658370, type 5
Event Name: RADAR_PRE_LEAK_64
Response: Not available
Cab Id: 0

Problem signature:
P1: msedge.exe
P2: 95.0.1020.44
P3: 10.0.20348.2.0.0
P4: 
P5: 
P6: 
P7: 
P8: 
P9: 
P10: 

Attached files:
\\?\C:\Users\ADMINI~1\AppData\Local\Temp\RDR3AC0.tmp\empty.txt
\\?\C:\ProgramData\Microsoft\Windows\WER\Temp\WER.27e24cef-6016-4064-9524-405aca56fa92.tmp.WERInternalMetadata.xml
\\?\C:\ProgramData\Microsoft\Windows\WER\Temp\WER.14ba3d08-7c8a-48d4-a2f8-be249ede2827.tmp.xml
\\?\C:\ProgramData\Microsoft\Windows\WER\Temp\WER.1fb09a69-ec52-425a-8d45-4e121feac1c1.tmp.csv
\\?\C:\ProgramData\Microsoft\Windows\WER\Temp\WER.2d331ad6-bfcd-497f-b9f4-48bedd391e51.tmp.txt

These files may be available here:


Analysis symbol: 
Rechecking for solution: 0
Report Id: a58d8251-0646-4b29-8b51-a390e931ee9b
Report Status: 268435456
Hashed bucket: fb71ffaee39d58a86c218fba90ee4982
Cab Guid: 0"
Information,11/13/2021 5:50:24 PM,Microsoft-Windows-Security-SPP,16384,None,Successfully scheduled Software Protection service for re-start at 2121-10-21T01:50:23Z. Reason: RulesEngine.
Information,11/13/2021 5:49:42 PM,Microsoft-Windows-Security-SPP,16394,None,Offline downlevel migration succeeded.
Information,11/13/2021 5:43:07 PM,Microsoft-Windows-LoadPerf,1000,None,Performance counters for the WmiApRpl (WmiApRpl) service were loaded successfully. The Record Data in the data section contains the new index values assigned to this service.
Information,11/13/2021 5:43:07 PM,Microsoft-Windows-LoadPerf,1001,None,Performance counters for the WmiApRpl (WmiApRpl) service were removed successfully. The Record Data contains the new values of the system Last Counter and Last Help registry entries.
Information,11/13/2021 5:41:52 PM,Microsoft-Windows-Security-SPP,903,None,"The Software Protection service has stopped.
"
Information,11/13/2021 5:41:52 PM,Microsoft-Windows-Security-SPP,16384,None,Successfully scheduled Software Protection service for re-start at 2121-10-21T01:41:51Z. Reason: RulesEngine.
Information,11/13/2021 5:41:21 PM,Microsoft-Windows-Security-SPP,902,None,"The Software Protection service has started.
10.0.20348.169"
Information,11/13/2021 5:41:21 PM,Microsoft-Windows-Security-SPP,1003,None,"The Software Protection service has completed licensing status check.
Application Id=55c92734-d682-4d71-983e-d6ec3f16059f
Licensing Status=
1: 1ea11e95-b7b5-49f8-b3b8-164805630e84, 1, 1 [(0 [0x00000000, 1, 0], [(?)( 1 0x00000000)(?)( 2 0x00000000 0 0 msft:rm/algorithm/hwid/4.0 0x00000000 0)(?)(?)( 10 0x00000000 msft:rm/algorithm/flags/1.0)(?)])(1 )(2 )(3 )]
2: 22105925-48c3-4ff4-a294-f654bb27e390, 1, 0 [(0 [0xC004F014, 0, 0], [(?)(?)(?)(?)(?)(?)(?)(?)])(1 )(2 )(3 )]
3: 27c4e172-0f4c-4a2d-86f0-ebfd77a583ce, 1, 0 [(0 [0xC004F014, 0, 0], [(?)(?)(?)(?)(?)(?)(?)(?)])(1 )(2 )(3 )]
4: 3f1a0b3b-cefc-48e4-8502-53299ec06146, 1, 0 [(0 [0xC004F014, 0, 0], [(?)(?)(?)(?)(?)(?)(?)(?)])(1 )(2 )(3 )]
5: 661f7658-7035-4b4c-9f35-010682943ec2, 1, 0 [(0 [0xC004F014, 0, 0], [(?)(?)(?)(?)(?)(?)(?)(?)])(1 )(2 )(3 )]
6: 716317e3-9177-41f8-a772-361050bb1b7f, 1, 0 [(0 [0xC004F014, 0, 0], [(?)(?)(?)(?)(?)(?)(?)(?)])(1 )(2 )(3 )]
7: 8f97e374-1be6-46d5-bb24-61f9d6400caf, 1, 0 [(0 [0xC004F014, 0, 0], [(?)(?)(?)(?)(?)(?)(?)(?)])(1 )(2 )(3 )]
8: 929d118a-4950-4d06-9ff1-ecd794f7d740, 1, 0 [(0 [0xC004F014, 0, 0], [(?)(?)(?)(?)(?)(?)(?)(?)])(1 )(2 )(3 )]
9: 9bd77860-9b31-4b7b-96ad-2564017315bf, 1, 0 [(0 [0xC004F014, 0, 0], [(?)(?)(?)(?)(?)(?)(?)(?)])(1 )(2 )(3 )]
10: b1c68fb2-b632-47a2-8719-488cc128b728, 1, 0 [(0 [0xC004F014, 0, 0], [(?)(?)(?)(?)(?)(?)(?)(?)])(1 )(2 )(3 )]
11: ce624156-a391-4585-93f9-7fb37405fbda, 1, 0 [(0 [0xC004F014, 0, 0], [(?)(?)(?)(?)(?)(?)(?)(?)])(1 )(2 )(3 )]
12: e73aabfa-12bc-4705-b551-2dd076bebc7d, 1, 0 [(0 [0xC004F014, 0, 0], [(?)(?)(?)(?)(?)(?)(?)(?)])(1 )(2 )(3 )]
13: ffa0a98f-b13f-4433-91f4-8aff126ed407, 1, 0 [(0 [0xC004F014, 0, 0], [(?)(?)(?)(?)(?)(?)(?)(?)])(1 )(2 )(3 )]

"
Information,11/13/2021 5:41:21 PM,Microsoft-Windows-Security-SPP,1066,None,"Initialization status for service objects.
C:\Windows\system32\sppwinob.dll, msft:spp/windowsfunctionality/agent/7.0, 0x00000000, 0x00000000
C:\Windows\system32\sppobjs.dll, msft:rm/algorithm/inherited/1.0, 0x00000000, 0x00000000
C:\Windows\system32\sppobjs.dll, msft:rm/algorithm/phone/1.0, 0x00000000, 0x00000000
C:\Windows\system32\sppobjs.dll, msft:rm/algorithm/pkey/detect, 0x00000000, 0x00000000
C:\Windows\system32\sppobjs.dll, msft:spp/ActionScheduler/1.0, 0x00000000, 0x00000000
C:\Windows\system32\sppobjs.dll, msft:spp/TaskScheduler/1.0, 0x00000000, 0x00000000
C:\Windows\system32\sppobjs.dll, msft:spp/statecollector/pkey, 0x00000000, 0x00000000
C:\Windows\system32\sppobjs.dll, msft:spp/volume/services/kms/1.0, 0x00000000, 0x00000000
C:\Windows\system32\sppobjs.dll, msft:spp/volume/services/kms/activationinfo/1.0, 0x00000000, 0x00000000
"
Information,11/13/2021 5:41:20 PM,Microsoft-Windows-Security-SPP,16394,None,Offline downlevel migration succeeded.
Information,11/13/2021 5:41:19 PM,Microsoft-Windows-Security-SPP,900,None,"The Software Protection service is starting.
Parameters:<explicit>"
Information,11/13/2021 5:41:18 PM,Microsoft-Windows-MSDTC 2,4202,TM,"MSDTC started with the following settings: Security Configuration (OFF = 0 and ON = 1): Allow Remote Administrator = 0, Network Clients = 0, Transaction Manager Communication:  Allow Inbound Transactions = 0, Allow Outbound Transactions = 0, Transaction Internet Protocol (TIP) = 0,  Enable XA Transactions = 0,  Enable SNA LU 6.2 Transactions = 1,  MSDTC Communications Security = Mutual Authentication Required, Account = NT AUTHORITY\NetworkService,  Firewall Exclusion Detected = 0 Transaction Bridge Installed = 0 Filtering Duplicate Events = 1"
Information,11/13/2021 5:41:18 PM,edgeupdate,0,None,Service stopped.
Information,11/13/2021 5:40:13 PM,FreeSSHDService,0,None,The operation completed successfully. 
Information,11/13/2021 5:40:05 PM,Microsoft-Windows-WMI,5617,None,Windows Management Instrumentation Service subsystems initialized successfully
Information,11/13/2021 5:39:52 PM,Microsoft-Windows-Winlogon,6000,None,The winlogon notification subscriber <SessionEnv> was unavailable to handle a notification event.
Information,11/13/2021 5:39:45 PM,Microsoft-Windows-Winlogon,6003,None,The winlogon notification subscriber <SessionEnv> was unavailable to handle a critical notification event.
Information,11/13/2021 5:39:18 PM,FreeSSHDService,0,None,The operation completed successfully. 
Information,11/13/2021 5:38:59 PM,Microsoft-Windows-WMI,5615,None,Windows Management Instrumentation Service started sucessfully
Information,11/13/2021 5:38:50 PM,Microsoft-Windows-User Profiles Service,1531,None,"The User Profile Service has started successfully.  

"
Information,11/13/2021 5:38:53 PM,Desktop Window Manager,9027,None,The Desktop Window Manager has registered the session port.
Information,11/13/2021 5:37:49 PM,Microsoft-Windows-User Profiles Service,1532,None,"The User Profile Service has stopped.  

"
Information,11/13/2021 5:37:49 PM,Microsoft-Windows-MSDTC,4111,SVC,The MS DTC service is stopping.
Information,11/13/2021 5:37:43 PM,Microsoft-Windows-Winlogon,6000,None,The winlogon notification subscriber <SessionEnv> was unavailable to handle a notification event.
Information,11/13/2021 5:37:43 PM,Microsoft-Windows-Winlogon,6000,None,The winlogon notification subscriber <WSearch> was unavailable to handle a notification event.
Information,11/13/2021 5:37:00 PM,Microsoft-Windows-Security-SPP,903,None,"The Software Protection service has stopped.
"
Information,11/13/2021 5:37:00 PM,Microsoft-Windows-Security-SPP,16384,None,Successfully scheduled Software Protection service for re-start at 2121-10-21T01:37:00Z. Reason: RulesEngine.
Information,11/13/2021 5:36:30 PM,Microsoft-Windows-Security-SPP,902,None,"The Software Protection service has started.
10.0.20348.169"
Information,11/13/2021 5:36:30 PM,Microsoft-Windows-Security-SPP,1003,None,"The Software Protection service has completed licensing status check.
Application Id=55c92734-d682-4d71-983e-d6ec3f16059f
Licensing Status=
1: 1ea11e95-b7b5-49f8-b3b8-164805630e84, 1, 1 [(0 [0x00000000, 1, 0], [(?)( 1 0x00000000)(?)( 2 0x00000000 0 0 msft:rm/algorithm/hwid/4.0 0x00000000 0)(?)(?)( 10 0x00000000 msft:rm/algorithm/flags/1.0)(?)])(1 )(2 )(3 )]
2: 22105925-48c3-4ff4-a294-f654bb27e390, 1, 0 [(0 [0xC004F014, 0, 0], [(?)(?)(?)(?)(?)(?)(?)(?)])(1 )(2 )(3 )]
3: 27c4e172-0f4c-4a2d-86f0-ebfd77a583ce, 1, 0 [(0 [0xC004F014, 0, 0], [(?)(?)(?)(?)(?)(?)(?)(?)])(1 )(2 )(3 )]
4: 3f1a0b3b-cefc-48e4-8502-53299ec06146, 1, 0 [(0 [0xC004F014, 0, 0], [(?)(?)(?)(?)(?)(?)(?)(?)])(1 )(2 )(3 )]
5: 661f7658-7035-4b4c-9f35-010682943ec2, 1, 0 [(0 [0xC004F014, 0, 0], [(?)(?)(?)(?)(?)(?)(?)(?)])(1 )(2 )(3 )]
6: 716317e3-9177-41f8-a772-361050bb1b7f, 1, 0 [(0 [0xC004F014, 0, 0], [(?)(?)(?)(?)(?)(?)(?)(?)])(1 )(2 )(3 )]
7: 8f97e374-1be6-46d5-bb24-61f9d6400caf, 1, 0 [(0 [0xC004F014, 0, 0], [(?)(?)(?)(?)(?)(?)(?)(?)])(1 )(2 )(3 )]
8: 929d118a-4950-4d06-9ff1-ecd794f7d740, 1, 0 [(0 [0xC004F014, 0, 0], [(?)(?)(?)(?)(?)(?)(?)(?)])(1 )(2 )(3 )]
9: 9bd77860-9b31-4b7b-96ad-2564017315bf, 1, 0 [(0 [0xC004F014, 0, 0], [(?)(?)(?)(?)(?)(?)(?)(?)])(1 )(2 )(3 )]
10: b1c68fb2-b632-47a2-8719-488cc128b728, 1, 0 [(0 [0xC004F014, 0, 0], [(?)(?)(?)(?)(?)(?)(?)(?)])(1 )(2 )(3 )]
11: ce624156-a391-4585-93f9-7fb37405fbda, 1, 0 [(0 [0xC004F014, 0, 0], [(?)(?)(?)(?)(?)(?)(?)(?)])(1 )(2 )(3 )]
12: e73aabfa-12bc-4705-b551-2dd076bebc7d, 1, 0 [(0 [0xC004F014, 0, 0], [(?)(?)(?)(?)(?)(?)(?)(?)])(1 )(2 )(3 )]
13: ffa0a98f-b13f-4433-91f4-8aff126ed407, 1, 0 [(0 [0xC004F014, 0, 0], [(?)(?)(?)(?)(?)(?)(?)(?)])(1 )(2 )(3 )]

"
Information,11/13/2021 5:36:29 PM,Microsoft-Windows-Security-SPP,1066,None,"Initialization status for service objects.
C:\Windows\system32\sppwinob.dll, msft:spp/windowsfunctionality/agent/7.0, 0x00000000, 0x00000000
C:\Windows\system32\sppobjs.dll, msft:rm/algorithm/inherited/1.0, 0x00000000, 0x00000000
C:\Windows\system32\sppobjs.dll, msft:rm/algorithm/phone/1.0, 0x00000000, 0x00000000
C:\Windows\system32\sppobjs.dll, msft:rm/algorithm/pkey/detect, 0x00000000, 0x00000000
C:\Windows\system32\sppobjs.dll, msft:spp/ActionScheduler/1.0, 0x00000000, 0x00000000
C:\Windows\system32\sppobjs.dll, msft:spp/TaskScheduler/1.0, 0x00000000, 0x00000000
C:\Windows\system32\sppobjs.dll, msft:spp/statecollector/pkey, 0x00000000, 0x00000000
C:\Windows\system32\sppobjs.dll, msft:spp/volume/services/kms/1.0, 0x00000000, 0x00000000
C:\Windows\system32\sppobjs.dll, msft:spp/volume/services/kms/activationinfo/1.0, 0x00000000, 0x00000000
"
Information,11/13/2021 5:36:28 PM,Microsoft-Windows-Security-SPP,16394,None,Offline downlevel migration succeeded.
Information,11/13/2021 5:36:27 PM,Microsoft-Windows-Security-SPP,900,None,"The Software Protection service is starting.
Parameters:<explicit>"
Information,11/13/2021 5:36:26 PM,Microsoft-Windows-MSDTC 2,4202,TM,"MSDTC started with the following settings: Security Configuration (OFF = 0 and ON = 1): Allow Remote Administrator = 0, Network Clients = 0, Transaction Manager Communication:  Allow Inbound Transactions = 0, Allow Outbound Transactions = 0, Transaction Internet Protocol (TIP) = 0,  Enable XA Transactions = 0,  Enable SNA LU 6.2 Transactions = 1,  MSDTC Communications Security = Mutual Authentication Required, Account = NT AUTHORITY\NetworkService,  Firewall Exclusion Detected = 0 Transaction Bridge Installed = 0 Filtering Duplicate Events = 1"
Information,11/13/2021 5:36:24 PM,edgeupdate,0,None,Service stopped.
Information,11/13/2021 5:35:26 PM,FreeSSHDService,0,None,The operation completed successfully. 
Information,11/13/2021 5:35:10 PM,Microsoft-Windows-WMI,5617,None,Windows Management Instrumentation Service subsystems initialized successfully
Information,11/13/2021 5:35:03 PM,Microsoft-Windows-Winlogon,6000,None,The winlogon notification subscriber <SessionEnv> was unavailable to handle a notification event.
Information,11/13/2021 5:34:57 PM,Microsoft-Windows-Winlogon,6003,None,The winlogon notification subscriber <SessionEnv> was unavailable to handle a critical notification event.
Information,11/13/2021 5:34:24 PM,FreeSSHDService,0,None,The operation completed successfully. 
Information,11/13/2021 5:34:03 PM,Microsoft-Windows-WMI,5615,None,Windows Management Instrumentation Service started sucessfully
Information,11/13/2021 5:33:53 PM,Microsoft-Windows-User Profiles Service,1531,None,"The User Profile Service has started successfully.  

"
Information,11/13/2021 5:32:59 PM,Microsoft-Windows-User Profiles Service,1532,None,"The User Profile Service has stopped.  

"
Information,11/13/2021 5:32:53 PM,Microsoft-Windows-Winlogon,6000,None,The winlogon notification subscriber <SessionEnv> was unavailable to handle a notification event.
Information,11/13/2021 5:32:53 PM,Microsoft-Windows-Winlogon,6000,None,The winlogon notification subscriber <WSearch> was unavailable to handle a notification event.
Information,11/13/2021 5:32:18 PM,FreeSSHDService,0,None,The operation completed successfully. 
Information,11/13/2021 5:32:14 PM,FreeSSHDService,0,None,The operation completed successfully. 
Information,11/13/2021 5:31:47 PM,Microsoft-Windows-Security-SPP,16384,None,Successfully scheduled Software Protection service for re-start at 2121-10-21T01:31:46Z. Reason: RulesEngine.
Information,11/13/2021 5:31:09 PM,Microsoft-Windows-Security-SPP,16394,None,Offline downlevel migration succeeded.
Information,11/13/2021 5:30:21 PM,Microsoft-Windows-Security-SPP,16384,None,Successfully scheduled Software Protection service for re-start at 2121-10-21T01:30:21Z. Reason: RulesEngine.
Information,11/13/2021 5:29:51 PM,Microsoft-Windows-Security-SPP,16394,None,Offline downlevel migration succeeded.
Information,11/13/2021 5:24:43 PM,Microsoft-Windows-LoadPerf,1000,None,Performance counters for the WmiApRpl (WmiApRpl) service were loaded successfully. The Record Data in the data section contains the new index values assigned to this service.
Information,11/13/2021 5:24:43 PM,Microsoft-Windows-LoadPerf,1001,None,Performance counters for the WmiApRpl (WmiApRpl) service were removed successfully. The Record Data contains the new values of the system Last Counter and Last Help registry entries.
Information,11/13/2021 5:23:20 PM,Microsoft-Windows-Security-SPP,903,None,"The Software Protection service has stopped.
"
Information,11/13/2021 5:23:20 PM,Microsoft-Windows-Security-SPP,16384,None,Successfully scheduled Software Protection service for re-start at 2121-10-21T01:23:20Z. Reason: RulesEngine.
Information,11/13/2021 5:22:51 PM,FreeSSHDService,0,None,The operation completed successfully. 
Information,11/13/2021 5:22:50 PM,Microsoft-Windows-Security-SPP,902,None,"The Software Protection service has started.
10.0.20348.169"
Information,11/13/2021 5:22:50 PM,Microsoft-Windows-Security-SPP,1003,None,"The Software Protection service has completed licensing status check.
Application Id=55c92734-d682-4d71-983e-d6ec3f16059f
Licensing Status=
1: 1ea11e95-b7b5-49f8-b3b8-164805630e84, 1, 1 [(0 [0x00000000, 1, 0], [(?)( 1 0x00000000)(?)( 2 0x00000000 0 0 msft:rm/algorithm/hwid/4.0 0x00000000 0)(?)(?)( 10 0x00000000 msft:rm/algorithm/flags/1.0)(?)])(1 )(2 )(3 )]
2: 22105925-48c3-4ff4-a294-f654bb27e390, 1, 0 [(0 [0xC004F014, 0, 0], [(?)(?)(?)(?)(?)(?)(?)(?)])(1 )(2 )(3 )]
3: 27c4e172-0f4c-4a2d-86f0-ebfd77a583ce, 1, 0 [(0 [0xC004F014, 0, 0], [(?)(?)(?)(?)(?)(?)(?)(?)])(1 )(2 )(3 )]
4: 3f1a0b3b-cefc-48e4-8502-53299ec06146, 1, 0 [(0 [0xC004F014, 0, 0], [(?)(?)(?)(?)(?)(?)(?)(?)])(1 )(2 )(3 )]
5: 661f7658-7035-4b4c-9f35-010682943ec2, 1, 0 [(0 [0xC004F014, 0, 0], [(?)(?)(?)(?)(?)(?)(?)(?)])(1 )(2 )(3 )]
6: 716317e3-9177-41f8-a772-361050bb1b7f, 1, 0 [(0 [0xC004F014, 0, 0], [(?)(?)(?)(?)(?)(?)(?)(?)])(1 )(2 )(3 )]
7: 8f97e374-1be6-46d5-bb24-61f9d6400caf, 1, 0 [(0 [0xC004F014, 0, 0], [(?)(?)(?)(?)(?)(?)(?)(?)])(1 )(2 )(3 )]
8: 929d118a-4950-4d06-9ff1-ecd794f7d740, 1, 0 [(0 [0xC004F014, 0, 0], [(?)(?)(?)(?)(?)(?)(?)(?)])(1 )(2 )(3 )]
9: 9bd77860-9b31-4b7b-96ad-2564017315bf, 1, 0 [(0 [0xC004F014, 0, 0], [(?)(?)(?)(?)(?)(?)(?)(?)])(1 )(2 )(3 )]
10: b1c68fb2-b632-47a2-8719-488cc128b728, 1, 0 [(0 [0xC004F014, 0, 0], [(?)(?)(?)(?)(?)(?)(?)(?)])(1 )(2 )(3 )]
11: ce624156-a391-4585-93f9-7fb37405fbda, 1, 0 [(0 [0xC004F014, 0, 0], [(?)(?)(?)(?)(?)(?)(?)(?)])(1 )(2 )(3 )]
12: e73aabfa-12bc-4705-b551-2dd076bebc7d, 1, 0 [(0 [0xC004F014, 0, 0], [(?)(?)(?)(?)(?)(?)(?)(?)])(1 )(2 )(3 )]
13: ffa0a98f-b13f-4433-91f4-8aff126ed407, 1, 0 [(0 [0xC004F014, 0, 0], [(?)(?)(?)(?)(?)(?)(?)(?)])(1 )(2 )(3 )]

"
Information,11/13/2021 5:22:49 PM,Microsoft-Windows-Security-SPP,1066,None,"Initialization status for service objects.
C:\Windows\system32\sppwinob.dll, msft:spp/windowsfunctionality/agent/7.0, 0x00000000, 0x00000000
C:\Windows\system32\sppobjs.dll, msft:rm/algorithm/inherited/1.0, 0x00000000, 0x00000000
C:\Windows\system32\sppobjs.dll, msft:rm/algorithm/phone/1.0, 0x00000000, 0x00000000
C:\Windows\system32\sppobjs.dll, msft:rm/algorithm/pkey/detect, 0x00000000, 0x00000000
C:\Windows\system32\sppobjs.dll, msft:spp/ActionScheduler/1.0, 0x00000000, 0x00000000
C:\Windows\system32\sppobjs.dll, msft:spp/TaskScheduler/1.0, 0x00000000, 0x00000000
C:\Windows\system32\sppobjs.dll, msft:spp/statecollector/pkey, 0x00000000, 0x00000000
C:\Windows\system32\sppobjs.dll, msft:spp/volume/services/kms/1.0, 0x00000000, 0x00000000
C:\Windows\system32\sppobjs.dll, msft:spp/volume/services/kms/activationinfo/1.0, 0x00000000, 0x00000000
"
Information,11/13/2021 5:22:49 PM,Microsoft-Windows-Security-SPP,16394,None,Offline downlevel migration succeeded.
Information,11/13/2021 5:22:47 PM,Microsoft-Windows-Security-SPP,900,None,"The Software Protection service is starting.
Parameters:<explicit>"
Information,11/13/2021 5:22:46 PM,Microsoft-Windows-MSDTC 2,4202,TM,"MSDTC started with the following settings: Security Configuration (OFF = 0 and ON = 1): Allow Remote Administrator = 0, Network Clients = 0, Transaction Manager Communication:  Allow Inbound Transactions = 0, Allow Outbound Transactions = 0, Transaction Internet Protocol (TIP) = 0,  Enable XA Transactions = 0,  Enable SNA LU 6.2 Transactions = 1,  MSDTC Communications Security = Mutual Authentication Required, Account = NT AUTHORITY\NetworkService,  Firewall Exclusion Detected = 0 Transaction Bridge Installed = 0 Filtering Duplicate Events = 1"
Information,11/13/2021 5:22:46 PM,edgeupdate,0,None,Service stopped.
Information,11/13/2021 5:21:38 PM,Microsoft-Windows-WMI,5617,None,Windows Management Instrumentation Service subsystems initialized successfully
Information,11/13/2021 5:21:17 PM,Microsoft-Windows-Winlogon,6000,None,The winlogon notification subscriber <SessionEnv> was unavailable to handle a notification event.
Information,11/13/2021 5:21:10 PM,Microsoft-Windows-Winlogon,6003,None,The winlogon notification subscriber <SessionEnv> was unavailable to handle a critical notification event.
Information,11/13/2021 5:20:47 PM,FreeSSHDService,0,None,The operation completed successfully. 
Information,11/13/2021 5:20:32 PM,Microsoft-Windows-WMI,5615,None,Windows Management Instrumentation Service started sucessfully
Information,11/13/2021 5:20:18 PM,Microsoft-Windows-User Profiles Service,1531,None,"The User Profile Service has started successfully.  

"
Information,11/13/2021 5:20:19 PM,Desktop Window Manager,9027,None,The Desktop Window Manager has registered the session port.
Information,11/13/2021 5:19:24 PM,Microsoft-Windows-User Profiles Service,1532,None,"The User Profile Service has stopped.  

"
Information,11/13/2021 5:19:24 PM,Microsoft-Windows-MSDTC,4111,SVC,The MS DTC service is stopping.
Information,11/13/2021 5:19:18 PM,Microsoft-Windows-Winlogon,6000,None,The winlogon notification subscriber <SessionEnv> was unavailable to handle a notification event.
Information,11/13/2021 5:19:18 PM,Microsoft-Windows-Winlogon,6000,None,The winlogon notification subscriber <WSearch> was unavailable to handle a notification event.
Information,11/13/2021 5:18:49 PM,FreeSSHDService,0,None,The operation completed successfully. 
Information,11/13/2021 5:16:09 PM,Microsoft-Windows-LoadPerf,1000,None,Performance counters for the WmiApRpl (WmiApRpl) service were loaded successfully. The Record Data in the data section contains the new index values assigned to this service.
Information,11/13/2021 5:16:09 PM,Microsoft-Windows-LoadPerf,1001,None,Performance counters for the WmiApRpl (WmiApRpl) service were removed successfully. The Record Data contains the new values of the system Last Counter and Last Help registry entries.
Information,11/13/2021 5:14:54 PM,Microsoft-Windows-Security-SPP,903,None,"The Software Protection service has stopped.
"
Information,11/13/2021 5:14:54 PM,Microsoft-Windows-Security-SPP,16384,None,Successfully scheduled Software Protection service for re-start at 2121-10-21T01:14:53Z. Reason: RulesEngine.
Information,11/13/2021 5:14:23 PM,Microsoft-Windows-Security-SPP,902,None,"The Software Protection service has started.
10.0.20348.169"
Information,11/13/2021 5:14:23 PM,Microsoft-Windows-Security-SPP,1003,None,"The Software Protection service has completed licensing status check.
Application Id=55c92734-d682-4d71-983e-d6ec3f16059f
Licensing Status=
1: 1ea11e95-b7b5-49f8-b3b8-164805630e84, 1, 1 [(0 [0x00000000, 1, 0], [(?)( 1 0x00000000)(?)( 2 0x00000000 0 0 msft:rm/algorithm/hwid/4.0 0x00000000 0)(?)(?)( 10 0x00000000 msft:rm/algorithm/flags/1.0)(?)])(1 )(2 )(3 )]
2: 22105925-48c3-4ff4-a294-f654bb27e390, 1, 0 [(0 [0xC004F014, 0, 0], [(?)(?)(?)(?)(?)(?)(?)(?)])(1 )(2 )(3 )]
3: 27c4e172-0f4c-4a2d-86f0-ebfd77a583ce, 1, 0 [(0 [0xC004F014, 0, 0], [(?)(?)(?)(?)(?)(?)(?)(?)])(1 )(2 )(3 )]
4: 3f1a0b3b-cefc-48e4-8502-53299ec06146, 1, 0 [(0 [0xC004F014, 0, 0], [(?)(?)(?)(?)(?)(?)(?)(?)])(1 )(2 )(3 )]
5: 661f7658-7035-4b4c-9f35-010682943ec2, 1, 0 [(0 [0xC004F014, 0, 0], [(?)(?)(?)(?)(?)(?)(?)(?)])(1 )(2 )(3 )]
6: 716317e3-9177-41f8-a772-361050bb1b7f, 1, 0 [(0 [0xC004F014, 0, 0], [(?)(?)(?)(?)(?)(?)(?)(?)])(1 )(2 )(3 )]
7: 8f97e374-1be6-46d5-bb24-61f9d6400caf, 1, 0 [(0 [0xC004F014, 0, 0], [(?)(?)(?)(?)(?)(?)(?)(?)])(1 )(2 )(3 )]
8: 929d118a-4950-4d06-9ff1-ecd794f7d740, 1, 0 [(0 [0xC004F014, 0, 0], [(?)(?)(?)(?)(?)(?)(?)(?)])(1 )(2 )(3 )]
9: 9bd77860-9b31-4b7b-96ad-2564017315bf, 1, 0 [(0 [0xC004F014, 0, 0], [(?)(?)(?)(?)(?)(?)(?)(?)])(1 )(2 )(3 )]
10: b1c68fb2-b632-47a2-8719-488cc128b728, 1, 0 [(0 [0xC004F014, 0, 0], [(?)(?)(?)(?)(?)(?)(?)(?)])(1 )(2 )(3 )]
11: ce624156-a391-4585-93f9-7fb37405fbda, 1, 0 [(0 [0xC004F014, 0, 0], [(?)(?)(?)(?)(?)(?)(?)(?)])(1 )(2 )(3 )]
12: e73aabfa-12bc-4705-b551-2dd076bebc7d, 1, 0 [(0 [0xC004F014, 0, 0], [(?)(?)(?)(?)(?)(?)(?)(?)])(1 )(2 )(3 )]
13: ffa0a98f-b13f-4433-91f4-8aff126ed407, 1, 0 [(0 [0xC004F014, 0, 0], [(?)(?)(?)(?)(?)(?)(?)(?)])(1 )(2 )(3 )]

"
Information,11/13/2021 5:14:23 PM,Microsoft-Windows-Security-SPP,1066,None,"Initialization status for service objects.
C:\Windows\system32\sppwinob.dll, msft:spp/windowsfunctionality/agent/7.0, 0x00000000, 0x00000000
C:\Windows\system32\sppobjs.dll, msft:rm/algorithm/inherited/1.0, 0x00000000, 0x00000000
C:\Windows\system32\sppobjs.dll, msft:rm/algorithm/phone/1.0, 0x00000000, 0x00000000
C:\Windows\system32\sppobjs.dll, msft:rm/algorithm/pkey/detect, 0x00000000, 0x00000000
C:\Windows\system32\sppobjs.dll, msft:spp/ActionScheduler/1.0, 0x00000000, 0x00000000
C:\Windows\system32\sppobjs.dll, msft:spp/TaskScheduler/1.0, 0x00000000, 0x00000000
C:\Windows\system32\sppobjs.dll, msft:spp/statecollector/pkey, 0x00000000, 0x00000000
C:\Windows\system32\sppobjs.dll, msft:spp/volume/services/kms/1.0, 0x00000000, 0x00000000
C:\Windows\system32\sppobjs.dll, msft:spp/volume/services/kms/activationinfo/1.0, 0x00000000, 0x00000000
"
Information,11/13/2021 5:14:22 PM,Microsoft-Windows-Security-SPP,16394,None,Offline downlevel migration succeeded.
Information,11/13/2021 5:14:21 PM,Microsoft-Windows-Security-SPP,900,None,"The Software Protection service is starting.
Parameters:<explicit>"
Information,11/13/2021 5:14:20 PM,Microsoft-Windows-MSDTC 2,4202,TM,"MSDTC started with the following settings: Security Configuration (OFF = 0 and ON = 1): Allow Remote Administrator = 0, Network Clients = 0, Transaction Manager Communication:  Allow Inbound Transactions = 0, Allow Outbound Transactions = 0, Transaction Internet Protocol (TIP) = 0,  Enable XA Transactions = 0,  Enable SNA LU 6.2 Transactions = 1,  MSDTC Communications Security = Mutual Authentication Required, Account = NT AUTHORITY\NetworkService,  Firewall Exclusion Detected = 0 Transaction Bridge Installed = 0 Filtering Duplicate Events = 1"
Information,11/13/2021 5:14:19 PM,edgeupdate,0,None,Service stopped.
Information,11/13/2021 5:13:10 PM,FreeSSHDService,0,None,The operation completed successfully. 
Information,11/13/2021 5:13:06 PM,Microsoft-Windows-WMI,5617,None,Windows Management Instrumentation Service subsystems initialized successfully
Information,11/13/2021 5:12:50 PM,Microsoft-Windows-Winlogon,6000,None,The winlogon notification subscriber <SessionEnv> was unavailable to handle a notification event.
Information,11/13/2021 5:12:44 PM,Microsoft-Windows-Winlogon,6003,None,The winlogon notification subscriber <SessionEnv> was unavailable to handle a critical notification event.
Information,11/13/2021 5:12:20 PM,FreeSSHDService,0,None,The operation completed successfully. 
Information,11/13/2021 5:12:00 PM,Microsoft-Windows-WMI,5615,None,Windows Management Instrumentation Service started sucessfully
Information,11/13/2021 5:11:52 PM,Microsoft-Windows-User Profiles Service,1531,None,"The User Profile Service has started successfully.  

"
Information,11/13/2021 5:10:46 PM,Microsoft-Windows-User Profiles Service,1532,None,"The User Profile Service has stopped.  

"
Information,11/13/2021 5:10:46 PM,Microsoft-Windows-MSDTC,4111,SVC,The MS DTC service is stopping.
Information,11/13/2021 5:10:40 PM,Microsoft-Windows-Winlogon,6000,None,The winlogon notification subscriber <SessionEnv> was unavailable to handle a notification event.
Information,11/13/2021 5:10:40 PM,Microsoft-Windows-Winlogon,6000,None,The winlogon notification subscriber <WSearch> was unavailable to handle a notification event.
Information,11/13/2021 5:09:53 PM,FreeSSHDService,0,None,The operation completed successfully. 
Information,11/13/2021 5:03:31 PM,Microsoft-Windows-Security-SPP,16384,None,Successfully scheduled Software Protection service for re-start at 2121-10-21T01:03:31Z. Reason: RulesEngine.
Information,11/13/2021 5:02:58 PM,Microsoft-Windows-Security-SPP,16394,None,Offline downlevel migration succeeded.
Information,11/13/2021 4:58:54 PM,Microsoft-Windows-Security-SPP,16384,None,Successfully scheduled Software Protection service for re-start at 2121-10-21T00:58:54Z. Reason: RulesEngine.
Information,11/13/2021 4:58:24 PM,Microsoft-Windows-Security-SPP,16394,None,Offline downlevel migration succeeded.
Information,11/13/2021 4:56:36 PM,Microsoft-Windows-LoadPerf,1000,None,Performance counters for the WmiApRpl (WmiApRpl) service were loaded successfully. The Record Data in the data section contains the new index values assigned to this service.
Information,11/13/2021 4:56:36 PM,Microsoft-Windows-LoadPerf,1001,None,Performance counters for the WmiApRpl (WmiApRpl) service were removed successfully. The Record Data contains the new values of the system Last Counter and Last Help registry entries.
Information,11/13/2021 4:55:17 PM,Microsoft-Windows-Security-SPP,903,None,"The Software Protection service has stopped.
"
Information,11/13/2021 4:55:17 PM,Microsoft-Windows-Security-SPP,16384,None,Successfully scheduled Software Protection service for re-start at 2121-10-21T00:55:17Z. Reason: RulesEngine.
Information,11/13/2021 4:54:46 PM,Microsoft-Windows-Security-SPP,902,None,"The Software Protection service has started.
10.0.20348.169"
Information,11/13/2021 4:54:46 PM,Microsoft-Windows-Security-SPP,1003,None,"The Software Protection service has completed licensing status check.
Application Id=55c92734-d682-4d71-983e-d6ec3f16059f
Licensing Status=
1: 1ea11e95-b7b5-49f8-b3b8-164805630e84, 1, 1 [(0 [0x00000000, 1, 0], [(?)( 1 0x00000000)(?)( 2 0x00000000 0 0 msft:rm/algorithm/hwid/4.0 0x00000000 0)(?)(?)( 10 0x00000000 msft:rm/algorithm/flags/1.0)(?)])(1 )(2 )(3 )]
2: 22105925-48c3-4ff4-a294-f654bb27e390, 1, 0 [(0 [0xC004F014, 0, 0], [(?)(?)(?)(?)(?)(?)(?)(?)])(1 )(2 )(3 )]
3: 27c4e172-0f4c-4a2d-86f0-ebfd77a583ce, 1, 0 [(0 [0xC004F014, 0, 0], [(?)(?)(?)(?)(?)(?)(?)(?)])(1 )(2 )(3 )]
4: 3f1a0b3b-cefc-48e4-8502-53299ec06146, 1, 0 [(0 [0xC004F014, 0, 0], [(?)(?)(?)(?)(?)(?)(?)(?)])(1 )(2 )(3 )]
5: 661f7658-7035-4b4c-9f35-010682943ec2, 1, 0 [(0 [0xC004F014, 0, 0], [(?)(?)(?)(?)(?)(?)(?)(?)])(1 )(2 )(3 )]
6: 716317e3-9177-41f8-a772-361050bb1b7f, 1, 0 [(0 [0xC004F014, 0, 0], [(?)(?)(?)(?)(?)(?)(?)(?)])(1 )(2 )(3 )]
7: 8f97e374-1be6-46d5-bb24-61f9d6400caf, 1, 0 [(0 [0xC004F014, 0, 0], [(?)(?)(?)(?)(?)(?)(?)(?)])(1 )(2 )(3 )]
8: 929d118a-4950-4d06-9ff1-ecd794f7d740, 1, 0 [(0 [0xC004F014, 0, 0], [(?)(?)(?)(?)(?)(?)(?)(?)])(1 )(2 )(3 )]
9: 9bd77860-9b31-4b7b-96ad-2564017315bf, 1, 0 [(0 [0xC004F014, 0, 0], [(?)(?)(?)(?)(?)(?)(?)(?)])(1 )(2 )(3 )]
10: b1c68fb2-b632-47a2-8719-488cc128b728, 1, 0 [(0 [0xC004F014, 0, 0], [(?)(?)(?)(?)(?)(?)(?)(?)])(1 )(2 )(3 )]
11: ce624156-a391-4585-93f9-7fb37405fbda, 1, 0 [(0 [0xC004F014, 0, 0], [(?)(?)(?)(?)(?)(?)(?)(?)])(1 )(2 )(3 )]
12: e73aabfa-12bc-4705-b551-2dd076bebc7d, 1, 0 [(0 [0xC004F014, 0, 0], [(?)(?)(?)(?)(?)(?)(?)(?)])(1 )(2 )(3 )]
13: ffa0a98f-b13f-4433-91f4-8aff126ed407, 1, 0 [(0 [0xC004F014, 0, 0], [(?)(?)(?)(?)(?)(?)(?)(?)])(1 )(2 )(3 )]

"
Information,11/13/2021 4:54:46 PM,Microsoft-Windows-Security-SPP,1066,None,"Initialization status for service objects.
C:\Windows\system32\sppwinob.dll, msft:spp/windowsfunctionality/agent/7.0, 0x00000000, 0x00000000
C:\Windows\system32\sppobjs.dll, msft:rm/algorithm/inherited/1.0, 0x00000000, 0x00000000
C:\Windows\system32\sppobjs.dll, msft:rm/algorithm/phone/1.0, 0x00000000, 0x00000000
C:\Windows\system32\sppobjs.dll, msft:rm/algorithm/pkey/detect, 0x00000000, 0x00000000
C:\Windows\system32\sppobjs.dll, msft:spp/ActionScheduler/1.0, 0x00000000, 0x00000000
C:\Windows\system32\sppobjs.dll, msft:spp/TaskScheduler/1.0, 0x00000000, 0x00000000
C:\Windows\system32\sppobjs.dll, msft:spp/statecollector/pkey, 0x00000000, 0x00000000
C:\Windows\system32\sppobjs.dll, msft:spp/volume/services/kms/1.0, 0x00000000, 0x00000000
C:\Windows\system32\sppobjs.dll, msft:spp/volume/services/kms/activationinfo/1.0, 0x00000000, 0x00000000
"
Information,11/13/2021 4:54:45 PM,Microsoft-Windows-Security-SPP,16394,None,Offline downlevel migration succeeded.
Information,11/13/2021 4:54:44 PM,Microsoft-Windows-Security-SPP,900,None,"The Software Protection service is starting.
Parameters:<explicit>"
Information,11/13/2021 4:54:43 PM,Microsoft-Windows-MSDTC 2,4202,TM,"MSDTC started with the following settings: Security Configuration (OFF = 0 and ON = 1): Allow Remote Administrator = 0, Network Clients = 0, Transaction Manager Communication:  Allow Inbound Transactions = 0, Allow Outbound Transactions = 0, Transaction Internet Protocol (TIP) = 0,  Enable XA Transactions = 0,  Enable SNA LU 6.2 Transactions = 1,  MSDTC Communications Security = Mutual Authentication Required, Account = NT AUTHORITY\NetworkService,  Firewall Exclusion Detected = 0 Transaction Bridge Installed = 0 Filtering Duplicate Events = 1"
Information,11/13/2021 4:54:41 PM,edgeupdate,0,None,Service stopped.
Information,11/13/2021 4:53:46 PM,Microsoft-Windows-WMI,5617,None,Windows Management Instrumentation Service subsystems initialized successfully
Information,11/13/2021 4:53:33 PM,FreeSSHDService,0,None,The operation completed successfully. 
Information,11/13/2021 4:53:29 PM,Microsoft-Windows-WMI,5611,None,The Windows Management Instrumentation service has detected an inconsistent system shutdown.
Information,11/13/2021 4:53:11 PM,Microsoft-Windows-Winlogon,6000,None,The winlogon notification subscriber <SessionEnv> was unavailable to handle a notification event.
Information,11/13/2021 4:53:03 PM,Microsoft-Windows-Winlogon,6003,None,The winlogon notification subscriber <SessionEnv> was unavailable to handle a critical notification event.
Information,11/13/2021 4:52:41 PM,FreeSSHDService,0,None,The operation completed successfully. 
Information,11/14/2021 1:52:27 AM,Microsoft-Windows-WMI,5615,None,Windows Management Instrumentation Service started sucessfully
Information,11/14/2021 1:52:08 AM,Microsoft-Windows-User Profiles Service,1531,None,"The User Profile Service has started successfully.  

"
Information,11/13/2021 4:33:56 PM,Microsoft-Windows-CAPI2,4097,None,"Successful auto update of third-party root certificate:: Subject: <CN=COMODO RSA Certification Authority, O=COMODO CA Limited, L=Salford, S=Greater Manchester, C=GB> Sha1 thumbprint: <AFE5D244A8D1194230FF479FE2F897BBCD7A8CB4>."
Information,11/13/2021 3:49:39 PM,Microsoft-Windows-Security-SPP,16384,None,Successfully scheduled Software Protection service for re-start at 2121-10-20T23:49:39Z. Reason: RulesEngine.
Information,11/13/2021 3:49:02 PM,Microsoft-Windows-Security-SPP,16394,None,Offline downlevel migration succeeded.
Information,11/13/2021 3:38:38 PM,Microsoft-Windows-Security-SPP,16384,None,Successfully scheduled Software Protection service for re-start at 2121-10-20T23:38:38Z. Reason: RulesEngine.
Information,11/13/2021 3:37:09 PM,Microsoft-Windows-Security-SPP,16394,None,Offline downlevel migration succeeded.
Information,11/13/2021 3:36:43 PM,ESENT,325,General,"svchost (1016,D,35) DS_Token_DB: The database engine created a new database (3, C:\Windows\system32\config\systemprofile\AppData\Local\DataSharing\Storage\DSTokenDB2.dat). (Time=5 seconds) 
 
Additional Data: lgposCreate = 00000001:0001:0268,
dbv = 1568.180.400 (9360) 
 
Internal Timing Sequence: 
[1] 0.000065 +J(0) +M(C:0K, Fs:4, WS:12K # 0K, PF:8K # 0K, P:8K)
[2] 0.188438 -0.000220 (1) WT +J(CM:0, PgRf:0, Rd:0/0, Dy:0/0, Lg:3480/2)
[3] 0.378606 -0.000002 (2) WT +J(0) +M(C:0K, Fs:9, WS:32K # 0K, PF:20K # 0K, P:20K)
[4] 3.176615 -0.083303 (1) WT +J(0) +M(C:0K, Fs:112, WS:448K # 0K, PF:0K # 0K, P:0K)
[5] 0.116498 -0.035966 (3) WT +J(CM:0, PgRf:3, Rd:0/0, Dy:3/6, Lg:122/4) +M(C:0K, Fs:15, WS:56K # 0K, PF:20K # 0K, P:20K)
[6] 0.662464 -0.000272 (2) WT +J(CM:0, PgRf:249, Rd:0/0, Dy:16/428, Lg:28550/465) +M(C:0K, Fs:58, WS:232K # 0K, PF:224K # 0K, P:224K)
[7] 0.298049 -0.000624 (3) WT +J(CM:0, PgRf:0, Rd:0/0, Dy:0/0, Lg:4096/3) +M(C:0K, Fs:3, WS:8K # 0K, PF:0K # 0K, P:0K)
[8] 0.000008 +J(0)
[9] 0.123460 -0.000434 (3) WT +J(0) +M(C:0K, Fs:4, WS:12K # 0K, PF:0K # 0K, P:0K)
[10] 0.864012 -0.000471 (5) WT +J(CM:0, PgRf:384, Rd:0/0, Dy:7/93, Lg:12509/130) +M(C:44K, Fs:22, WS:84K # 0K, PF:64K # 0K, P:64K)
[11] 0.000006 +J(0)."
Information,11/13/2021 3:36:37 PM,ESENT,105,General,"svchost (1016,D,0) DS_Token_DB: The database engine started a new instance (1). (Time=0 seconds) 
 
Additional Data:
  
 
Internal Timing Sequence: 
[1] -
[2] -
[3] 0.121608 +J(0) +M(C:0K, Fs:3, WS:12K # 0K, PF:0K # 0K, P:0K)
[4] 0.000232 +J(0) +M(C:0K, Fs:3, WS:12K # 0K, PF:72K # 0K, P:72K)
[5] 0.000878 +J(0) +M(C:0K, Fs:4, WS:16K # 0K, PF:16K # 0K, P:16K)
[6] 0.234410 +J(0) +M(C:0K, Fs:10, WS:40K # 0K, PF:12K # 0K, P:12K)
[7] -
[8] -
[9] -
[10] -
[11] -
[12] -
[13] 0.346710 -0.000716 (3) WT +J(CM:0, PgRf:0, Rd:0/0, Dy:0/0, Lg:616/1) +M(C:0K, Fs:43, WS:112K # 0K, PF:4K # 0K, P:4K)
[14] 0.000013 +J(0)
[15] 0.000029 +J(0) +M(C:0K, Fs:16, WS:64K # 0K, PF:0K # 0K, P:0K)
[16] 0.223845 -0.002967 (2) WT +J(0) +M(C:0K, Fs:8, WS:16K # 0K, PF:0K # 0K, P:0K)."
Information,11/13/2021 3:36:36 PM,ESENT,102,General,"svchost (1016,P,98) DS_Token_DB: The database engine (10.00.20348.0000) is starting a new instance (1)."
Information,11/13/2021 3:33:28 PM,FreeSSHDService,0,None,The operation completed successfully. 
Information,11/13/2021 3:30:44 PM,Microsoft-Windows-LoadPerf,1000,None,Performance counters for the WmiApRpl (WmiApRpl) service were loaded successfully. The Record Data in the data section contains the new index values assigned to this service.
Information,11/13/2021 3:30:44 PM,Microsoft-Windows-LoadPerf,1001,None,Performance counters for the WmiApRpl (WmiApRpl) service were removed successfully. The Record Data contains the new values of the system Last Counter and Last Help registry entries.
Information,11/13/2021 3:30:00 PM,Microsoft-Windows-Security-SPP,903,None,"The Software Protection service has stopped.
"
Information,11/13/2021 3:30:00 PM,Microsoft-Windows-Security-SPP,16384,None,Successfully scheduled Software Protection service for re-start at 2121-10-20T23:30:00Z. Reason: RulesEngine.
Information,11/13/2021 3:29:30 PM,Microsoft-Windows-Security-SPP,902,None,"The Software Protection service has started.
10.0.20348.169"
Information,11/13/2021 3:29:29 PM,Microsoft-Windows-Security-SPP,1003,None,"The Software Protection service has completed licensing status check.
Application Id=55c92734-d682-4d71-983e-d6ec3f16059f
Licensing Status=
1: 1ea11e95-b7b5-49f8-b3b8-164805630e84, 1, 0 [(0 [0x00000000, 1, 0], [(?)( 1 0x00000000)(?)( 2 0x00000000 0 0 msft:rm/algorithm/hwid/4.0 0x00000000 0)(?)(?)( 10 0x00000000 msft:rm/algorithm/flags/1.0)(?)])(1 )(2 )(3 )]
2: 22105925-48c3-4ff4-a294-f654bb27e390, 1, 0 [(0 [0xC004F014, 0, 0], [(?)(?)(?)(?)(?)(?)(?)(?)])(1 )(2 )(3 )]
3: 27c4e172-0f4c-4a2d-86f0-ebfd77a583ce, 1, 0 [(0 [0xC004F014, 0, 0], [(?)(?)(?)(?)(?)(?)(?)(?)])(1 )(2 )(3 )]
4: 3f1a0b3b-cefc-48e4-8502-53299ec06146, 1, 0 [(0 [0xC004F014, 0, 0], [(?)(?)(?)(?)(?)(?)(?)(?)])(1 )(2 )(3 )]
5: 661f7658-7035-4b4c-9f35-010682943ec2, 1, 0 [(0 [0xC004F014, 0, 0], [(?)(?)(?)(?)(?)(?)(?)(?)])(1 )(2 )(3 )]
6: 716317e3-9177-41f8-a772-361050bb1b7f, 1, 0 [(0 [0xC004F014, 0, 0], [(?)(?)(?)(?)(?)(?)(?)(?)])(1 )(2 )(3 )]
7: 8f97e374-1be6-46d5-bb24-61f9d6400caf, 1, 0 [(0 [0xC004F014, 0, 0], [(?)(?)(?)(?)(?)(?)(?)(?)])(1 )(2 )(3 )]
8: 929d118a-4950-4d06-9ff1-ecd794f7d740, 1, 0 [(0 [0xC004F014, 0, 0], [(?)(?)(?)(?)(?)(?)(?)(?)])(1 )(2 )(3 )]
9: 9bd77860-9b31-4b7b-96ad-2564017315bf, 1, 0 [(0 [0xC004F014, 0, 0], [(?)(?)(?)(?)(?)(?)(?)(?)])(1 )(2 )(3 )]
10: b1c68fb2-b632-47a2-8719-488cc128b728, 1, 0 [(0 [0xC004F014, 0, 0], [(?)(?)(?)(?)(?)(?)(?)(?)])(1 )(2 )(3 )]
11: ce624156-a391-4585-93f9-7fb37405fbda, 1, 0 [(0 [0xC004F014, 0, 0], [(?)(?)(?)(?)(?)(?)(?)(?)])(1 )(2 )(3 )]
12: e73aabfa-12bc-4705-b551-2dd076bebc7d, 1, 0 [(0 [0xC004F014, 0, 0], [(?)(?)(?)(?)(?)(?)(?)(?)])(1 )(2 )(3 )]
13: ffa0a98f-b13f-4433-91f4-8aff126ed407, 1, 0 [(0 [0xC004F014, 0, 0], [(?)(?)(?)(?)(?)(?)(?)(?)])(1 )(2 )(3 )]

"
Information,11/13/2021 3:29:29 PM,Microsoft-Windows-Security-SPP,1033,None,"These policies are being excluded since they are only defined with override-only attribute.
Policy Names=(Security-SPP-Reserved-EnableNotificationMode) 
App Id=55c92734-d682-4d71-983e-d6ec3f16059f
Sku Id=1ea11e95-b7b5-49f8-b3b8-164805630e84"
Information,11/13/2021 3:29:29 PM,Microsoft-Windows-Security-SPP,1034,None,Duplicate definition of policy found. Policy name=Security-SPP-WriteWauMarker  Priority=500
Information,11/13/2021 3:29:29 PM,Microsoft-Windows-Security-SPP,1034,None,Duplicate definition of policy found. Policy name=AAD-BlockAADWorkplaceJoin-Default  Priority=100
Information,11/13/2021 3:29:09 PM,Microsoft-Windows-Security-SPP,1066,None,"Initialization status for service objects.
C:\Windows\system32\sppwinob.dll, msft:spp/windowsfunctionality/agent/7.0, 0x00000000, 0x00000000
C:\Windows\system32\sppobjs.dll, msft:rm/algorithm/inherited/1.0, 0x00000000, 0x00000000
C:\Windows\system32\sppobjs.dll, msft:rm/algorithm/phone/1.0, 0x00000000, 0x00000000
C:\Windows\system32\sppobjs.dll, msft:rm/algorithm/pkey/detect, 0x00000000, 0x00000000
C:\Windows\system32\sppobjs.dll, msft:spp/ActionScheduler/1.0, 0x00000000, 0x00000000
C:\Windows\system32\sppobjs.dll, msft:spp/TaskScheduler/1.0, 0x00000000, 0x00000000
C:\Windows\system32\sppobjs.dll, msft:spp/statecollector/pkey, 0x00000000, 0x00000000
C:\Windows\system32\sppobjs.dll, msft:spp/volume/services/kms/1.0, 0x00000000, 0x00000000
C:\Windows\system32\sppobjs.dll, msft:spp/volume/services/kms/activationinfo/1.0, 0x00000000, 0x00000000
"
Information,11/13/2021 3:29:02 PM,Microsoft-Windows-Security-SPP,16394,None,Offline downlevel migration succeeded.
Information,11/13/2021 3:28:55 PM,Microsoft-Windows-Security-SPP,900,None,"The Software Protection service is starting.
Parameters:<explicit>"
Information,11/13/2021 3:28:51 PM,Microsoft-Windows-MSDTC 2,4202,TM,"MSDTC started with the following settings: Security Configuration (OFF = 0 and ON = 1): Allow Remote Administrator = 0, Network Clients = 0, Transaction Manager Communication:  Allow Inbound Transactions = 0, Allow Outbound Transactions = 0, Transaction Internet Protocol (TIP) = 0,  Enable XA Transactions = 0,  Enable SNA LU 6.2 Transactions = 1,  MSDTC Communications Security = Mutual Authentication Required, Account = NT AUTHORITY\NetworkService,  Firewall Exclusion Detected = 0 Transaction Bridge Installed = 0 Filtering Duplicate Events = 1"
Information,11/13/2021 3:28:48 PM,edgeupdate,0,None,Service stopped.
Information,11/13/2021 3:27:39 PM,Microsoft-Windows-WMI,5617,None,Windows Management Instrumentation Service subsystems initialized successfully
Information,11/13/2021 3:27:24 PM,Microsoft-Windows-Winlogon,6000,None,The winlogon notification subscriber <SessionEnv> was unavailable to handle a notification event.
Information,11/13/2021 3:27:15 PM,Microsoft-Windows-Winlogon,6003,None,The winlogon notification subscriber <SessionEnv> was unavailable to handle a critical notification event.
Information,11/13/2021 3:26:48 PM,FreeSSHDService,0,None,The operation completed successfully. 
Information,11/13/2021 3:26:35 PM,Microsoft-Windows-WMI,5615,None,Windows Management Instrumentation Service started sucessfully
Information,11/13/2021 3:26:19 PM,Microsoft-Windows-User Profiles Service,1531,None,"The User Profile Service has started successfully.  

"
Information,11/13/2021 3:26:20 PM,Desktop Window Manager,9027,None,The Desktop Window Manager has registered the session port.
Information,11/13/2021 3:25:05 PM,Microsoft-Windows-User Profiles Service,1532,None,"The User Profile Service has stopped.  

"
Information,11/13/2021 3:25:04 PM,Microsoft-Windows-MSDTC,4111,SVC,The MS DTC service is stopping.
Information,11/13/2021 3:24:57 PM,Microsoft-Windows-Winlogon,6000,None,The winlogon notification subscriber <SessionEnv> was unavailable to handle a notification event.
Information,11/13/2021 3:24:57 PM,Microsoft-Windows-Winlogon,6000,None,The winlogon notification subscriber <WSearch> was unavailable to handle a notification event.
Information,11/13/2021 2:59:05 PM,VSS,8224,None,The VSS service is shutting down due to idle timeout. 
Information,11/13/2021 2:55:51 PM,Microsoft-Windows-Security-SPP,16384,None,Successfully scheduled Software Protection service for re-start at 2121-10-20T22:55:51Z. Reason: RulesEngine.
Information,11/13/2021 2:55:08 PM,Microsoft-Windows-Security-SPP,16394,None,Offline downlevel migration succeeded.
Information,11/13/2021 2:50:24 PM,edgeupdate,0,None,Service stopped.
Information,11/13/2021 1:54:00 PM,FreeSSHDService,0,None,The operation completed successfully. 
Information,11/13/2021 1:53:53 PM,Windows Error Reporting,1001,None,"Fault bucket 1381394808496579641, type 5
Event Name: MpTelemetry
Response: Not available
Cab Id: 0

Problem signature:
P1: 0x8050a003
P2: ValidateUpdate
P3: AM FE
P4: 1.1.18500.10,1.1.18700.4,1.353.953.0
P5: mpsigstub.exe
P6: 4.18.2104.5
P7: Microsoft Windows Defender (RS1+)
P8: 
P9: 
P10: 

Attached files:
\\?\C:\Windows\SERVIC~1\NETWOR~1\AppData\Local\Temp\MpSigStub.log
\\?\C:\Windows\SERVIC~1\NETWOR~1\AppData\Local\Temp\FD49AAAC-31D4-4CA3-A10E-E72088E29B06MPTelemetrySubmit\client_manifest.txt
\\?\C:\ProgramData\Microsoft\Windows\WER\Temp\WER.47260be4-6764-4a72-901c-36983f1b56bd.tmp.WERInternalMetadata.xml
\\?\C:\ProgramData\Microsoft\Windows\WER\Temp\WER.7f34a0e4-6683-4471-b407-6eec43dd650a.tmp.xml
\\?\C:\ProgramData\Microsoft\Windows\WER\Temp\WER.bc9514b5-63f6-4804-8e05-765f669be7ea.tmp.csv
\\?\C:\ProgramData\Microsoft\Windows\WER\Temp\WER.94ae09d9-e792-4282-9665-111947c6387d.tmp.txt

These files may be available here:
\\?\C:\ProgramData\Microsoft\Windows\WER\ReportArchive\NonCritical_0x8050a003_5a6efa51e7a9d96b37229cb3eea7eba9e50d2d1_00000000_ee1acc93-a005-4b05-a5a6-b8580386272c

Analysis symbol: 
Rechecking for solution: 0
Report Id: ee1acc93-a005-4b05-a5a6-b8580386272c
Report Status: 268435456
Hashed bucket: 126c7b5139dd583bf32bb3426701e439
Cab Guid: 0"
Information,11/13/2021 1:52:46 PM,VSS,8224,None,The VSS service is shutting down due to idle timeout. 
Information,11/13/2021 1:52:32 PM,FreeSSHDService,0,None,The operation completed successfully. 
Information,11/13/2021 1:49:49 PM,FreeSSHDService,0,None,The operation completed successfully. 
Information,11/13/2021 1:47:11 PM,FreeSSHDService,0,None,The operation completed successfully. 
Information,11/13/2021 1:44:46 PM,Microsoft-Windows-Security-SPP,16384,None,Successfully scheduled Software Protection service for re-start at 2121-10-20T21:44:45Z. Reason: RulesEngine.
Information,11/13/2021 1:44:14 PM,Microsoft-Windows-Security-SPP,16394,None,Offline downlevel migration succeeded.
Information,11/13/2021 1:44:04 PM,Microsoft-Windows-CAPI2,4097,None,"Successful auto update of third-party root certificate:: Subject: <CN=AddTrust External CA Root, OU=AddTrust External TTP Network, O=AddTrust AB, C=SE> Sha1 thumbprint: <02FAF3E291435468607857694DF5E45B68851868>."
Information,11/13/2021 1:43:54 PM,Microsoft-Windows-CAPI2,4097,None,"Successful auto update of third-party root certificate:: Subject: <CN=Certum Trusted Network CA, OU=Certum Certification Authority, O=Unizeto Technologies S.A., C=PL> Sha1 thumbprint: <07E032E020B72C3F192F0628A2593A19A70F069E>."
Information,11/13/2021 1:43:54 PM,Microsoft-Windows-CAPI2,4097,None,"Successful auto update of third-party root certificate:: Subject: <CN=Certum CA, O=Unizeto Sp. z o.o., C=PL> Sha1 thumbprint: <6252DC40F71143A22FDE9EF7348E064251B18118>."
Information,11/13/2021 1:42:58 PM,Microsoft-Windows-CAPI2,4097,None,"Successful auto update of third-party root certificate:: Subject: <CN=DigiCert High Assurance EV Root CA, OU=www.digicert.com, O=DigiCert Inc, C=US> Sha1 thumbprint: <5FB7EE0633E259DBAD0C4C9AE6D38F1A61C7DC25>."
Information,11/13/2021 1:42:58 PM,Microsoft-Windows-CAPI2,4111,None,"Successful auto update of third-party root list with effective date: ‎Monday, ‎October ‎18, ‎2021 12:14:37 PM."
Information,11/13/2021 1:40:37 PM,Microsoft-Windows-Security-SPP,16384,None,Successfully scheduled Software Protection service for re-start at 2121-10-20T21:40:37Z. Reason: RulesEngine.
Information,11/13/2021 1:40:06 PM,Microsoft-Windows-Security-SPP,16394,None,Offline downlevel migration succeeded.
Information,11/13/2021 1:39:54 PM,Microsoft-Windows-LoadPerf,1000,None,Performance counters for the WmiApRpl (WmiApRpl) service were loaded successfully. The Record Data in the data section contains the new index values assigned to this service.
Information,11/13/2021 1:39:53 PM,Microsoft-Windows-LoadPerf,1001,None,Performance counters for the WmiApRpl (WmiApRpl) service were removed successfully. The Record Data contains the new values of the system Last Counter and Last Help registry entries.
Information,11/13/2021 1:39:39 PM,Microsoft-Windows-Security-SPP,16384,None,Successfully scheduled Software Protection service for re-start at 2121-10-20T21:39:38Z. Reason: RulesEngine.
Information,11/13/2021 1:38:43 PM,Microsoft-Windows-Security-SPP,16394,None,Offline downlevel migration succeeded.
Information,11/13/2021 1:38:36 PM,Microsoft-Windows-Security-SPP,16384,None,Successfully scheduled Software Protection service for re-start at 2121-10-20T21:38:36Z. Reason: RulesEngine.
Information,11/13/2021 1:37:36 PM,Microsoft-Windows-Security-SPP,16394,None,Offline downlevel migration succeeded.
Information,11/13/2021 1:36:54 PM,Microsoft-Windows-Security-SPP,16384,None,Successfully scheduled Software Protection service for re-start at 2121-10-20T21:36:53Z. Reason: RulesEngine.
Information,11/13/2021 1:36:23 PM,Microsoft-Windows-Security-SPP,16394,None,Offline downlevel migration succeeded.
Information,11/13/2021 1:36:23 PM,Microsoft-Windows-Security-SPP,900,None,"The Software Protection service is starting.
Parameters:<explicit>"
Information,11/13/2021 1:35:41 PM,Microsoft-Windows-MSDTC 2,4202,TM,"MSDTC started with the following settings: Security Configuration (OFF = 0 and ON = 1): Allow Remote Administrator = 0, Network Clients = 0, Transaction Manager Communication:  Allow Inbound Transactions = 0, Allow Outbound Transactions = 0, Transaction Internet Protocol (TIP) = 0,  Enable XA Transactions = 0,  Enable SNA LU 6.2 Transactions = 1,  MSDTC Communications Security = Mutual Authentication Required, Account = NT AUTHORITY\NetworkService,  Firewall Exclusion Detected = 0 Transaction Bridge Installed = 0 Filtering Duplicate Events = 1"
Information,11/13/2021 1:35:11 PM,edgeupdate,0,None,Service stopped.
