Level,Date and Time,Source,Event ID,Task Category
Information,12/12/2021 5:23:01 AM,Microsoft-Windows-CAPI2,4097,None,"Successful auto update of third-party root certificate:: Subject: <CN=USERTrust RSA Certification Authority, O=The USERTRUST Network, L=Jersey City, S=New Jersey, C=US> Sha1 thumbprint: <2B8F1B57330DBBA2D07A6C51F70EE90DDAB9AD8E>."
Information,12/12/2021 5:22:55 AM,Windows Error Reporting,1001,None,"Fault bucket 1264707974604967206, type 5
Event Name: RADAR_PRE_LEAK_64
Response: Not available
Cab Id: 0

Problem signature:
P1: PRTG Server.exe
P2: 21.4.73.1656
P3: 10.0.20348.2.0.0
P4: 
P5: 
P6: 
P7: 
P8: 
P9: 
P10: 

Attached files:
\\?\C:\Users\ADMINI~1\AppData\Local\Temp\RDRE370.tmp\empty.txt
\\?\C:\ProgramData\Microsoft\Windows\WER\Temp\WER.4a82f67c-c1dd-43a9-a180-9aa010e7650d.tmp.WERInternalMetadata.xml
\\?\C:\ProgramData\Microsoft\Windows\WER\Temp\WER.8ae82987-070e-4445-8393-7b1ad6b00cac.tmp.xml
\\?\C:\ProgramData\Microsoft\Windows\WER\Temp\WER.d4e5457e-e003-4928-bfbc-cddd40d38ace.tmp.csv
\\?\C:\ProgramData\Microsoft\Windows\WER\Temp\WER.52b25a0a-40f9-4d56-bc69-80b665f431cf.tmp.txt

These files may be available here:


Analysis symbol: 
Rechecking for solution: 0
Report Id: 9c083d6e-da3e-4f85-970f-dceda3605046
Report Status: 268435456
Hashed bucket: 2703c55de4741b8ef18d2533c2eecd26
Cab Guid: 0"
Warning,12/12/2021 5:18:45 AM,Microsoft-Windows-Perflib,1008,None,"The Open procedure for service ""BITS"" in DLL ""C:\Windows\System32\bitsperf.dll"" failed with error code The system cannot find the file specified.. Performance data for this service will not be available."
Information,12/12/2021 5:16:15 AM,PRTG System,0,None,Startup: Starting Core Server: PRTG Network Monitor 21.4.73.1656 x64  ID: -1000
Information,12/12/2021 5:16:09 AM,PRTG System,0,None,Starting 21.4.73.1656
Information,12/12/2021 4:57:03 AM,Microsoft-Windows-CAPI2,4097,None,"Successful auto update of third-party root certificate:: Subject: <CN=GlobalSign, O=GlobalSign, OU=GlobalSign Root CA - R3> Sha1 thumbprint: <D69B561148F01C77C54578C10926DF5B856976AD>."
Information,12/12/2021 4:55:42 AM,Microsoft-Windows-Security-SPP,16384,None,Successfully scheduled Software Protection service for re-start at 2121-11-18T12:55:41Z. Reason: RulesEngine.
Information,12/12/2021 4:55:03 AM,Microsoft-Windows-Security-SPP,16394,None,Offline downlevel migration succeeded.
Information,12/12/2021 4:52:14 AM,edgeupdate,0,None,Service stopped.
Information,12/12/2021 4:48:29 AM,Microsoft-Windows-LoadPerf,1000,None,Performance counters for the WmiApRpl (WmiApRpl) service were loaded successfully. The Record Data in the data section contains the new index values assigned to this service.
Information,12/12/2021 4:48:28 AM,Microsoft-Windows-LoadPerf,1001,None,Performance counters for the WmiApRpl (WmiApRpl) service were removed successfully. The Record Data contains the new values of the system Last Counter and Last Help registry entries.
Information,12/12/2021 4:48:23 AM,Microsoft-Windows-Security-SPP,903,None,"The Software Protection service has stopped.
"
Information,12/12/2021 4:48:23 AM,Microsoft-Windows-Security-SPP,16384,None,Successfully scheduled Software Protection service for re-start at 2121-11-18T12:48:23Z. Reason: RulesEngine.
Information,12/12/2021 4:47:53 AM,Microsoft-Windows-Security-SPP,902,None,"The Software Protection service has started.
10.0.20348.169"
Information,12/12/2021 4:47:52 AM,Microsoft-Windows-Security-SPP,1003,None,"The Software Protection service has completed licensing status check.
Application Id=55c92734-d682-4d71-983e-d6ec3f16059f
Licensing Status=
1: 1ea11e95-b7b5-49f8-b3b8-164805630e84, 1, 1 [(0 [0x00000000, 1, 0], [(?)( 1 0x00000000)(?)( 2 0x00000000 0 0 msft:rm/algorithm/hwid/4.0 0x00000000 0)(?)(?)( 10 0x00000000 msft:rm/algorithm/flags/1.0)(?)])(1 )(2 )(3 )]
2: 22105925-48c3-4ff4-a294-f654bb27e390, 1, 0 [(0 [0xC004F014, 0, 0], [(?)(?)(?)(?)(?)(?)(?)(?)])(1 )(2 )(3 )]
3: 27c4e172-0f4c-4a2d-86f0-ebfd77a583ce, 1, 0 [(0 [0xC004F014, 0, 0], [(?)(?)(?)(?)(?)(?)(?)(?)])(1 )(2 )(3 )]
4: 3f1a0b3b-cefc-48e4-8502-53299ec06146, 1, 0 [(0 [0xC004F014, 0, 0], [(?)(?)(?)(?)(?)(?)(?)(?)])(1 )(2 )(3 )]
5: 661f7658-7035-4b4c-9f35-010682943ec2, 1, 0 [(0 [0xC004F014, 0, 0], [(?)(?)(?)(?)(?)(?)(?)(?)])(1 )(2 )(3 )]
6: 716317e3-9177-41f8-a772-361050bb1b7f, 1, 0 [(0 [0xC004F014, 0, 0], [(?)(?)(?)(?)(?)(?)(?)(?)])(1 )(2 )(3 )]
7: 8f97e374-1be6-46d5-bb24-61f9d6400caf, 1, 0 [(0 [0xC004F014, 0, 0], [(?)(?)(?)(?)(?)(?)(?)(?)])(1 )(2 )(3 )]
8: 929d118a-4950-4d06-9ff1-ecd794f7d740, 1, 0 [(0 [0xC004F014, 0, 0], [(?)(?)(?)(?)(?)(?)(?)(?)])(1 )(2 )(3 )]
9: 9bd77860-9b31-4b7b-96ad-2564017315bf, 1, 0 [(0 [0xC004F014, 0, 0], [(?)(?)(?)(?)(?)(?)(?)(?)])(1 )(2 )(3 )]
10: b1c68fb2-b632-47a2-8719-488cc128b728, 1, 0 [(0 [0xC004F014, 0, 0], [(?)(?)(?)(?)(?)(?)(?)(?)])(1 )(2 )(3 )]
11: ce624156-a391-4585-93f9-7fb37405fbda, 1, 0 [(0 [0xC004F014, 0, 0], [(?)(?)(?)(?)(?)(?)(?)(?)])(1 )(2 )(3 )]
12: e73aabfa-12bc-4705-b551-2dd076bebc7d, 1, 0 [(0 [0xC004F014, 0, 0], [(?)(?)(?)(?)(?)(?)(?)(?)])(1 )(2 )(3 )]
13: ffa0a98f-b13f-4433-91f4-8aff126ed407, 1, 0 [(0 [0xC004F014, 0, 0], [(?)(?)(?)(?)(?)(?)(?)(?)])(1 )(2 )(3 )]

"
Information,12/12/2021 4:47:50 AM,Microsoft-Windows-Security-SPP,1066,None,"Initialization status for service objects.
C:\Windows\system32\sppwinob.dll, msft:spp/windowsfunctionality/agent/7.0, 0x00000000, 0x00000000
C:\Windows\system32\sppobjs.dll, msft:rm/algorithm/inherited/1.0, 0x00000000, 0x00000000
C:\Windows\system32\sppobjs.dll, msft:rm/algorithm/phone/1.0, 0x00000000, 0x00000000
C:\Windows\system32\sppobjs.dll, msft:rm/algorithm/pkey/detect, 0x00000000, 0x00000000
C:\Windows\system32\sppobjs.dll, msft:spp/ActionScheduler/1.0, 0x00000000, 0x00000000
C:\Windows\system32\sppobjs.dll, msft:spp/TaskScheduler/1.0, 0x00000000, 0x00000000
C:\Windows\system32\sppobjs.dll, msft:spp/statecollector/pkey, 0x00000000, 0x00000000
C:\Windows\system32\sppobjs.dll, msft:spp/volume/services/kms/1.0, 0x00000000, 0x00000000
C:\Windows\system32\sppobjs.dll, msft:spp/volume/services/kms/activationinfo/1.0, 0x00000000, 0x00000000
"
Information,12/12/2021 4:47:43 AM,Microsoft-Windows-Security-SPP,16394,None,Offline downlevel migration succeeded.
Information,12/12/2021 4:47:33 AM,Microsoft-Windows-Security-SPP,900,None,"The Software Protection service is starting.
Parameters:<explicit>"
Information,12/12/2021 4:47:05 AM,Microsoft-Windows-MSDTC 2,4202,TM,"MSDTC started with the following settings: Security Configuration (OFF = 0 and ON = 1): Allow Remote Administrator = 0, Network Clients = 0, Transaction Manager Communication:  Allow Inbound Transactions = 0, Allow Outbound Transactions = 0, Transaction Internet Protocol (TIP) = 0,  Enable XA Transactions = 0,  Enable SNA LU 6.2 Transactions = 1,  MSDTC Communications Security = Mutual Authentication Required, Account = NT AUTHORITY\NetworkService,  Firewall Exclusion Detected = 0 Transaction Bridge Installed = 0 Filtering Duplicate Events = 1"
Information,12/12/2021 4:46:57 AM,edgeupdate,0,None,Service stopped.
Information,12/12/2021 4:45:28 AM,Microsoft-Windows-WMI,5617,None,Windows Management Instrumentation Service subsystems initialized successfully
Information,12/12/2021 4:45:08 AM,Microsoft-Windows-WMI,5611,None,The Windows Management Instrumentation service has detected an inconsistent system shutdown.
Information,12/12/2021 1:44:06 PM,Microsoft-Windows-WMI,5615,None,Windows Management Instrumentation Service started sucessfully
Information,12/12/2021 4:44:20 AM,tvnserver,257,None,Service has been started successfully
Information,12/12/2021 1:43:42 PM,Microsoft-Windows-User Profiles Service,1531,None,"The User Profile Service has started successfully.  

"
Error,12/12/2021 1:44:09 PM,VSS,8193,None,"Volume Shadow Copy Service error: Unexpected error calling routine RegOpenKeyExW(-2147483646,SYSTEM\CurrentControlSet\Services\VSS\Diag,...).  hr = 0x80070005, Access is denied.
. 

Operation:
   Initializing Writer

Context:
   Writer Class Id: {e8132975-6f93-4464-a53e-1050253ae220}
   Writer Name: System Writer
   Writer Instance ID: {ca41b640-1b51-4341-a2ff-198e0e53ea8f}"
Information,12/12/2021 4:38:34 AM,VSS,8224,None,The VSS service is shutting down due to idle timeout. 
Information,12/12/2021 4:36:13 AM,Microsoft-Windows-Security-SPP,903,None,"The Software Protection service has stopped.
"
Information,12/12/2021 4:36:13 AM,Microsoft-Windows-Security-SPP,16384,None,Successfully scheduled Software Protection service for re-start at 2121-11-18T12:36:12Z. Reason: RulesEngine.
Information,12/12/2021 4:35:58 AM,Microsoft-Windows-LoadPerf,1000,None,Performance counters for the WmiApRpl (WmiApRpl) service were loaded successfully. The Record Data in the data section contains the new index values assigned to this service.
Information,12/12/2021 4:35:58 AM,Microsoft-Windows-LoadPerf,1001,None,Performance counters for the WmiApRpl (WmiApRpl) service were removed successfully. The Record Data contains the new values of the system Last Counter and Last Help registry entries.
Information,12/12/2021 4:35:42 AM,Microsoft-Windows-Security-SPP,902,None,"The Software Protection service has started.
10.0.20348.169"
Information,12/12/2021 4:35:42 AM,Microsoft-Windows-Security-SPP,1003,None,"The Software Protection service has completed licensing status check.
Application Id=55c92734-d682-4d71-983e-d6ec3f16059f
Licensing Status=
1: 1ea11e95-b7b5-49f8-b3b8-164805630e84, 1, 1 [(0 [0x00000000, 1, 0], [(?)( 1 0x00000000)(?)( 2 0x00000000 0 0 msft:rm/algorithm/hwid/4.0 0x00000000 0)(?)(?)( 10 0x00000000 msft:rm/algorithm/flags/1.0)(?)])(1 )(2 )(3 )]
2: 22105925-48c3-4ff4-a294-f654bb27e390, 1, 0 [(0 [0xC004F014, 0, 0], [(?)(?)(?)(?)(?)(?)(?)(?)])(1 )(2 )(3 )]
3: 27c4e172-0f4c-4a2d-86f0-ebfd77a583ce, 1, 0 [(0 [0xC004F014, 0, 0], [(?)(?)(?)(?)(?)(?)(?)(?)])(1 )(2 )(3 )]
4: 3f1a0b3b-cefc-48e4-8502-53299ec06146, 1, 0 [(0 [0xC004F014, 0, 0], [(?)(?)(?)(?)(?)(?)(?)(?)])(1 )(2 )(3 )]
5: 661f7658-7035-4b4c-9f35-010682943ec2, 1, 0 [(0 [0xC004F014, 0, 0], [(?)(?)(?)(?)(?)(?)(?)(?)])(1 )(2 )(3 )]
6: 716317e3-9177-41f8-a772-361050bb1b7f, 1, 0 [(0 [0xC004F014, 0, 0], [(?)(?)(?)(?)(?)(?)(?)(?)])(1 )(2 )(3 )]
7: 8f97e374-1be6-46d5-bb24-61f9d6400caf, 1, 0 [(0 [0xC004F014, 0, 0], [(?)(?)(?)(?)(?)(?)(?)(?)])(1 )(2 )(3 )]
8: 929d118a-4950-4d06-9ff1-ecd794f7d740, 1, 0 [(0 [0xC004F014, 0, 0], [(?)(?)(?)(?)(?)(?)(?)(?)])(1 )(2 )(3 )]
9: 9bd77860-9b31-4b7b-96ad-2564017315bf, 1, 0 [(0 [0xC004F014, 0, 0], [(?)(?)(?)(?)(?)(?)(?)(?)])(1 )(2 )(3 )]
10: b1c68fb2-b632-47a2-8719-488cc128b728, 1, 0 [(0 [0xC004F014, 0, 0], [(?)(?)(?)(?)(?)(?)(?)(?)])(1 )(2 )(3 )]
11: ce624156-a391-4585-93f9-7fb37405fbda, 1, 0 [(0 [0xC004F014, 0, 0], [(?)(?)(?)(?)(?)(?)(?)(?)])(1 )(2 )(3 )]
12: e73aabfa-12bc-4705-b551-2dd076bebc7d, 1, 0 [(0 [0xC004F014, 0, 0], [(?)(?)(?)(?)(?)(?)(?)(?)])(1 )(2 )(3 )]
13: ffa0a98f-b13f-4433-91f4-8aff126ed407, 1, 0 [(0 [0xC004F014, 0, 0], [(?)(?)(?)(?)(?)(?)(?)(?)])(1 )(2 )(3 )]

"
Information,12/12/2021 4:35:40 AM,Microsoft-Windows-Security-SPP,1066,None,"Initialization status for service objects.
C:\Windows\system32\sppwinob.dll, msft:spp/windowsfunctionality/agent/7.0, 0x00000000, 0x00000000
C:\Windows\system32\sppobjs.dll, msft:rm/algorithm/inherited/1.0, 0x00000000, 0x00000000
C:\Windows\system32\sppobjs.dll, msft:rm/algorithm/phone/1.0, 0x00000000, 0x00000000
C:\Windows\system32\sppobjs.dll, msft:rm/algorithm/pkey/detect, 0x00000000, 0x00000000
C:\Windows\system32\sppobjs.dll, msft:spp/ActionScheduler/1.0, 0x00000000, 0x00000000
C:\Windows\system32\sppobjs.dll, msft:spp/TaskScheduler/1.0, 0x00000000, 0x00000000
C:\Windows\system32\sppobjs.dll, msft:spp/statecollector/pkey, 0x00000000, 0x00000000
C:\Windows\system32\sppobjs.dll, msft:spp/volume/services/kms/1.0, 0x00000000, 0x00000000
C:\Windows\system32\sppobjs.dll, msft:spp/volume/services/kms/activationinfo/1.0, 0x00000000, 0x00000000
"
Information,12/12/2021 4:35:34 AM,Chkdsk,26228,None,"Chkdsk was executed in verify mode on a volume snapshot.  

Checking file system on \Device\HarddiskVolume2
Insufficient storage available to create either the shadow copy storage file or other shadow copy data.

A snapshot error occured while scanning this drive. Run an offline scan and fix.
"
Information,12/12/2021 4:35:30 AM,Chkdsk,26228,None,"Chkdsk was executed in verify mode on a volume snapshot.  

Checking file system on \Device\HarddiskVolume2
Insufficient storage available to create either the shadow copy storage file or other shadow copy data.

A snapshot error occured while scanning this drive. Run an offline scan and fix.
"
Information,12/12/2021 4:35:21 AM,Microsoft-Windows-Security-SPP,16394,None,Offline downlevel migration succeeded.
Information,12/12/2021 4:34:57 AM,Microsoft-Windows-Security-SPP,900,None,"The Software Protection service is starting.
Parameters:<explicit>"
Information,12/12/2021 4:34:09 AM,VSS,8224,None,The VSS service is shutting down due to idle timeout. 
Information,12/12/2021 4:34:08 AM,Microsoft-Windows-MSDTC 2,4202,TM,"MSDTC started with the following settings: Security Configuration (OFF = 0 and ON = 1): Allow Remote Administrator = 0, Network Clients = 0, Transaction Manager Communication:  Allow Inbound Transactions = 0, Allow Outbound Transactions = 0, Transaction Internet Protocol (TIP) = 0,  Enable XA Transactions = 0,  Enable SNA LU 6.2 Transactions = 1,  MSDTC Communications Security = Mutual Authentication Required, Account = NT AUTHORITY\NetworkService,  Firewall Exclusion Detected = 0 Transaction Bridge Installed = 0 Filtering Duplicate Events = 1"
Information,12/12/2021 4:33:51 AM,edgeupdate,0,None,Service stopped.
Information,12/12/2021 4:33:05 AM,Microsoft-Windows-WMI,5617,None,Windows Management Instrumentation Service subsystems initialized successfully
Information,12/12/2021 1:30:39 PM,Microsoft-Windows-WMI,5615,None,Windows Management Instrumentation Service started sucessfully
Information,12/12/2021 4:31:09 AM,Chkdsk,26228,None,"Chkdsk was executed in verify mode on a volume snapshot.  

Checking file system on \Device\HarddiskVolume2
Insufficient storage available to create either the shadow copy storage file or other shadow copy data.

A snapshot error occured while scanning this drive. Run an offline scan and fix.
"
Information,12/12/2021 4:30:51 AM,tvnserver,257,None,Service has been started successfully
Information,12/12/2021 1:30:13 PM,Microsoft-Windows-User Profiles Service,1531,None,"The User Profile Service has started successfully.  

"
Error,12/12/2021 1:30:37 PM,VSS,8193,None,"Volume Shadow Copy Service error: Unexpected error calling routine RegOpenKeyExW(-2147483646,SYSTEM\CurrentControlSet\Services\VSS\Diag,...).  hr = 0x80070005, Access is denied.
. 

Operation:
   Initializing Writer

Context:
   Writer Class Id: {e8132975-6f93-4464-a53e-1050253ae220}
   Writer Name: System Writer
   Writer Instance ID: {78a941b7-d381-4062-a1a9-622935e8b17e}"
Information,12/12/2021 4:22:42 AM,Microsoft-Windows-Security-SPP,16384,None,Successfully scheduled Software Protection service for re-start at 2121-11-18T12:22:42Z. Reason: RulesEngine.
Information,12/12/2021 4:22:12 AM,Microsoft-Windows-Security-SPP,16394,None,Offline downlevel migration succeeded.
Information,12/12/2021 4:17:27 AM,VSS,8224,None,The VSS service is shutting down due to idle timeout. 
Information,12/12/2021 4:16:51 AM,Microsoft-Windows-Security-SPP,16384,None,Successfully scheduled Software Protection service for re-start at 2121-11-18T12:16:51Z. Reason: RulesEngine.
Information,12/12/2021 4:16:20 AM,edgeupdate,0,None,Service stopped.
Information,12/12/2021 4:16:15 AM,Microsoft-Windows-Security-SPP,16394,None,Offline downlevel migration succeeded.
Information,12/12/2021 4:14:28 AM,Microsoft-Windows-Security-SPP,16384,None,Successfully scheduled Software Protection service for re-start at 2121-11-18T12:14:27Z. Reason: RulesEngine.
Information,12/12/2021 4:14:27 AM,Chkdsk,26228,None,"Chkdsk was executed in verify mode on a volume snapshot.  

Checking file system on \Device\HarddiskVolume2
Insufficient storage available to create either the shadow copy storage file or other shadow copy data.

A snapshot error occured while scanning this drive. Run an offline scan and fix.
"
Information,12/12/2021 4:13:36 AM,Microsoft-Windows-Security-SPP,16394,None,Offline downlevel migration succeeded.
Information,12/12/2021 4:13:26 AM,Chkdsk,26228,None,"Chkdsk was executed in verify mode on a volume snapshot.  

Checking file system on \Device\HarddiskVolume2
Insufficient storage available to create either the shadow copy storage file or other shadow copy data.

A snapshot error occured while scanning this drive. Run an offline scan and fix.
"
Information,12/11/2021 2:06:55 PM,Windows Error Reporting,1001,None,"Fault bucket 1243388244606980992, type 5
Event Name: RADAR_PRE_LEAK_64
Response: Not available
Cab Id: 0

Problem signature:
P1: openfire-service.exe
P2: 4.6.5.0
P3: 10.0.20348.2.0.0
P4: 
P5: 
P6: 
P7: 
P8: 
P9: 
P10: 

Attached files:
\\?\C:\Users\ADMINI~1\AppData\Local\Temp\RDR9411.tmp\empty.txt
\\?\C:\ProgramData\Microsoft\Windows\WER\Temp\WER.83e385cc-dfcc-43c4-8398-310b59d194ac.tmp.WERInternalMetadata.xml
\\?\C:\ProgramData\Microsoft\Windows\WER\Temp\WER.63fcf0b4-6eac-4447-bd39-3970b654ffb7.tmp.xml
\\?\C:\ProgramData\Microsoft\Windows\WER\Temp\WER.70cd2fec-38e3-46e5-a061-43fa496f2cab.tmp.csv
\\?\C:\ProgramData\Microsoft\Windows\WER\Temp\WER.1b6fcd09-acd5-4f13-b6de-8c192fe64897.tmp.txt

These files may be available here:


Analysis symbol: 
Rechecking for solution: 0
Report Id: 3878cbca-6da0-4c3d-9e1c-7365a4a5432b
Report Status: 268435456
Hashed bucket: 830ac39dab30fe18e14167054db21380
Cab Guid: 0"
Information,12/11/2021 2:06:51 PM,Chkdsk,26228,None,"Chkdsk was executed in verify mode on a volume snapshot.  

Checking file system on \Device\HarddiskVolume2
Insufficient storage available to create either the shadow copy storage file or other shadow copy data.

A snapshot error occured while scanning this drive. Run an offline scan and fix.
"
Information,12/11/2021 2:06:15 PM,VSS,8224,None,The VSS service is shutting down due to idle timeout. 
Information,12/11/2021 2:03:15 PM,Chkdsk,26228,None,"Chkdsk was executed in verify mode on a volume snapshot.  

Checking file system on \Device\HarddiskVolume2
Insufficient storage available to create either the shadow copy storage file or other shadow copy data.

A snapshot error occured while scanning this drive. Run an offline scan and fix.
"
Information,12/11/2021 1:57:12 PM,VSS,8224,None,The VSS service is shutting down due to idle timeout. 
Information,12/11/2021 1:54:12 PM,Chkdsk,26228,None,"Chkdsk was executed in verify mode on a volume snapshot.  

Checking file system on \Device\HarddiskVolume2
Insufficient storage available to create either the shadow copy storage file or other shadow copy data.

A snapshot error occured while scanning this drive. Run an offline scan and fix.
"
Information,12/11/2021 1:54:03 PM,Chkdsk,26228,None,"Chkdsk was executed in verify mode on a volume snapshot.  

Checking file system on \Device\HarddiskVolume2
Insufficient storage available to create either the shadow copy storage file or other shadow copy data.

A snapshot error occured while scanning this drive. Run an offline scan and fix.
"
Information,12/11/2021 1:54:01 PM,Chkdsk,26228,None,"Chkdsk was executed in verify mode on a volume snapshot.  

Checking file system on \Device\HarddiskVolume2
Insufficient storage available to create either the shadow copy storage file or other shadow copy data.

A snapshot error occured while scanning this drive. Run an offline scan and fix.
"
Information,12/11/2021 1:54:01 PM,Chkdsk,26228,None,"Chkdsk was executed in verify mode on a volume snapshot.  

Checking file system on \Device\HarddiskVolume2
Insufficient storage available to create either the shadow copy storage file or other shadow copy data.

A snapshot error occured while scanning this drive. Run an offline scan and fix.
"
Information,12/11/2021 1:54:01 PM,Chkdsk,26228,None,"Chkdsk was executed in verify mode on a volume snapshot.  

Checking file system on \Device\HarddiskVolume2
Insufficient storage available to create either the shadow copy storage file or other shadow copy data.

A snapshot error occured while scanning this drive. Run an offline scan and fix.
"
Information,12/11/2021 1:54:01 PM,Chkdsk,26228,None,"Chkdsk was executed in verify mode on a volume snapshot.  

Checking file system on \Device\HarddiskVolume2
Insufficient storage available to create either the shadow copy storage file or other shadow copy data.

A snapshot error occured while scanning this drive. Run an offline scan and fix.
"
Information,12/11/2021 1:54:00 PM,Chkdsk,26228,None,"Chkdsk was executed in verify mode on a volume snapshot.  

Checking file system on \Device\HarddiskVolume2
Insufficient storage available to create either the shadow copy storage file or other shadow copy data.

A snapshot error occured while scanning this drive. Run an offline scan and fix.
"
Information,12/11/2021 1:54:00 PM,Chkdsk,26228,None,"Chkdsk was executed in verify mode on a volume snapshot.  

Checking file system on \Device\HarddiskVolume2
Insufficient storage available to create either the shadow copy storage file or other shadow copy data.

A snapshot error occured while scanning this drive. Run an offline scan and fix.
"
Information,12/11/2021 1:54:00 PM,Chkdsk,26228,None,"Chkdsk was executed in verify mode on a volume snapshot.  

Checking file system on \Device\HarddiskVolume2
Insufficient storage available to create either the shadow copy storage file or other shadow copy data.

A snapshot error occured while scanning this drive. Run an offline scan and fix.
"
Information,12/11/2021 1:53:59 PM,Chkdsk,26228,None,"Chkdsk was executed in verify mode on a volume snapshot.  

Checking file system on \Device\HarddiskVolume2
Insufficient storage available to create either the shadow copy storage file or other shadow copy data.

A snapshot error occured while scanning this drive. Run an offline scan and fix.
"
Information,12/11/2021 1:53:59 PM,Chkdsk,26228,None,"Chkdsk was executed in verify mode on a volume snapshot.  

Checking file system on \Device\HarddiskVolume2
Insufficient storage available to create either the shadow copy storage file or other shadow copy data.

A snapshot error occured while scanning this drive. Run an offline scan and fix.
"
Information,12/11/2021 1:53:58 PM,Chkdsk,26228,None,"Chkdsk was executed in verify mode on a volume snapshot.  

Checking file system on \Device\HarddiskVolume2
Insufficient storage available to create either the shadow copy storage file or other shadow copy data.

A snapshot error occured while scanning this drive. Run an offline scan and fix.
"
Information,12/11/2021 1:53:58 PM,Chkdsk,26228,None,"Chkdsk was executed in verify mode on a volume snapshot.  

Checking file system on \Device\HarddiskVolume2
Insufficient storage available to create either the shadow copy storage file or other shadow copy data.

A snapshot error occured while scanning this drive. Run an offline scan and fix.
"
Information,12/11/2021 1:53:58 PM,Chkdsk,26228,None,"Chkdsk was executed in verify mode on a volume snapshot.  

Checking file system on \Device\HarddiskVolume2
Insufficient storage available to create either the shadow copy storage file or other shadow copy data.

A snapshot error occured while scanning this drive. Run an offline scan and fix.
"
Information,12/11/2021 1:53:58 PM,Chkdsk,26228,None,"Chkdsk was executed in verify mode on a volume snapshot.  

Checking file system on \Device\HarddiskVolume2
Insufficient storage available to create either the shadow copy storage file or other shadow copy data.

A snapshot error occured while scanning this drive. Run an offline scan and fix.
"
Information,12/11/2021 1:53:58 PM,Chkdsk,26228,None,"Chkdsk was executed in verify mode on a volume snapshot.  

Checking file system on \Device\HarddiskVolume2
Insufficient storage available to create either the shadow copy storage file or other shadow copy data.

A snapshot error occured while scanning this drive. Run an offline scan and fix.
"
Information,12/11/2021 1:53:57 PM,Chkdsk,26228,None,"Chkdsk was executed in verify mode on a volume snapshot.  

Checking file system on \Device\HarddiskVolume2
Insufficient storage available to create either the shadow copy storage file or other shadow copy data.

A snapshot error occured while scanning this drive. Run an offline scan and fix.
"
Information,12/11/2021 1:53:57 PM,Chkdsk,26228,None,"Chkdsk was executed in verify mode on a volume snapshot.  

Checking file system on \Device\HarddiskVolume2
Insufficient storage available to create either the shadow copy storage file or other shadow copy data.

A snapshot error occured while scanning this drive. Run an offline scan and fix.
"
Information,12/11/2021 1:53:57 PM,Chkdsk,26228,None,"Chkdsk was executed in verify mode on a volume snapshot.  

Checking file system on \Device\HarddiskVolume2
Insufficient storage available to create either the shadow copy storage file or other shadow copy data.

A snapshot error occured while scanning this drive. Run an offline scan and fix.
"
Information,12/11/2021 1:53:56 PM,Chkdsk,26228,None,"Chkdsk was executed in verify mode on a volume snapshot.  

Checking file system on \Device\HarddiskVolume2
Insufficient storage available to create either the shadow copy storage file or other shadow copy data.

A snapshot error occured while scanning this drive. Run an offline scan and fix.
"
Information,12/11/2021 1:53:55 PM,Chkdsk,26228,None,"Chkdsk was executed in verify mode on a volume snapshot.  

Checking file system on \Device\HarddiskVolume2
Insufficient storage available to create either the shadow copy storage file or other shadow copy data.

A snapshot error occured while scanning this drive. Run an offline scan and fix.
"
Information,12/11/2021 1:53:55 PM,Chkdsk,26228,None,"Chkdsk was executed in verify mode on a volume snapshot.  

Checking file system on \Device\HarddiskVolume2
Insufficient storage available to create either the shadow copy storage file or other shadow copy data.

A snapshot error occured while scanning this drive. Run an offline scan and fix.
"
Information,12/11/2021 1:53:52 PM,Chkdsk,26228,None,"Chkdsk was executed in verify mode on a volume snapshot.  

Checking file system on \Device\HarddiskVolume2
Insufficient storage available to create either the shadow copy storage file or other shadow copy data.

A snapshot error occured while scanning this drive. Run an offline scan and fix.
"
Information,12/11/2021 1:53:52 PM,Chkdsk,26228,None,"Chkdsk was executed in verify mode on a volume snapshot.  

Checking file system on \Device\HarddiskVolume2
Insufficient storage available to create either the shadow copy storage file or other shadow copy data.

A snapshot error occured while scanning this drive. Run an offline scan and fix.
"
Information,12/11/2021 1:53:51 PM,Chkdsk,26228,None,"Chkdsk was executed in verify mode on a volume snapshot.  

Checking file system on \Device\HarddiskVolume2
Insufficient storage available to create either the shadow copy storage file or other shadow copy data.

A snapshot error occured while scanning this drive. Run an offline scan and fix.
"
Information,12/11/2021 1:53:51 PM,Chkdsk,26228,None,"Chkdsk was executed in verify mode on a volume snapshot.  

Checking file system on \Device\HarddiskVolume2
Insufficient storage available to create either the shadow copy storage file or other shadow copy data.

A snapshot error occured while scanning this drive. Run an offline scan and fix.
"
Information,12/11/2021 1:53:50 PM,Chkdsk,26228,None,"Chkdsk was executed in verify mode on a volume snapshot.  

Checking file system on \Device\HarddiskVolume2
Insufficient storage available to create either the shadow copy storage file or other shadow copy data.

A snapshot error occured while scanning this drive. Run an offline scan and fix.
"
Information,12/11/2021 1:53:50 PM,Chkdsk,26228,None,"Chkdsk was executed in verify mode on a volume snapshot.  

Checking file system on \Device\HarddiskVolume2
Insufficient storage available to create either the shadow copy storage file or other shadow copy data.

A snapshot error occured while scanning this drive. Run an offline scan and fix.
"
Information,12/11/2021 1:53:50 PM,Chkdsk,26228,None,"Chkdsk was executed in verify mode on a volume snapshot.  

Checking file system on \Device\HarddiskVolume2
Insufficient storage available to create either the shadow copy storage file or other shadow copy data.

A snapshot error occured while scanning this drive. Run an offline scan and fix.
"
Information,12/11/2021 1:53:49 PM,Chkdsk,26228,None,"Chkdsk was executed in verify mode on a volume snapshot.  

Checking file system on \Device\HarddiskVolume2
Insufficient storage available to create either the shadow copy storage file or other shadow copy data.

A snapshot error occured while scanning this drive. Run an offline scan and fix.
"
Information,12/11/2021 1:53:49 PM,Chkdsk,26228,None,"Chkdsk was executed in verify mode on a volume snapshot.  

Checking file system on \Device\HarddiskVolume2
Insufficient storage available to create either the shadow copy storage file or other shadow copy data.

A snapshot error occured while scanning this drive. Run an offline scan and fix.
"
Information,12/11/2021 1:53:42 PM,Chkdsk,26228,None,"Chkdsk was executed in verify mode on a volume snapshot.  

Checking file system on \Device\HarddiskVolume2
Insufficient storage available to create either the shadow copy storage file or other shadow copy data.

A snapshot error occured while scanning this drive. Run an offline scan and fix.
"
Information,12/11/2021 1:53:41 PM,Chkdsk,26228,None,"Chkdsk was executed in verify mode on a volume snapshot.  

Checking file system on \Device\HarddiskVolume2
Insufficient storage available to create either the shadow copy storage file or other shadow copy data.

A snapshot error occured while scanning this drive. Run an offline scan and fix.
"
Information,12/11/2021 1:53:41 PM,Microsoft-Windows-Security-SPP,16384,None,Successfully scheduled Software Protection service for re-start at 2121-11-17T21:53:41Z. Reason: RulesEngine.
Information,12/11/2021 1:53:40 PM,Chkdsk,26228,None,"Chkdsk was executed in verify mode on a volume snapshot.  

Checking file system on \Device\HarddiskVolume2
Insufficient storage available to create either the shadow copy storage file or other shadow copy data.

A snapshot error occured while scanning this drive. Run an offline scan and fix.
"
Information,12/11/2021 1:53:36 PM,Chkdsk,26228,None,"Chkdsk was executed in verify mode on a volume snapshot.  

Checking file system on \Device\HarddiskVolume2
Insufficient storage available to create either the shadow copy storage file or other shadow copy data.

A snapshot error occured while scanning this drive. Run an offline scan and fix.
"
Information,12/11/2021 1:53:35 PM,Chkdsk,26228,None,"Chkdsk was executed in verify mode on a volume snapshot.  

Checking file system on \Device\HarddiskVolume2
Insufficient storage available to create either the shadow copy storage file or other shadow copy data.

A snapshot error occured while scanning this drive. Run an offline scan and fix.
"
Information,12/11/2021 1:53:33 PM,Chkdsk,26228,None,"Chkdsk was executed in verify mode on a volume snapshot.  

Checking file system on \Device\HarddiskVolume2
Insufficient storage available to create either the shadow copy storage file or other shadow copy data.

A snapshot error occured while scanning this drive. Run an offline scan and fix.
"
Information,12/11/2021 1:53:32 PM,Chkdsk,26228,None,"Chkdsk was executed in verify mode on a volume snapshot.  

Checking file system on \Device\HarddiskVolume2
Insufficient storage available to create either the shadow copy storage file or other shadow copy data.

A snapshot error occured while scanning this drive. Run an offline scan and fix.
"
Information,12/11/2021 1:53:29 PM,Chkdsk,26228,None,"Chkdsk was executed in verify mode on a volume snapshot.  

Checking file system on \Device\HarddiskVolume2
Insufficient storage available to create either the shadow copy storage file or other shadow copy data.

A snapshot error occured while scanning this drive. Run an offline scan and fix.
"
Information,12/11/2021 1:53:28 PM,Chkdsk,26228,None,"Chkdsk was executed in verify mode on a volume snapshot.  

Checking file system on \Device\HarddiskVolume2
Insufficient storage available to create either the shadow copy storage file or other shadow copy data.

A snapshot error occured while scanning this drive. Run an offline scan and fix.
"
Information,12/11/2021 1:53:27 PM,Chkdsk,26228,None,"Chkdsk was executed in verify mode on a volume snapshot.  

Checking file system on \Device\HarddiskVolume2
Insufficient storage available to create either the shadow copy storage file or other shadow copy data.

A snapshot error occured while scanning this drive. Run an offline scan and fix.
"
Information,12/11/2021 1:53:27 PM,Chkdsk,26228,None,"Chkdsk was executed in verify mode on a volume snapshot.  

Checking file system on \Device\HarddiskVolume2
Insufficient storage available to create either the shadow copy storage file or other shadow copy data.

A snapshot error occured while scanning this drive. Run an offline scan and fix.
"
Information,12/11/2021 1:53:26 PM,Chkdsk,26228,None,"Chkdsk was executed in verify mode on a volume snapshot.  

Checking file system on \Device\HarddiskVolume2
Insufficient storage available to create either the shadow copy storage file or other shadow copy data.

A snapshot error occured while scanning this drive. Run an offline scan and fix.
"
Information,12/11/2021 1:53:25 PM,Chkdsk,26228,None,"Chkdsk was executed in verify mode on a volume snapshot.  

Checking file system on \Device\HarddiskVolume2
Insufficient storage available to create either the shadow copy storage file or other shadow copy data.

A snapshot error occured while scanning this drive. Run an offline scan and fix.
"
Information,12/11/2021 1:53:25 PM,Chkdsk,26228,None,"Chkdsk was executed in verify mode on a volume snapshot.  

Checking file system on \Device\HarddiskVolume2
Insufficient storage available to create either the shadow copy storage file or other shadow copy data.

A snapshot error occured while scanning this drive. Run an offline scan and fix.
"
Information,12/11/2021 1:53:24 PM,Chkdsk,26228,None,"Chkdsk was executed in verify mode on a volume snapshot.  

Checking file system on \Device\HarddiskVolume2
Insufficient storage available to create either the shadow copy storage file or other shadow copy data.

A snapshot error occured while scanning this drive. Run an offline scan and fix.
"
Information,12/11/2021 1:53:23 PM,Chkdsk,26228,None,"Chkdsk was executed in verify mode on a volume snapshot.  

Checking file system on \Device\HarddiskVolume2
Insufficient storage available to create either the shadow copy storage file or other shadow copy data.

A snapshot error occured while scanning this drive. Run an offline scan and fix.
"
Information,12/11/2021 1:53:23 PM,Chkdsk,26228,None,"Chkdsk was executed in verify mode on a volume snapshot.  

Checking file system on \Device\HarddiskVolume2
Insufficient storage available to create either the shadow copy storage file or other shadow copy data.

A snapshot error occured while scanning this drive. Run an offline scan and fix.
"
Information,12/11/2021 1:53:22 PM,Chkdsk,26228,None,"Chkdsk was executed in verify mode on a volume snapshot.  

Checking file system on \Device\HarddiskVolume2
Insufficient storage available to create either the shadow copy storage file or other shadow copy data.

A snapshot error occured while scanning this drive. Run an offline scan and fix.
"
Information,12/11/2021 1:53:22 PM,Chkdsk,26228,None,"Chkdsk was executed in verify mode on a volume snapshot.  

Checking file system on \Device\HarddiskVolume2
Insufficient storage available to create either the shadow copy storage file or other shadow copy data.

A snapshot error occured while scanning this drive. Run an offline scan and fix.
"
Information,12/11/2021 1:53:22 PM,Chkdsk,26228,None,"Chkdsk was executed in verify mode on a volume snapshot.  

Checking file system on \Device\HarddiskVolume2
Insufficient storage available to create either the shadow copy storage file or other shadow copy data.

A snapshot error occured while scanning this drive. Run an offline scan and fix.
"
Information,12/11/2021 1:53:21 PM,Chkdsk,26228,None,"Chkdsk was executed in verify mode on a volume snapshot.  

Checking file system on \Device\HarddiskVolume2
Insufficient storage available to create either the shadow copy storage file or other shadow copy data.

A snapshot error occured while scanning this drive. Run an offline scan and fix.
"
Information,12/11/2021 1:53:21 PM,Chkdsk,26228,None,"Chkdsk was executed in verify mode on a volume snapshot.  

Checking file system on \Device\HarddiskVolume2
Insufficient storage available to create either the shadow copy storage file or other shadow copy data.

A snapshot error occured while scanning this drive. Run an offline scan and fix.
"
Information,12/11/2021 1:53:20 PM,Chkdsk,26228,None,"Chkdsk was executed in verify mode on a volume snapshot.  

Checking file system on \Device\HarddiskVolume2
Insufficient storage available to create either the shadow copy storage file or other shadow copy data.

A snapshot error occured while scanning this drive. Run an offline scan and fix.
"
Information,12/11/2021 1:53:18 PM,Windows Error Reporting,1001,None,"Fault bucket 2094705082965511732, type 5
Event Name: WindowsWcpOtherFailure3
Response: Not available
Cab Id: 0

Problem signature:
P1: 10.0.20348.169:3
P2: wcp\sil\ntsystem.cpp
P3: Windows::Rtl::SystemImplementation::DirectFileSystemProvider::SysCreateFile
P4: 2823
P5: c0000102
P6: 0x6a0c0a76
P7: 
P8: 
P9: 
P10: 

Attached files:
\\?\C:\ProgramData\Microsoft\Windows\WER\Temp\WER.504bad7f-0aea-4e1e-8fa1-703201286588.tmp.WERInternalMetadata.xml

These files may be available here:
\\?\C:\ProgramData\Microsoft\Windows\WER\ReportArchive\Critical_10.0.20348.169_3_5e11f3e6615a6c70f5cf7b37d55efaa4aa6924c_00000000_e1848acf-6747-4d18-b926-c1872cd682e9

Analysis symbol: 
Rechecking for solution: 0
Report Id: e1848acf-6747-4d18-b926-c1872cd682e9
Report Status: 268435456
Hashed bucket: 3cb12740f9202a653d11e32cbb5d4e34
Cab Guid: 0"
Information,12/11/2021 1:53:16 PM,Windows Error Reporting,1001,None,"Fault bucket , type 0
Event Name: WindowsWcpOtherFailure3
Response: Not available
Cab Id: 0

Problem signature:
P1: 10.0.20348.169:3
P2: wcp\sil\ntsystem.cpp
P3: Windows::Rtl::SystemImplementation::DirectFileSystemProvider::SysCreateFile
P4: 2823
P5: c0000102
P6: 0x6a0c0a76
P7: 
P8: 
P9: 
P10: 

Attached files:
\\?\C:\Windows\Logs\CBS\CBS.log
\\?\C:\Windows\Logs\CBS\CbsPersist_20211113225437.cab
\\?\C:\Windows\Logs\CBS\CbsPersist_20211113213743.cab
\\?\C:\Windows\Logs\CBS\CbsPersist_20211002121559.cab
\\?\C:\Windows\servicing\Sessions\Sessions.xml
\\?\C:\Windows\Logs\Cbs\FilterList.log

These files may be available here:


Analysis symbol: 
Rechecking for solution: 0
Report Id: e1848acf-6747-4d18-b926-c1872cd682e9
Report Status: 262148
Hashed bucket: 
Cab Guid: 0"
Information,12/11/2021 1:53:16 PM,Windows Error Reporting,1001,None,"Fault bucket , type 0
Event Name: WindowsWcpOtherFailure3
Response: Not available
Cab Id: 0

Problem signature:
P1: 10.0.20348.169:3
P2: wcp\sil\ntsystem.cpp
P3: Windows::Rtl::SystemImplementation::DirectFileSystemProvider::SysCreateFile
P4: 2823
P5: c0000102
P6: 0x6a0c0a76
P7: 
P8: 
P9: 
P10: 

Attached files:

These files may be available here:
\\?\C:\ProgramData\Microsoft\Windows\WER\ReportQueue\Critical_10.0.20348.169_3_5e11f3e6615a6c70f5cf7b37d55efaa4aa6924c_00000000_e1848acf-6747-4d18-b926-c1872cd682e9

Analysis symbol: 
Rechecking for solution: 0
Report Id: e1848acf-6747-4d18-b926-c1872cd682e9
Report Status: 4
Hashed bucket: 
Cab Guid: 0"
Information,12/11/2021 1:53:14 PM,Chkdsk,26228,None,"Chkdsk was executed in verify mode on a volume snapshot.  

Checking file system on \Device\HarddiskVolume2
Insufficient storage available to create either the shadow copy storage file or other shadow copy data.

A snapshot error occured while scanning this drive. Run an offline scan and fix.
"
Information,12/11/2021 1:53:11 PM,Microsoft-Windows-Security-SPP,16394,None,Offline downlevel migration succeeded.
Information,12/11/2021 1:52:02 PM,VSS,8224,None,The VSS service is shutting down due to idle timeout. 
Information,12/11/2021 1:49:02 PM,Chkdsk,26228,None,"Chkdsk was executed in verify mode on a volume snapshot.  

Checking file system on \Device\HarddiskVolume2

Examining 1 corruption record ...

Record 1 of 1: Corrupt File ""<0xf,0x6cc6>"" ... no corruption found.

1 corruption record processed in 0.1 seconds.

Windows has examined the list of previously identified potential issues and found no problems.
No further action is required.
"
Information,12/11/2021 1:48:39 PM,Microsoft-Windows-Security-SPP,16384,None,Successfully scheduled Software Protection service for re-start at 2121-11-17T21:48:39Z. Reason: RulesEngine.
Information,12/11/2021 1:48:03 PM,Microsoft-Windows-Security-SPP,16394,None,Offline downlevel migration succeeded.
Information,12/11/2021 1:47:58 PM,Microsoft-Windows-Security-SPP,16384,None,Successfully scheduled Software Protection service for re-start at 2121-11-17T21:47:56Z. Reason: RulesEngine.
Information,12/11/2021 1:47:42 PM,Chkdsk,26228,None,"Chkdsk was executed in verify mode on a volume snapshot.  

Checking file system on \Device\HarddiskVolume2

Examining 5 corruption records ...

Record 1 of 5: Corrupt File ""<0x2,0x6c07>"" ... no corruption found.

Record 2 of 5: Corrupt File ""<0x2,0x6c09>"" ... no corruption found.

Record 3 of 5: Corrupt File ""<0x3,0x6c40>"" ... no corruption found.

Record 4 of 5: Corrupt File ""<0x2,0x6c0d>"" ... no corruption found.

Record 5 of 5: Corrupt File ""<0x2,0x6c23>"" ... no corruption found.

5 corruption records processed in 0.1 seconds.

Windows has examined the list of previously identified potential issues and found no problems.
No further action is required.
"
Information,12/11/2021 1:47:37 PM,Windows Error Reporting,1001,None,"Fault bucket 1466636225595259768, type 5
Event Name: MpTelemetry
Response: Not available
Cab Id: 0

Problem signature:
P1: 0x8050a003
P2: ValidateUpdate
P3: AM BDE
P4: 1.1.18500.10,1.1.18800.4,1.355.99.0
P5: mpsigstub.exe
P6: 4.18.2110.6
P7: Microsoft Windows Defender (RS1+)
P8: 
P9: 
P10: 

Attached files:
\\?\C:\Windows\SERVIC~1\NETWOR~1\AppData\Local\Temp\MpSigStub.log
\\?\C:\Windows\SERVIC~1\NETWOR~1\AppData\Local\Temp\5D8913EC-57F9-44A2-B721-11AA83D432A0MPTelemetrySubmit\client_manifest.txt
\\?\C:\ProgramData\Microsoft\Windows\WER\Temp\WER.da833679-3996-462f-8f3c-feb98a71f42d.tmp.WERInternalMetadata.xml
\\?\C:\ProgramData\Microsoft\Windows\WER\Temp\WER.47be0f1a-8a73-49f7-878c-db3a23c04aa4.tmp.xml
\\?\C:\ProgramData\Microsoft\Windows\WER\Temp\WER.f3e530d4-7701-448c-913e-c0727c8e6b48.tmp.csv
\\?\C:\ProgramData\Microsoft\Windows\WER\Temp\WER.9b00b566-93b7-49cd-b86b-8bf13d2a9b0f.tmp.txt

These files may be available here:
\\?\C:\ProgramData\Microsoft\Windows\WER\ReportArchive\NonCritical_0x8050a003_8e662e88121199cf331683e3af5849e24e814_00000000_ee731b40-bf8a-40d1-bb22-4e585245ee3f

Analysis symbol: 
Rechecking for solution: 0
Report Id: ee731b40-bf8a-40d1-bb22-4e585245ee3f
Report Status: 268435456
Hashed bucket: 3a8af9426b5ad03b245a89e069533b78
Cab Guid: 0"
Information,12/11/2021 1:47:25 PM,Microsoft-Windows-Security-SPP,16394,None,Offline downlevel migration succeeded.
Information,12/11/2021 1:46:47 PM,Chkdsk,26228,None,"Chkdsk was executed in verify mode on a volume snapshot.  

Checking file system on \Device\HarddiskVolume2

Examining 1 corruption record ...

Record 1 of 1: Corrupt File ""<0x8,0x6c0f>"" ... no corruption found.

1 corruption record processed in 0.1 seconds.

Windows has examined the list of previously identified potential issues and found no problems.
No further action is required.
"
Information,12/11/2021 1:46:26 PM,edgeupdate,0,None,Service stopped.
Information,12/11/2021 1:46:17 PM,Chkdsk,26228,None,"Chkdsk was executed in verify mode on a volume snapshot.  

Checking file system on \Device\HarddiskVolume2

Examining 5 corruption records ...

Record 1 of 5: Corrupt File ""<0x4,0x6f24>"" ... no corruption found.

Record 2 of 5: Corrupt File ""<0x7,0x6c9c>"" ... no corruption found.

Record 3 of 5: Corrupt File ""<0x7,0x6ca1>"" ... no corruption found.

Record 4 of 5: Corrupt File ""<0x7,0x6ca4>"" ... no corruption found.

Record 5 of 5: Corrupt File ""<0xa,0x6cab>"" ... no corruption found.

5 corruption records processed in 0.4 seconds.

Windows has examined the list of previously identified potential issues and found no problems.
No further action is required.
"
Information,12/11/2021 1:46:07 PM,Chkdsk,26228,None,"Chkdsk was executed in verify mode on a volume snapshot.  

Checking file system on \Device\HarddiskVolume2

Examining 1 corruption record ...

Record 1 of 1: Corrupt File ""<0x1,0x6f1e>"" ... no corruption found.

1 corruption record processed in 0.1 seconds.

Windows has examined the list of previously identified potential issues and found no problems.
No further action is required.
"
Information,12/11/2021 1:41:13 PM,Microsoft-Windows-Winlogon,1002,None,The shell stopped unexpectedly and explorer.exe was restarted.
Information,12/11/2021 1:35:51 PM,Microsoft-Windows-Security-SPP,16384,None,Successfully scheduled Software Protection service for re-start at 2121-11-17T21:35:25Z. Reason: RulesEngine.
Information,12/11/2021 1:34:28 PM,Microsoft-Windows-Security-SPP,16394,None,Offline downlevel migration succeeded.
Warning,12/11/2021 1:33:41 PM,ESENT,508,Performance,"svchost (520,D,73) A request to write to the file ""C:\Windows\system32\dhcp\backup\temp\dhcp.mdb"" at offset 0 (0x0000000000000000) for 1048576 (0x00100000) bytes succeeded, but took an abnormally long time (16 seconds) to be serviced by the OS. This problem is likely due to faulty hardware. Please contact your hardware vendor for further assistance diagnosing the problem."
Information,11/17/2021 8:52:26 AM,Microsoft-Windows-Security-SPP,16384,None,Successfully scheduled Software Protection service for re-start at 2121-10-24T16:52:23Z. Reason: RulesEngine.
Information,11/17/2021 8:51:53 AM,Microsoft-Windows-Security-SPP,16394,None,Offline downlevel migration succeeded.
Information,11/17/2021 8:51:45 AM,Microsoft-Windows-Security-SPP,16384,None,Successfully scheduled Software Protection service for re-start at 2121-10-24T16:51:44Z. Reason: RulesEngine.
Information,11/17/2021 8:50:59 AM,Microsoft-Windows-Security-SPP,16394,None,Offline downlevel migration succeeded.
Information,11/17/2021 8:49:17 AM,Microsoft-Windows-CAPI2,4097,None,"Successful auto update of third-party root certificate:: Subject: <CN=T-TeleSec GlobalRoot Class 2, OU=T-Systems Trust Center, O=T-Systems Enterprise Services GmbH, C=DE> Sha1 thumbprint: <590D2D7D884F402E617EA562321765CF17D894E9>."
Information,11/17/2021 8:46:50 AM,VSS,8224,None,The VSS service is shutting down due to idle timeout. 
Information,11/17/2021 8:44:24 AM,Microsoft-Windows-Security-SPP,16384,None,Successfully scheduled Software Protection service for re-start at 2121-10-24T16:44:23Z. Reason: RulesEngine.
Information,11/17/2021 8:44:09 AM,edgeupdate,0,None,Service stopped.
Information,11/17/2021 8:43:50 AM,Chkdsk,26228,None,"Chkdsk was executed in verify mode on a volume snapshot.  

Checking file system on \Device\HarddiskVolume2

Examining 1 corruption record ...

Record 1 of 1: Corrupt File ""<0x1,0x6d22>"" ... no corruption found.

1 corruption record processed in 0.1 seconds.

Windows has examined the list of previously identified potential issues and found no problems.
No further action is required.
"
Information,11/17/2021 1:57:45 AM,Microsoft-Windows-Security-SPP,16394,None,Offline downlevel migration succeeded.
Information,11/15/2021 5:37:43 PM,Microsoft-Windows-Security-SPP,16384,None,Successfully scheduled Software Protection service for re-start at 2121-10-23T01:37:43Z. Reason: RulesEngine.
Information,11/15/2021 5:37:12 PM,Microsoft-Windows-Security-SPP,16394,None,Offline downlevel migration succeeded.
Information,11/15/2021 5:37:11 PM,edgeupdate,0,None,Service stopped.
Information,11/15/2021 5:36:47 PM,Chkdsk,26228,None,"Chkdsk was executed in verify mode on a volume snapshot.  

Checking file system on \Device\HarddiskVolume2

Examining 1 corruption record ...

Record 1 of 1: Corrupt File ""<0x3,0x6d7e>"" ... no corruption found.

1 corruption record processed in 0.1 seconds.

Windows has examined the list of previously identified potential issues and found no problems.
No further action is required.
"
Information,11/15/2021 5:36:46 PM,Microsoft-Windows-Security-SPP,16384,None,Successfully scheduled Software Protection service for re-start at 2121-10-23T01:36:43Z. Reason: RulesEngine.
