Information,10/2/2021 4:44:01 AM,Microsoft-Windows-Security-SPP,1004,None,"The Software Protection service has successfully installed the license.
License Title=Windows(R) UL oob License (Private)
License Id=ba6a8d5f-049e-452b-bc36-288b5462ddfd"
Information,10/2/2021 4:44:01 AM,Microsoft-Windows-Security-SPP,1004,None,"The Software Protection service has successfully installed the license.
License Title=Windows(R) UL oob License (Public)
License Id=2b46cdef-cc6e-476e-b57a-342395a4c1df"
Information,10/2/2021 4:44:01 AM,Microsoft-Windows-Security-SPP,1004,None,"The Software Protection service has successfully installed the license.
License Title=Windows(R) Publishing License (Private)
License Id=18d0114f-6c2c-4355-b426-5b587beb52a0"
Information,10/2/2021 4:44:01 AM,Microsoft-Windows-Security-SPP,1004,None,"The Software Protection service has successfully installed the license.
License Title=Windows(R) Publishing License (Public)
License Id=6fd55f77-3bdb-40dd-955f-b624ce5b92b2"
Information,10/2/2021 4:44:01 AM,Microsoft-Windows-Security-SPP,1004,None,"The Software Protection service has successfully installed the license.
License Title=Windows(R) UL store License (Private)
License Id=0a77dd71-fdf5-4004-a4d4-a770c1b7de54"
Information,10/2/2021 4:44:01 AM,Microsoft-Windows-Security-SPP,1004,None,"The Software Protection service has successfully installed the license.
License Title=Windows(R) UL store License (Public)
License Id=79e58845-36e9-4f19-bf41-a24fde7442aa"
Information,10/2/2021 4:44:00 AM,Microsoft-Windows-Security-SPP,1004,None,"The Software Protection service has successfully installed the license.
License Title=Windows(R) UL phone License (Private)
License Id=75097f72-9d2f-458f-895e-f3ce985972ac"
Information,10/2/2021 4:44:00 AM,Microsoft-Windows-Security-SPP,1004,None,"The Software Protection service has successfully installed the license.
License Title=Windows(R) UL phone License (Public)
License Id=40da7823-941a-4f45-afbd-38431550836d"
Information,10/2/2021 4:44:00 AM,Microsoft-Windows-Security-SPP,1004,None,"The Software Protection service has successfully installed the license.
License Title=Windows(R) UL oob License (Private)
License Id=f9b02f81-6dcc-44a3-a617-8790e32d661a"
Information,10/2/2021 4:44:00 AM,Microsoft-Windows-Security-SPP,1004,None,"The Software Protection service has successfully installed the license.
License Title=Windows(R) UL oob License (Public)
License Id=aaff70d8-5e58-424b-bb12-aa294d28a781"
Information,10/2/2021 4:44:00 AM,Microsoft-Windows-Security-SPP,1004,None,"The Software Protection service has successfully installed the license.
License Title=Windows(R) Publishing License (Private)
License Id=9c9cdef1-a4a1-4106-9958-bdbeee9bc661"
Information,10/2/2021 4:44:00 AM,Microsoft-Windows-Security-SPP,1004,None,"The Software Protection service has successfully installed the license.
License Title=Windows(R) Publishing License (Public)
License Id=3ef1335a-50ef-417e-9dd1-41ced3c7fbef"
Information,10/2/2021 4:44:00 AM,Microsoft-Windows-Security-SPP,1004,None,"The Software Protection service has successfully installed the license.
License Title=Windows(R) ServerStandard Product PPD License
License Id=2a249026-8aab-92f0-99e5-adaa3672a4ce"
Information,10/2/2021 4:44:00 AM,Microsoft-Windows-Security-SPP,1004,None,"The Software Protection service has successfully installed the license.
License Title=Windows(R) UL oem License (Private)
License Id=5d3695c1-445a-4df8-8b55-df9960e8b3bb"
Information,10/2/2021 4:44:00 AM,Microsoft-Windows-Security-SPP,1004,None,"The Software Protection service has successfully installed the license.
License Title=Windows(R) UL oem License (Public)
License Id=ea0c4458-9b08-475b-ac61-66d413c852a2"
Information,10/2/2021 4:44:00 AM,Microsoft-Windows-Security-SPP,1004,None,"The Software Protection service has successfully installed the license.
License Title=Windows(R) UL oob License (Private)
License Id=240e5821-82cb-4385-9075-5636f71ad12a"
Information,10/2/2021 4:44:00 AM,Microsoft-Windows-Security-SPP,1004,None,"The Software Protection service has successfully installed the license.
License Title=Windows(R) UL oob License (Public)
License Id=66bb1b3c-3d43-4737-83d5-c96f3880fb77"
Information,10/2/2021 4:44:00 AM,Microsoft-Windows-Security-SPP,1004,None,"The Software Protection service has successfully installed the license.
License Title=Windows(R) UL oem License (Private)
License Id=755b6584-dbbe-4c7f-9612-346d3c99f5cd"
Information,10/2/2021 4:44:00 AM,Microsoft-Windows-Security-SPP,1004,None,"The Software Protection service has successfully installed the license.
License Title=Windows(R) UL oem License (Public)
License Id=519c5c0e-d23c-40d3-80fe-b3330c0e27d1"
Information,10/2/2021 4:44:00 AM,Microsoft-Windows-Security-SPP,1004,None,"The Software Protection service has successfully installed the license.
License Title=Windows(R) UL oob License (Private)
License Id=a08f4492-12be-4d2f-8c12-72cc91aca714"
Information,10/2/2021 4:44:00 AM,Microsoft-Windows-Security-SPP,1004,None,"The Software Protection service has successfully installed the license.
License Title=Windows(R) UL oob License (Public)
License Id=1c49ff6e-54a8-4b4d-b80b-23305451fa71"
Information,10/2/2021 4:44:00 AM,Microsoft-Windows-Security-SPP,1004,None,"The Software Protection service has successfully installed the license.
License Title=Windows(R) UL store License (Private)
License Id=f3e6bea9-ef47-4bab-8500-40577d15768d"
Information,10/2/2021 4:44:00 AM,Microsoft-Windows-Security-SPP,1004,None,"The Software Protection service has successfully installed the license.
License Title=Windows(R) UL store License (Public)
License Id=b18efb86-ab5a-4289-a078-4932350e6a69"
Information,10/2/2021 4:44:00 AM,Microsoft-Windows-Security-SPP,1004,None,"The Software Protection service has successfully installed the license.
License Title=Windows(R) UL phone License (Private)
License Id=ab1fe5e9-5023-4c61-a08f-ad5b47414792"
Information,10/2/2021 4:44:00 AM,Microsoft-Windows-Security-SPP,1004,None,"The Software Protection service has successfully installed the license.
License Title=Windows(R) UL phone License (Public)
License Id=9154a2aa-fde2-4392-9470-4d0278817660"
Information,10/2/2021 4:44:00 AM,Microsoft-Windows-Security-SPP,1004,None,"The Software Protection service has successfully installed the license.
License Title=Windows(R) UL oob License (Private)
License Id=b3f6b4cf-013b-40fd-bd9d-381e0a4267c4"
Information,10/2/2021 4:44:00 AM,Microsoft-Windows-Security-SPP,1004,None,"The Software Protection service has successfully installed the license.
License Title=Windows(R) UL oob License (Public)
License Id=7ca7b4bf-48bf-49e6-9e36-b4118243837a"
Information,10/2/2021 4:44:00 AM,Microsoft-Windows-Security-SPP,1004,None,"The Software Protection service has successfully installed the license.
License Title=Windows(R) Publishing License (Private)
License Id=ca8bf28b-9523-4214-9b06-325b89bde134"
Information,10/2/2021 4:44:00 AM,Microsoft-Windows-Security-SPP,1004,None,"The Software Protection service has successfully installed the license.
License Title=Windows(R) Publishing License (Public)
License Id=c7962477-16b7-4eb1-8d4a-cb67f89b541f"
Information,10/2/2021 4:44:00 AM,Microsoft-Windows-Security-SPP,1004,None,"The Software Protection service has successfully installed the license.
License Title=Windows(R) UL store License (Private)
License Id=c534ca9f-15dd-44e7-ae62-ed55d41f4dd2"
Information,10/2/2021 4:44:00 AM,Microsoft-Windows-Security-SPP,1004,None,"The Software Protection service has successfully installed the license.
License Title=Windows(R) UL store License (Public)
License Id=32931f09-6151-48d0-8978-8d6bd5c24b44"
Information,10/2/2021 4:44:00 AM,Microsoft-Windows-Security-SPP,1004,None,"The Software Protection service has successfully installed the license.
License Title=Windows(R) UL phone License (Private)
License Id=1d8c14b6-4f02-4c02-b440-2c3b2ffd2188"
Information,10/2/2021 4:44:00 AM,Microsoft-Windows-Security-SPP,1004,None,"The Software Protection service has successfully installed the license.
License Title=Windows(R) UL phone License (Public)
License Id=98b63eb8-99dd-479d-bf97-9fece8dc7a4f"
Information,10/2/2021 4:44:00 AM,Microsoft-Windows-Security-SPP,1004,None,"The Software Protection service has successfully installed the license.
License Title=Windows(R) UL oob License (Private)
License Id=433917ad-3ea0-44aa-a833-a3b5becc5ead"
Information,10/2/2021 4:44:00 AM,Microsoft-Windows-Security-SPP,1004,None,"The Software Protection service has successfully installed the license.
License Title=Windows(R) UL oob License (Public)
License Id=3a996dea-d5de-4561-8cd9-9328a5b7d1c3"
Information,10/2/2021 4:43:59 AM,Microsoft-Windows-Security-SPP,1004,None,"The Software Protection service has successfully installed the license.
License Title=Windows(R) Publishing License (Private)
License Id=e804ea77-07ec-4828-a969-9f08949213fc"
Information,10/2/2021 4:43:59 AM,Microsoft-Windows-Security-SPP,1004,None,"The Software Protection service has successfully installed the license.
License Title=Windows(R) Publishing License (Public)
License Id=dfa4e16b-de7d-48cf-a5cf-491de3e9376e"
Information,10/2/2021 4:43:59 AM,Microsoft-Windows-Security-SPP,1004,None,"The Software Protection service has successfully installed the license.
License Title=Windows(R) UL store License (Private)
License Id=587b1f33-4f29-421d-a8b2-7be8ef6d4c90"
Information,10/2/2021 4:43:59 AM,Microsoft-Windows-Security-SPP,1004,None,"The Software Protection service has successfully installed the license.
License Title=Windows(R) UL store License (Public)
License Id=bcdefeef-7be9-4f4e-aa5b-4d2cdae8ea50"
Information,10/2/2021 4:43:59 AM,Microsoft-Windows-Security-SPP,1004,None,"The Software Protection service has successfully installed the license.
License Title=Windows(R) UL phone License (Private)
License Id=ffc9f18e-06aa-4e71-bb0a-1ff08abf664f"
Information,10/2/2021 4:43:59 AM,Microsoft-Windows-Security-SPP,1004,None,"The Software Protection service has successfully installed the license.
License Title=Windows(R) UL phone License (Public)
License Id=3ad52dee-7d9b-4711-879e-18d8aa501e3d"
Information,10/2/2021 4:43:59 AM,Microsoft-Windows-Security-SPP,1004,None,"The Software Protection service has successfully installed the license.
License Title=Windows(R) UL oob License (Private)
License Id=6c631e08-a765-42c3-8cf8-e4bc95d3d9d7"
Information,10/2/2021 4:43:59 AM,Microsoft-Windows-Security-SPP,1004,None,"The Software Protection service has successfully installed the license.
License Title=Windows(R) UL oob License (Public)
License Id=77d025e0-230a-4310-9945-ff26c005243d"
Information,10/2/2021 4:43:59 AM,Microsoft-Windows-Security-SPP,1004,None,"The Software Protection service has successfully installed the license.
License Title=Windows(R) Publishing License (Private)
License Id=7852dbb4-70dc-4a80-becb-b2ef0020272d"
Information,10/2/2021 4:43:59 AM,Microsoft-Windows-Security-SPP,1004,None,"The Software Protection service has successfully installed the license.
License Title=Windows(R) Publishing License (Public)
License Id=82ce8307-0a7c-450d-98dc-8b7181c20520"
Information,10/2/2021 4:43:59 AM,Microsoft-Windows-Security-SPP,1004,None,"The Software Protection service has successfully installed the license.
License Title=Windows(R) UL store License (Private)
License Id=6b7f45cb-43c4-4014-bb2e-d918b5b06c7d"
Information,10/2/2021 4:43:59 AM,Microsoft-Windows-Security-SPP,1004,None,"The Software Protection service has successfully installed the license.
License Title=Windows(R) UL store License (Public)
License Id=1e1df3b3-6f59-4fbd-a6ff-e00cd314f131"
Information,10/2/2021 4:43:59 AM,Microsoft-Windows-Security-SPP,1004,None,"The Software Protection service has successfully installed the license.
License Title=Windows(R) UL phone License (Private)
License Id=9568c300-26dc-4bce-a310-8340871fafda"
Information,10/2/2021 4:43:59 AM,Microsoft-Windows-Security-SPP,1004,None,"The Software Protection service has successfully installed the license.
License Title=Windows(R) UL phone License (Public)
License Id=2beb2104-6206-4359-a081-76ce1985d0dc"
Information,10/2/2021 4:43:59 AM,Microsoft-Windows-Security-SPP,1004,None,"The Software Protection service has successfully installed the license.
License Title=Windows(R) UL oob License (Private)
License Id=03293276-00c9-4f88-82df-f98967bb5353"
Information,10/2/2021 4:43:59 AM,Microsoft-Windows-Security-SPP,1004,None,"The Software Protection service has successfully installed the license.
License Title=Windows(R) UL oob License (Public)
License Id=805c024b-b478-4fc8-9f3a-9fab24dc463c"
Information,10/2/2021 4:43:59 AM,Microsoft-Windows-Security-SPP,1004,None,"The Software Protection service has successfully installed the license.
License Title=Windows(R) Publishing License (Private)
License Id=7d48c785-3af2-4651-bc8d-486d2c09670e"
Information,10/2/2021 4:43:59 AM,Microsoft-Windows-Security-SPP,1004,None,"The Software Protection service has successfully installed the license.
License Title=Windows(R) Publishing License (Public)
License Id=ccac3981-d950-4c92-91bd-d1a0c70f113a"
Information,10/2/2021 4:43:59 AM,Microsoft-Windows-Security-SPP,1004,None,"The Software Protection service has successfully installed the license.
License Title=DefaultPpd-ServerStandard Component PPD License
License Id=d6639c0c-34e5-af2b-e1d3-b866188a3849"
Information,10/2/2021 4:43:59 AM,Microsoft-Windows-Security-SPP,1004,None,"The Software Protection service has successfully installed the license.
License Title=DefaultPpd-csvlk-pack Component PPD License
License Id=cf87d272-7158-05ce-7df4-689302c3bfd9"
Information,10/2/2021 4:43:59 AM,Microsoft-Windows-Security-SPP,1004,None,"The Software Protection service has successfully installed the license.
License Title=Windows(R) UL store License (Private)
License Id=a566d3f5-4436-4242-8f45-0c889f53274c"
Information,10/2/2021 4:43:59 AM,Microsoft-Windows-Security-SPP,1004,None,"The Software Protection service has successfully installed the license.
License Title=Windows(R) UL store License (Public)
License Id=6453fd60-af34-4298-b734-6036fc8e1cc1"
Information,10/2/2021 4:43:59 AM,Microsoft-Windows-Security-SPP,1004,None,"The Software Protection service has successfully installed the license.
License Title=Windows(R) UL phone License (Private)
License Id=e1897ad2-5ff6-47a9-b9c1-60f4ae52f7b6"
Information,10/2/2021 4:43:59 AM,Microsoft-Windows-Security-SPP,1004,None,"The Software Protection service has successfully installed the license.
License Title=Windows(R) UL phone License (Public)
License Id=ab282852-1dbd-421d-8d39-0fa9cf0db22f"
Information,10/2/2021 4:43:59 AM,Microsoft-Windows-Security-SPP,1004,None,"The Software Protection service has successfully installed the license.
License Title=Windows(R) UL oob License (Private)
License Id=86d64954-9e15-416f-bda3-5d7d8450f509"
Information,10/2/2021 4:43:59 AM,Microsoft-Windows-Security-SPP,1004,None,"The Software Protection service has successfully installed the license.
License Title=Windows(R) UL oob License (Public)
License Id=c9b86cd2-07d4-490a-91cd-e68a521b127c"
Information,10/2/2021 4:43:59 AM,Microsoft-Windows-Security-SPP,1004,None,"The Software Protection service has successfully installed the license.
License Title=Windows(R) Publishing License (Private)
License Id=415ee139-4e84-42cc-b05d-b174385fc322"
Information,10/2/2021 4:43:59 AM,Microsoft-Windows-Security-SPP,1004,None,"The Software Protection service has successfully installed the license.
License Title=Windows(R) Publishing License (Public)
License Id=92d27726-cc5a-46f4-b8ec-2ccd7c91fd0a"
Information,10/2/2021 4:43:59 AM,Microsoft-Windows-Security-SPP,1004,None,"The Software Protection service has successfully installed the license.
License Title=Windows(R) UL store License (Private)
License Id=c9e7ceb6-daa6-4330-bc0e-d06e20469167"
Information,10/2/2021 4:43:59 AM,Microsoft-Windows-Security-SPP,1004,None,"The Software Protection service has successfully installed the license.
License Title=Windows(R) UL store License (Public)
License Id=a55f7717-f793-4f7f-82ef-c3564fe79dd8"
Information,10/2/2021 4:43:58 AM,Microsoft-Windows-Security-SPP,1004,None,"The Software Protection service has successfully installed the license.
License Title=Windows(R) UL phone License (Private)
License Id=a165c9a1-b6b7-4a14-9e5b-990be8ceb028"
Information,10/2/2021 4:43:58 AM,Microsoft-Windows-Security-SPP,1004,None,"The Software Protection service has successfully installed the license.
License Title=Windows(R) UL phone License (Public)
License Id=26c658d0-a38d-4b6c-ad62-12fc0607f289"
Information,10/2/2021 4:43:58 AM,Microsoft-Windows-Security-SPP,1004,None,"The Software Protection service has successfully installed the license.
License Title=Windows(R) UL oob License (Private)
License Id=e2d33a83-72ab-4a43-b516-f2ef484e4b3f"
Information,10/2/2021 4:43:58 AM,Microsoft-Windows-Security-SPP,1004,None,"The Software Protection service has successfully installed the license.
License Title=Windows(R) UL oob License (Public)
License Id=d5ed7deb-fc50-4f03-8031-fc15076f84f5"
Information,10/2/2021 4:43:58 AM,Microsoft-Windows-Security-SPP,1004,None,"The Software Protection service has successfully installed the license.
License Title=Windows(R) Publishing License (Private)
License Id=62223a34-4dff-46a6-8535-15534ab0c99a"
Information,10/2/2021 4:43:58 AM,Microsoft-Windows-Security-SPP,1004,None,"The Software Protection service has successfully installed the license.
License Title=Windows(R) Publishing License (Public)
License Id=242041b0-7fa9-4ca8-9ecb-d7f7ae841d91"
Information,10/2/2021 4:43:58 AM,Microsoft-Windows-Security-SPP,1004,None,"The Software Protection service has successfully installed the license.
License Title=Windows(R) UL store License (Private)
License Id=bedbceb7-4f3e-4d04-97a5-eb79178a3371"
Information,10/2/2021 4:43:58 AM,Microsoft-Windows-Security-SPP,1004,None,"The Software Protection service has successfully installed the license.
License Title=Windows(R) UL store License (Public)
License Id=f35fc419-8cba-4a70-a20e-cb0aaa548e38"
Information,10/2/2021 4:43:58 AM,Microsoft-Windows-Security-SPP,1004,None,"The Software Protection service has successfully installed the license.
License Title=Windows(R) UL phone License (Private)
License Id=6fcae1a7-1930-4296-b8ef-2d0994751e4e"
Information,10/2/2021 4:43:58 AM,Microsoft-Windows-Security-SPP,1004,None,"The Software Protection service has successfully installed the license.
License Title=Windows(R) UL phone License (Public)
License Id=dfed9b71-ca6a-4eff-beea-07e26089c17b"
Information,10/2/2021 4:43:58 AM,Microsoft-Windows-Security-SPP,1004,None,"The Software Protection service has successfully installed the license.
License Title=Windows(R) UL oob License (Private)
License Id=c41872f8-8bfd-4786-839e-7ef18bf1878b"
Information,10/2/2021 4:43:58 AM,Microsoft-Windows-Security-SPP,1004,None,"The Software Protection service has successfully installed the license.
License Title=Windows(R) UL oob License (Public)
License Id=1f2cb790-6bab-4890-9ce2-767eaea74388"
Information,10/2/2021 4:43:58 AM,Microsoft-Windows-Security-SPP,1004,None,"The Software Protection service has successfully installed the license.
License Title=Windows(R) Publishing License (Private)
License Id=ba123247-b564-4942-be95-4929c26b40d7"
Information,10/2/2021 4:43:58 AM,Microsoft-Windows-Security-SPP,1004,None,"The Software Protection service has successfully installed the license.
License Title=Windows(R) Publishing License (Public)
License Id=73138997-9087-48ba-999e-bfeb6c51c6fc"
Information,10/2/2021 4:43:58 AM,Microsoft-Windows-Security-SPP,1004,None,"The Software Protection service has successfully installed the license.
License Title=Windows(R) UL store License (Private)
License Id=45b637cd-1e1c-4ceb-897e-cbf8dc26a0b2"
Information,10/2/2021 4:43:58 AM,Microsoft-Windows-Security-SPP,1004,None,"The Software Protection service has successfully installed the license.
License Title=Windows(R) UL store License (Public)
License Id=458c6d52-9c92-40c0-b82b-de6594da4c09"
Information,10/2/2021 4:43:58 AM,Microsoft-Windows-Security-SPP,1004,None,"The Software Protection service has successfully installed the license.
License Title=Windows(R) UL phone License (Private)
License Id=2587bba9-4ff2-4ce1-83dd-c2852824fc5b"
Information,10/2/2021 4:43:58 AM,Microsoft-Windows-Security-SPP,1004,None,"The Software Protection service has successfully installed the license.
License Title=Windows(R) UL phone License (Public)
License Id=63fef1f8-6e05-48db-9c85-7cb2dbce64c9"
Information,10/2/2021 4:43:58 AM,Microsoft-Windows-Security-SPP,1004,None,"The Software Protection service has successfully installed the license.
License Title=Windows(R) UL oob License (Private)
License Id=1565e945-5a8c-478e-a060-c8e5b7c46a3b"
Information,10/2/2021 4:43:58 AM,Microsoft-Windows-Security-SPP,1004,None,"The Software Protection service has successfully installed the license.
License Title=Windows(R) UL oob License (Public)
License Id=b44675a3-f37c-4323-887f-714d95b3ae58"
Information,10/2/2021 4:43:58 AM,Microsoft-Windows-Security-SPP,1004,None,"The Software Protection service has successfully installed the license.
License Title=Windows(R) Publishing License (Private)
License Id=577c6860-392f-445d-a2b9-e2d856c73c53"
Information,10/2/2021 4:43:58 AM,Microsoft-Windows-Security-SPP,1004,None,"The Software Protection service has successfully installed the license.
License Title=Windows(R) Publishing License (Public)
License Id=8cb21bea-93aa-429a-8b41-42cabf1efde9"
Information,10/2/2021 4:43:58 AM,Microsoft-Windows-Security-SPP,1004,None,"The Software Protection service has successfully installed the license.
License Title=Windows(R) UL store License (Private)
License Id=fc21ddc2-d142-4731-835c-5df088bb48cd"
Information,10/2/2021 4:43:58 AM,Microsoft-Windows-Security-SPP,1004,None,"The Software Protection service has successfully installed the license.
License Title=Windows(R) UL store License (Public)
License Id=f39bb3e2-81dc-47eb-830d-d1d32e94416f"
Information,10/2/2021 4:43:58 AM,Microsoft-Windows-Security-SPP,1004,None,"The Software Protection service has successfully installed the license.
License Title=Windows(R) UL phone License (Private)
License Id=393dc983-c2ab-412c-ae14-0f5e6f6735a0"
Information,10/2/2021 4:43:58 AM,Microsoft-Windows-Security-SPP,1004,None,"The Software Protection service has successfully installed the license.
License Title=Windows(R) UL phone License (Public)
License Id=841e6862-b007-45d8-8b68-5296af51ef9e"
Information,10/2/2021 4:43:57 AM,Microsoft-Windows-Security-SPP,1004,None,"The Software Protection service has successfully installed the license.
License Title=Windows(R) UL oob License (Private)
License Id=07cc2efb-badd-4e01-bd35-e31fad487e9e"
Information,10/2/2021 4:43:57 AM,Microsoft-Windows-Security-SPP,1004,None,"The Software Protection service has successfully installed the license.
License Title=Windows(R) UL oob License (Public)
License Id=224014c7-435d-45a3-89b6-aa906590b392"
Information,10/2/2021 4:43:57 AM,Microsoft-Windows-Security-SPP,1004,None,"The Software Protection service has successfully installed the license.
License Title=Windows(R) Publishing License (Private)
License Id=952aec1a-df39-49e1-82de-572c7684e70d"
Information,10/2/2021 4:43:57 AM,Microsoft-Windows-Security-SPP,1004,None,"The Software Protection service has successfully installed the license.
License Title=Windows(R) Publishing License (Public)
License Id=c9508ac1-076f-45b4-a675-9512187f1baa"
Information,10/2/2021 4:43:57 AM,Microsoft-Windows-Security-SPP,1004,None,"The Software Protection service has successfully installed the license.
License Title=Windows(R) UL store License (Private)
License Id=7c770f20-bcbb-444b-b589-ba774e164deb"
Information,10/2/2021 4:43:57 AM,Microsoft-Windows-Security-SPP,1004,None,"The Software Protection service has successfully installed the license.
License Title=Windows(R) UL store License (Public)
License Id=c0c8d4ff-b4c6-48a6-b39c-a04a5aa89308"
Information,10/2/2021 4:43:57 AM,Microsoft-Windows-Security-SPP,1004,None,"The Software Protection service has successfully installed the license.
License Title=Windows(R) UL phone License (Private)
License Id=8261135e-b9e5-4cd7-b18c-41cb555cdbe0"
Information,10/2/2021 4:43:57 AM,Microsoft-Windows-Security-SPP,1004,None,"The Software Protection service has successfully installed the license.
License Title=Windows(R) UL phone License (Public)
License Id=6dae0fbf-47a2-4c27-8f28-7794c4646b97"
Information,10/2/2021 4:43:57 AM,Microsoft-Windows-Security-SPP,1004,None,"The Software Protection service has successfully installed the license.
License Title=Windows(R) UL oob License (Private)
License Id=60b86de2-5880-4270-8d05-8830c988bd25"
Information,10/2/2021 4:43:57 AM,Microsoft-Windows-Security-SPP,1004,None,"The Software Protection service has successfully installed the license.
License Title=Windows(R) UL oob License (Public)
License Id=1ad14a92-beec-4a76-89db-8780398bb1e4"
Information,10/2/2021 4:43:57 AM,Microsoft-Windows-Security-SPP,1004,None,"The Software Protection service has successfully installed the license.
License Title=Windows(R) Publishing License (Private)
License Id=32e2ae23-5ee0-4eb7-8113-51c558c99efd"
Information,10/2/2021 4:43:57 AM,Microsoft-Windows-Security-SPP,1004,None,"The Software Protection service has successfully installed the license.
License Title=Windows(R) Publishing License (Public)
License Id=8d857803-bd27-43d4-9554-8505cf79602b"
Information,10/2/2021 4:43:57 AM,Microsoft-Windows-Security-SPP,1004,None,"The Software Protection service has successfully installed the license.
License Title=Windows(R) UL store License (Private)
License Id=5002d3b6-7004-4c2b-a457-21c8985fc533"
Information,10/2/2021 4:43:57 AM,Microsoft-Windows-Security-SPP,1004,None,"The Software Protection service has successfully installed the license.
License Title=Windows(R) UL store License (Public)
License Id=d0e97a8e-c4f8-4258-854f-00ef5d47fd15"
Information,10/2/2021 4:43:57 AM,Microsoft-Windows-Security-SPP,1004,None,"The Software Protection service has successfully installed the license.
License Title=Windows(R) UL phone License (Private)
License Id=1efbf210-d950-4b46-adb2-b50f692876a6"
Information,10/2/2021 4:43:57 AM,Microsoft-Windows-Security-SPP,1004,None,"The Software Protection service has successfully installed the license.
License Title=Windows(R) UL phone License (Public)
License Id=02c2c80a-4266-410d-93d3-a643ea2cd919"
Information,10/2/2021 4:43:57 AM,Microsoft-Windows-Security-SPP,1004,None,"The Software Protection service has successfully installed the license.
License Title=Windows(R) UL oob License (Private)
License Id=dfd466f2-7331-4ddb-acf6-bedf72b6c9c3"
Information,10/2/2021 4:43:57 AM,Microsoft-Windows-Security-SPP,1004,None,"The Software Protection service has successfully installed the license.
License Title=Windows(R) UL oob License (Public)
License Id=3a08dbae-934c-4eda-a1ad-8a7409f652cf"
Information,10/2/2021 4:43:57 AM,Microsoft-Windows-Security-SPP,1004,None,"The Software Protection service has successfully installed the license.
License Title=Windows(R) Publishing License (Private)
License Id=d812b82f-a82c-4d37-ba27-e2e9bcd2995e"
Information,10/2/2021 4:43:57 AM,Microsoft-Windows-Security-SPP,1004,None,"The Software Protection service has successfully installed the license.
License Title=Windows(R) Publishing License (Public)
License Id=ae7c6bad-8b32-445d-8dd3-5065bae77748"
Information,10/2/2021 4:43:57 AM,Microsoft-Windows-Security-SPP,1004,None,"The Software Protection service has successfully installed the license.
License Title=Windows(R) UL store License (Private)
License Id=e0c5a18e-99de-48e2-adf8-be89fd2c105b"
Information,10/2/2021 4:43:57 AM,Microsoft-Windows-Security-SPP,1004,None,"The Software Protection service has successfully installed the license.
License Title=Windows(R) UL store License (Public)
License Id=a9eff327-60cd-4168-88c6-4c6047a5176c"
Information,10/2/2021 4:43:57 AM,Microsoft-Windows-Security-SPP,1004,None,"The Software Protection service has successfully installed the license.
License Title=Windows(R) UL phone License (Private)
License Id=1e6fb102-6d6a-4fb1-a770-afdfc5fc42c3"
Information,10/2/2021 4:43:57 AM,Microsoft-Windows-Security-SPP,1004,None,"The Software Protection service has successfully installed the license.
License Title=Windows(R) UL phone License (Public)
License Id=2f5a60df-7465-478e-8e23-0e53cc34683a"
Information,10/2/2021 4:43:57 AM,Microsoft-Windows-Security-SPP,1004,None,"The Software Protection service has successfully installed the license.
License Title=Windows(R) UL oob License (Private)
License Id=3e9989e8-62d6-4882-962b-980c43a5c7d4"
Information,10/2/2021 4:43:57 AM,Microsoft-Windows-Security-SPP,1004,None,"The Software Protection service has successfully installed the license.
License Title=Windows(R) UL oob License (Public)
License Id=4217495d-2269-4970-919c-9f7498802edb"
Information,10/2/2021 4:43:56 AM,Microsoft-Windows-Security-SPP,1004,None,"The Software Protection service has successfully installed the license.
License Title=Windows(R) Publishing License (Private)
License Id=e7847acb-782c-4a33-b27b-913128bf7527"
Information,10/2/2021 4:43:56 AM,Microsoft-Windows-Security-SPP,1004,None,"The Software Protection service has successfully installed the license.
License Title=Windows(R) Publishing License (Public)
License Id=8afae3fa-4e2c-4488-a11b-04d8ad54a872"
Information,10/2/2021 4:43:56 AM,Microsoft-Windows-Security-SPP,1004,None,"The Software Protection service has successfully installed the license.
License Title=Windows(R) UL store License (Private)
License Id=580f182c-82a7-44b4-a750-9aced8d40589"
Information,10/2/2021 4:43:56 AM,Microsoft-Windows-Security-SPP,1004,None,"The Software Protection service has successfully installed the license.
License Title=Windows(R) UL store License (Public)
License Id=d848deee-77da-483e-8140-653306c89e34"
Information,10/2/2021 4:43:56 AM,Microsoft-Windows-Security-SPP,1004,None,"The Software Protection service has successfully installed the license.
License Title=Windows(R) UL phone License (Private)
License Id=2d34fd9e-a2f1-48f8-85d6-9b0b686832b2"
Information,10/2/2021 4:43:56 AM,Microsoft-Windows-Security-SPP,1004,None,"The Software Protection service has successfully installed the license.
License Title=Windows(R) UL phone License (Public)
License Id=fff397d9-0a70-462c-96b9-0e4460efc25f"
Information,10/2/2021 4:43:56 AM,Microsoft-Windows-Security-SPP,1004,None,"The Software Protection service has successfully installed the license.
License Title=Windows(R) UL oob License (Private)
License Id=ae4923ae-c9c5-46cb-b980-5ab98d92914e"
Information,10/2/2021 4:43:56 AM,Microsoft-Windows-Security-SPP,1004,None,"The Software Protection service has successfully installed the license.
License Title=Windows(R) UL oob License (Public)
License Id=25036c8c-99ee-4899-8253-34de1813ee96"
Information,10/2/2021 4:43:56 AM,Microsoft-Windows-Security-SPP,1004,None,"The Software Protection service has successfully installed the license.
License Title=Windows(R) Publishing License (Private)
License Id=4d07ea0e-e427-408e-9a08-7c86f786a6ea"
Information,10/2/2021 4:43:56 AM,Microsoft-Windows-Security-SPP,1004,None,"The Software Protection service has successfully installed the license.
License Title=Windows(R) Publishing License (Public)
License Id=f6858cb0-1b99-48bc-9735-b27f55d5bd9f"
Information,10/2/2021 4:43:56 AM,Microsoft-Windows-Security-SPP,1004,None,"The Software Protection service has successfully installed the license.
License Title=Windows(R) UL store License (Private)
License Id=accc650f-6ade-4175-b3d2-8da8d4867b58"
Information,10/2/2021 4:43:56 AM,Microsoft-Windows-Security-SPP,1004,None,"The Software Protection service has successfully installed the license.
License Title=Windows(R) UL store License (Public)
License Id=37fd227f-bb10-4c8b-ba66-93cb46da0dd5"
Information,10/2/2021 4:43:56 AM,Microsoft-Windows-Security-SPP,1004,None,"The Software Protection service has successfully installed the license.
License Title=Windows(R) UL phone License (Private)
License Id=33f24d8b-a203-45ba-a5aa-7ffd3a250776"
Information,10/2/2021 4:43:56 AM,Microsoft-Windows-Security-SPP,1004,None,"The Software Protection service has successfully installed the license.
License Title=Windows(R) UL phone License (Public)
License Id=1e5f9e7c-61d3-4316-80d8-ca674e2a03ca"
Information,10/2/2021 4:43:55 AM,Microsoft-Windows-Security-SPP,1004,None,"The Software Protection service has successfully installed the license.
License Title=Windows(R) UL oob License (Private)
License Id=3ad0ee87-ad6e-4e4e-b4fe-b758c85298c4"
Information,10/2/2021 4:43:55 AM,Microsoft-Windows-Security-SPP,1004,None,"The Software Protection service has successfully installed the license.
License Title=Windows(R) UL oob License (Public)
License Id=ac5410be-440a-4f12-902f-77e64733bb72"
Information,10/2/2021 4:43:55 AM,Microsoft-Windows-Security-SPP,1004,None,"The Software Protection service has successfully installed the license.
License Title=Windows(R) Publishing License (Private)
License Id=fa843be4-28d2-4c0e-a0ed-e8b66cc2c49f"
Information,10/2/2021 4:43:55 AM,Microsoft-Windows-Security-SPP,1004,None,"The Software Protection service has successfully installed the license.
License Title=Windows(R) Publishing License (Public)
License Id=c98e36fa-08e9-4cad-b4fc-0369f6c23d48"
Information,10/2/2021 4:43:55 AM,Microsoft-Windows-Security-SPP,1004,None,"The Software Protection service has successfully installed the license.
License Title=Windows(R) csvlk-pack Product PPD License
License Id=c354cf95-648c-b1b3-6e2d-5a239a905988"
Information,10/2/2021 4:43:53 AM,Microsoft-Windows-WMI,5615,None,Windows Management Instrumentation Service started sucessfully
Information,10/2/2021 4:43:55 AM,Microsoft-Windows-Security-SPP,1004,None,"The Software Protection service has successfully installed the license.
License Title=windowsapp Ruleset Data
License Id=1a032e1d-5164-4a23-a256-7d01267aba81"
Information,10/2/2021 4:43:55 AM,Microsoft-Windows-Security-SPP,1004,None,"The Software Protection service has successfully installed the license.
License Title=platformglobal Ruleset Data
License Id=3726cac4-b752-4eb5-9c07-50c143a14c3e"
Information,10/2/2021 4:43:54 AM,Microsoft-Windows-Security-SPP,1004,None,"The Software Protection service has successfully installed the license.
License Title=filteractions Ruleset Data
License Id=26645e13-ef75-455d-8074-35cf37d5180d"
Information,10/2/2021 4:43:54 AM,Microsoft-Windows-Security-SPP,1004,None,"The Software Protection service has successfully installed the license.
License Title=XrML 2.1 License - Product Key Configuration
License Id=06a4dd30-84b7-4fd2-b859-f1eddb0858f5"
Information,10/2/2021 4:43:54 AM,Microsoft-Windows-Security-SPP,1004,None,"The Software Protection service has successfully installed the license.
License Title=XrML 2.1 License - Product Key Configuration
License Id=3b67dd0c-521d-4dbb-8c1a-c75d120fc2fb"
Information,10/2/2021 4:43:54 AM,Microsoft-Windows-Security-SPP,1004,None,"The Software Protection service has successfully installed the license.
License Title=XrML 2.1 License - Product Key Configuration
License Id=71ce6518-3581-46da-948d-083c57061836"
Information,10/2/2021 4:43:53 AM,Microsoft-Windows-Security-SPP,1004,None,"The Software Protection service has successfully installed the license.
License Title=Generic Security Processor Certificate (Public)
License Id=80bedb87-dba9-455b-98c8-a61f025d6a5b"
Information,10/2/2021 4:43:53 AM,Microsoft-Windows-Security-SPP,1004,None,"The Software Protection service has successfully installed the license.
License Title=Generic Security Processor Certificate (Private)
License Id=77ba058e-7d3b-4cbf-be4a-ffe6bb75db60"
Information,10/2/2021 4:43:53 AM,Microsoft-Windows-Security-SPP,1004,None,"The Software Protection service has successfully installed the license.
License Title=Generic Rights Account Certificate (Public)
License Id=0a256b47-0b27-4145-a5b8-79422fb539cc"
Information,10/2/2021 4:43:53 AM,Microsoft-Windows-Security-SPP,1004,None,"The Software Protection service has successfully installed the license.
License Title=Generic Rights Account Certificate (Private)
License Id=bc6f46d3-18d9-46f5-9818-aa00ec832013"
Information,10/2/2021 4:43:53 AM,Microsoft-Windows-Security-SPP,1004,None,"The Software Protection service has successfully installed the license.
License Title=CLIENT-SPC Issuance License
License Id=57d6dc1b-f556-4f5b-935b-3b379fd9dda8"
Information,10/2/2021 4:43:52 AM,Microsoft-Windows-Security-SPP,1004,None,"The Software Protection service has successfully installed the license.
License Title=CLIENT-RAC Issuance License
License Id=95c2c6b8-ea2f-431d-8902-eeafc6376965"
Information,10/2/2021 4:43:52 AM,Microsoft-Windows-Security-SPP,1004,None,"The Software Protection service has successfully installed the license.
License Title=client-issuance-wgalic Issuance License
License Id=770c4fab-e917-4899-a2cc-a76b894d5d3d"
Information,10/2/2021 4:43:52 AM,Microsoft-Windows-Security-SPP,1004,None,"The Software Protection service has successfully installed the license.
License Title=client-issuance-ul Issuance License
License Id=4961cc30-d690-43be-910c-8e2db01fc5ad"
Information,10/2/2021 4:43:52 AM,Microsoft-Windows-Security-SPP,1004,None,"The Software Protection service has successfully installed the license.
License Title=client-issuance-ul-oob Issuance License
License Id=7e3094cf-ce3e-4ed4-8c8c-20c2be1add03"
Information,10/2/2021 4:43:52 AM,Microsoft-Windows-Security-SPP,1004,None,"The Software Protection service has successfully installed the license.
License Title=client-issuance-stil Issuance License
License Id=285583cd-fc43-4806-ace6-d247b7edd434"
Information,10/2/2021 4:43:50 AM,Microsoft-Windows-Security-SPP,1066,None,"Initialization status for service objects.
C:\Windows\system32\sppwinob.dll, msft:spp/windowsfunctionality/agent/7.0, 0x00000000, 0x00000000
C:\Windows\system32\sppobjs.dll, msft:rm/algorithm/inherited/1.0, 0x00000000, 0x00000000
C:\Windows\system32\sppobjs.dll, msft:rm/algorithm/phone/1.0, 0x00000000, 0x00000000
C:\Windows\system32\sppobjs.dll, msft:rm/algorithm/pkey/detect, 0x00000000, 0x00000000
C:\Windows\system32\sppobjs.dll, msft:spp/ActionScheduler/1.0, 0x00000000, 0x00000000
C:\Windows\system32\sppobjs.dll, msft:spp/TaskScheduler/1.0, 0x00000000, 0x00000000
C:\Windows\system32\sppobjs.dll, msft:spp/statecollector/pkey, 0x00000000, 0x00000000
C:\Windows\system32\sppobjs.dll, msft:spp/volume/services/kms/1.0, 0x00000000, 0x00000000
C:\Windows\system32\sppobjs.dll, msft:spp/volume/services/kms/activationinfo/1.0, 0x00000000, 0x00000000
"
Information,10/2/2021 4:43:46 AM,Microsoft-Windows-User Profiles Service,1531,None,"The User Profile Service has started successfully.  

"
Information,10/2/2021 4:43:44 AM,Microsoft-Windows-EventSystem,4625,None,The EventSystem sub system is suppressing duplicate event log entries for a duration of 86400 seconds.  The suppression timeout can be controlled by a REG_DWORD value named SuppressDuplicateDuration under the following registry key: HKLM\Software\Microsoft\EventSystem\EventLog.
Information,10/2/2021 4:42:03 AM,Microsoft-Windows-User Profiles Service,1532,None,"The User Profile Service has stopped.  

"
Information,10/2/2021 4:41:12 AM,Microsoft-Windows-Security-SPP,1004,None,"The Software Protection service has successfully installed the license.
License Title=Windows(R) Publishing License (Private)
License Id=fa843be4-28d2-4c0e-a0ed-e8b66cc2c49f"
Information,10/2/2021 4:41:12 AM,Microsoft-Windows-Security-SPP,1004,None,"The Software Protection service has successfully installed the license.
License Title=Windows(R) Publishing License (Public)
License Id=c98e36fa-08e9-4cad-b4fc-0369f6c23d48"
Information,10/2/2021 4:40:41 AM,Microsoft-Windows-Defrag,258,None,The storage optimizer successfully completed shrink on (C:)
Information,10/2/2021 4:40:30 AM,Microsoft-Windows-Security-SPP,1004,None,"The Software Protection service has successfully installed the license.
License Title=Windows(R) csvlk-pack Product PPD License
License Id=c354cf95-648c-b1b3-6e2d-5a239a905988"
Information,10/2/2021 4:40:15 AM,Microsoft-Windows-Security-SPP,1004,None,"The Software Protection service has successfully installed the license.
License Title=windowsapp Ruleset Data
License Id=1a032e1d-5164-4a23-a256-7d01267aba81"
Information,10/2/2021 1:39:58 PM,Microsoft-Windows-Security-SPP,1004,None,"The Software Protection service has successfully installed the license.
License Title=platformglobal Ruleset Data
License Id=3726cac4-b752-4eb5-9c07-50c143a14c3e"
Information,10/2/2021 1:39:47 PM,Microsoft-Windows-Security-SPP,1004,None,"The Software Protection service has successfully installed the license.
License Title=filteractions Ruleset Data
License Id=26645e13-ef75-455d-8074-35cf37d5180d"
Information,10/2/2021 1:39:38 PM,Microsoft-Windows-Security-SPP,1004,None,"The Software Protection service has successfully installed the license.
License Title=XrML 2.1 License - Product Key Configuration
License Id=06a4dd30-84b7-4fd2-b859-f1eddb0858f5"
Information,10/2/2021 1:39:28 PM,Microsoft-Windows-Security-SPP,1004,None,"The Software Protection service has successfully installed the license.
License Title=XrML 2.1 License - Product Key Configuration
License Id=3b67dd0c-521d-4dbb-8c1a-c75d120fc2fb"
Information,10/2/2021 1:39:28 PM,edgeupdate,0,None,Service stopped.
Information,10/2/2021 1:39:26 PM,Microsoft-Windows-WMI,5617,None,Windows Management Instrumentation Service subsystems initialized successfully
Information,10/2/2021 1:39:14 PM,Microsoft-Windows-Security-SPP,1004,None,"The Software Protection service has successfully installed the license.
License Title=XrML 2.1 License - Product Key Configuration
License Id=71ce6518-3581-46da-948d-083c57061836"
Information,10/2/2021 1:39:04 PM,Microsoft-Windows-WMI,5615,None,Windows Management Instrumentation Service started sucessfully
Information,10/2/2021 1:38:57 PM,Microsoft-Windows-User Profiles Service,1531,None,"The User Profile Service has started successfully.  

"
Information,10/2/2021 1:38:59 PM,Microsoft-Windows-Security-SPP,1004,None,"The Software Protection service has successfully installed the license.
License Title=Generic Security Processor Certificate (Public)
License Id=80bedb87-dba9-455b-98c8-a61f025d6a5b"
