Information,11/15/2021 5:36:07 PM,ESENT,326,General,"svchost (268,D,50) DS_Token_DB: The database engine attached a database (3, C:\Windows\system32\config\systemprofile\AppData\Local\DataSharing\Storage\DSTokenDB2.dat). (Time=0 seconds) 
 
Saved Cache: 1 0 
Additional Data: lgposAttach = 00000002:0005:0268,
dbv = 1568.180.400 (9360) 
 
Internal Timing Sequence: 
[1] 0.000005 +J(0)
[2] 0.001541 -0.000803 (1) WT +J(0) +M(C:0K, Fs:17, WS:4K # 0K, PF:4K # 0K, P:4K)
[3] 0.059753 -0.001187 (6) WT +J(CM:0, PgRf:0, Rd:0/0, Dy:0/0, Lg:3480/2) +M(C:0K, Fs:6, WS:20K # 0K, PF:20K # 0K, P:20K)
[4] 0.045303 +J(0)
[5] -
[6] -
[7] -
[8] 0.000078 +J(CM:0, PgRf:2, Rd:0/0, Dy:0/0, Lg:54/1) +M(C:0K, Fs:1, WS:4K # 0K, PF:20K # 0K, P:20K)
[9] 0.000175 +J(CM:0, PgRf:23, Rd:0/0, Dy:0/0, Lg:0/0) +M(C:0K, Fs:2, WS:8K # 0K, PF:0K # 0K, P:0K)
[10] 0.000054 +J(CM:0, PgRf:40, Rd:0/0, Dy:0/0, Lg:0/0)
[11] 0.000007 +J(CM:0, PgRf:1, Rd:0/0, Dy:0/0, Lg:0/0)
[12] 0.000033 +J(CM:0, PgRf:42, Rd:0/0, Dy:0/0, Lg:0/0)
[13] 0.0 +J(0)
[14] 0.0 +J(0)
[15] 0.000004 +J(CM:0, PgRf:1, Rd:0/0, Dy:0/0, Lg:0/0)."
Information,11/15/2021 5:36:06 PM,ESENT,105,General,"svchost (268,D,0) DS_Token_DB: The database engine started a new instance (1). (Time=7 seconds) 
 
Additional Data:
 lgposV2[] = 00000001:0001:0000 - 00000001:000E:0FE4 - 00000002:0003:0000 - 00000002:0003:0000 (00000000:0000:0000)
cReInits = 1
 
 
Internal Timing Sequence: 
[1] -
[2] -
[3] 0.627258 +J(0) +M(C:0K, Fs:3, WS:12K # 0K, PF:0K # 0K, P:0K)
[4] 0.000138 +J(0) +M(C:0K, Fs:3, WS:12K # 0K, PF:72K # 0K, P:72K)
[5] 0.001230 +J(0) +M(C:0K, Fs:1, WS:4K # 0K, PF:0K # 0K, P:0K)
[6] 0.535755 +J(0) +M(C:0K, Fs:8, WS:32K # 0K, PF:20K # 0K, P:20K)
[7] 0.484671 -0.483556 (2) WT +J(0) +M(C:0K, Fs:16, WS:64K # 0K, PF:64K # 0K, P:64K)
[8] 4.908974 -0.509495 (24) CM -2.805661 (39) WT +J(CM:24, PgRf:334, Rd:0/24, Dy:0/0, Lg:56674/750) +M(C:0K, Fs:100, WS:228K # 0K, PF:180K # 0K, P:180K)
[9] 0.081734 -0.017214 (1) CM -0.076621 (5) WT +J(CM:1, PgRf:62, Rd:7/0, Dy:0/0, Lg:8108/128) +M(C:0K, Fs:12, WS:40K # 0K, PF:0K # 0K, P:0K) + 1 lgens
[10] 0.020905 -0.015031 (1) WT +J(0) +M(C:0K, Fs:0, WS:-60K # 0K, PF:-60K # 0K, P:-60K)
[11] 0.000047 +J(CM:0, PgRf:0, Rd:0/0, Dy:0/0, Lg:49/1) +M(C:0K, Fs:1, WS:4K # 0K, PF:0K # 0K, P:0K)
[12] 0.097242 -0.009293 (2) WT +J(0) +M(C:0K, Fs:1, WS:4K # 0K, PF:0K # 0K, P:0K)
[13] 0.285933 -0.079483 (22) WT +J(CM:0, PgRf:2, Rd:0/0, Dy:0/0, Lg:8759/5) +M(C:0K, Fs:24, WS:-32K # 0K, PF:-32K # 0K, P:-32K)
[14] 0.000019 +J(0)
[15] 0.000011 +J(0)
[16] 0.001136 -0.000163 (1) WT +J(0) +M(C:0K, Fs:2, WS:0K # 0K, PF:0K # 0K, P:0K)."
Information,11/15/2021 5:36:06 PM,ESENT,302,Logging/Recovery,"svchost (268,U,98) DS_Token_DB: The database engine has successfully completed recovery steps."
Information,11/15/2021 5:36:06 PM,ESENT,301,Logging/Recovery,"svchost (268,R,98) DS_Token_DB: The database engine has finished replaying logfile C:\Windows\system32\config\systemprofile\AppData\Local\DataSharing\Storage\DSS.log. 
 
Processing Stats: 
[1] 0.019846 -0.017214 (1) CM -0.017447 (3) WT +J(CM:1, PgRf:62, Rd:0/0, Dy:0/0, Lg:8108/128) +M(C:0K, Fs:4, WS:12K # 0K, PF:0K # 0K, P:0K). 
Log record of type 'Insert   ' was seen most frequently (39 times)"
Information,11/15/2021 5:36:06 PM,ESENT,301,Logging/Recovery,"svchost (268,R,98) DS_Token_DB: The database engine has finished replaying logfile C:\Windows\system32\config\systemprofile\AppData\Local\DataSharing\Storage\DSS00001.log. 
 
Processing Stats: 
[1] 3.694859 -0.509495 (24) CM -1.596616 (36) WT +J(CM:24, PgRf:334, Rd:0/24, Dy:0/0, Lg:56674/750) +M(C:0K, Fs:79, WS:152K # 0K, PF:172K # 0K, P:172K). 
Log record of type 'Insert   ' was seen most frequently (288 times)"
Information,11/15/2021 5:36:02 PM,ESENT,300,Logging/Recovery,"svchost (268,R,98) DS_Token_DB: The database engine is initiating recovery steps."
Information,11/15/2021 5:36:00 PM,ESENT,102,General,"svchost (268,P,98) DS_Token_DB: The database engine (10.00.20348.0000) is starting a new instance (1)."
Information,11/15/2021 5:35:52 PM,Microsoft-Windows-Security-SPP,16394,None,Offline downlevel migration succeeded.
Information,11/14/2021 11:06:11 AM,Desktop Window Manager,9027,None,The Desktop Window Manager has registered the session port.
Information,11/14/2021 11:04:37 AM,tvnserver,257,None,The client 192.168.137.1 has disconnected
Information,11/14/2021 11:04:32 AM,tvnserver,257,None,Authentication passed by 192.168.137.1
Information,11/14/2021 11:04:29 AM,tvnserver,257,None,The client 192.168.137.1 #0 has been disconnected for the reason: Authentication failed from 192.168.137.1
Warning,11/14/2021 11:04:29 AM,tvnserver,258,None,Authentication failed from 192.168.137.1
Information,11/14/2021 10:36:30 AM,Microsoft-Windows-Security-SPP,16384,None,Successfully scheduled Software Protection service for re-start at 2121-10-21T18:36:30Z. Reason: RulesEngine.
Information,11/14/2021 10:36:00 AM,Microsoft-Windows-Security-SPP,1033,None,"These policies are being excluded since they are only defined with override-only attribute.
Policy Names=(Security-SPP-Reserved-EnableNotificationMode) 
App Id=55c92734-d682-4d71-983e-d6ec3f16059f
Sku Id=1ea11e95-b7b5-49f8-b3b8-164805630e84"
Information,11/14/2021 10:36:00 AM,Microsoft-Windows-Security-SPP,1034,None,Duplicate definition of policy found. Policy name=Security-SPP-WriteWauMarker  Priority=500
Information,11/14/2021 10:36:00 AM,Microsoft-Windows-Security-SPP,1034,None,Duplicate definition of policy found. Policy name=AAD-BlockAADWorkplaceJoin-Default  Priority=100
Information,11/14/2021 10:35:57 AM,Microsoft-Windows-Security-SPP,16394,None,Offline downlevel migration succeeded.
Information,11/14/2021 7:10:42 AM,VSS,8224,None,The VSS service is shutting down due to idle timeout. 
Error,11/14/2021 7:07:37 AM,Microsoft-Windows-WMI,24,None,"Event provider nfscimprov attempted to register query ""select * from MSFT_NfsShareEvent"" whose target class ""MSFT_NfsShareEvent"" in //./ROOT/Microsoft/Windows/NFS namespace does not exist. The query will be ignored."
Error,11/14/2021 7:07:37 AM,Microsoft-Windows-WMI,24,None,"Event provider  attempted to register query ""select * from MSFT_NfsShareEvent"" whose target class ""MSFT_NfsShareEvent"" in //./ROOT/Microsoft/Windows/NFS namespace does not exist. The query will be ignored."
Information,11/14/2021 6:40:09 AM,VSS,8224,None,The VSS service is shutting down due to idle timeout. 
Information,11/14/2021 6:33:21 AM,Microsoft-Windows-Security-SPP,16384,None,Successfully scheduled Software Protection service for re-start at 2121-10-21T14:33:21Z. Reason: RulesEngine.
Information,11/14/2021 6:32:47 AM,Microsoft-Windows-Security-SPP,16394,None,Offline downlevel migration succeeded.
Information,11/14/2021 6:26:49 AM,Microsoft-Windows-LoadPerf,1000,None,Performance counters for the WmiApRpl (WmiApRpl) service were loaded successfully. The Record Data in the data section contains the new index values assigned to this service.
Information,11/14/2021 6:26:49 AM,Microsoft-Windows-LoadPerf,1001,None,Performance counters for the WmiApRpl (WmiApRpl) service were removed successfully. The Record Data contains the new values of the system Last Counter and Last Help registry entries.
Information,11/14/2021 6:25:01 AM,Microsoft-Windows-Security-SPP,903,None,"The Software Protection service has stopped.
"
Information,11/14/2021 6:25:01 AM,Microsoft-Windows-Security-SPP,16384,None,Successfully scheduled Software Protection service for re-start at 2121-10-21T14:25:00Z. Reason: RulesEngine.
Information,11/14/2021 6:24:30 AM,Microsoft-Windows-Security-SPP,902,None,"The Software Protection service has started.
10.0.20348.169"
Information,11/14/2021 6:24:29 AM,Microsoft-Windows-Security-SPP,1003,None,"The Software Protection service has completed licensing status check.
Application Id=55c92734-d682-4d71-983e-d6ec3f16059f
Licensing Status=
1: 1ea11e95-b7b5-49f8-b3b8-164805630e84, 1, 1 [(0 [0x00000000, 1, 0], [(?)( 1 0x00000000)(?)( 2 0x00000000 0 0 msft:rm/algorithm/hwid/4.0 0x00000000 0)(?)(?)( 10 0x00000000 msft:rm/algorithm/flags/1.0)(?)])(1 )(2 )(3 )]
2: 22105925-48c3-4ff4-a294-f654bb27e390, 1, 0 [(0 [0xC004F014, 0, 0], [(?)(?)(?)(?)(?)(?)(?)(?)])(1 )(2 )(3 )]
3: 27c4e172-0f4c-4a2d-86f0-ebfd77a583ce, 1, 0 [(0 [0xC004F014, 0, 0], [(?)(?)(?)(?)(?)(?)(?)(?)])(1 )(2 )(3 )]
4: 3f1a0b3b-cefc-48e4-8502-53299ec06146, 1, 0 [(0 [0xC004F014, 0, 0], [(?)(?)(?)(?)(?)(?)(?)(?)])(1 )(2 )(3 )]
5: 661f7658-7035-4b4c-9f35-010682943ec2, 1, 0 [(0 [0xC004F014, 0, 0], [(?)(?)(?)(?)(?)(?)(?)(?)])(1 )(2 )(3 )]
6: 716317e3-9177-41f8-a772-361050bb1b7f, 1, 0 [(0 [0xC004F014, 0, 0], [(?)(?)(?)(?)(?)(?)(?)(?)])(1 )(2 )(3 )]
7: 8f97e374-1be6-46d5-bb24-61f9d6400caf, 1, 0 [(0 [0xC004F014, 0, 0], [(?)(?)(?)(?)(?)(?)(?)(?)])(1 )(2 )(3 )]
8: 929d118a-4950-4d06-9ff1-ecd794f7d740, 1, 0 [(0 [0xC004F014, 0, 0], [(?)(?)(?)(?)(?)(?)(?)(?)])(1 )(2 )(3 )]
9: 9bd77860-9b31-4b7b-96ad-2564017315bf, 1, 0 [(0 [0xC004F014, 0, 0], [(?)(?)(?)(?)(?)(?)(?)(?)])(1 )(2 )(3 )]
10: b1c68fb2-b632-47a2-8719-488cc128b728, 1, 0 [(0 [0xC004F014, 0, 0], [(?)(?)(?)(?)(?)(?)(?)(?)])(1 )(2 )(3 )]
11: ce624156-a391-4585-93f9-7fb37405fbda, 1, 0 [(0 [0xC004F014, 0, 0], [(?)(?)(?)(?)(?)(?)(?)(?)])(1 )(2 )(3 )]
12: e73aabfa-12bc-4705-b551-2dd076bebc7d, 1, 0 [(0 [0xC004F014, 0, 0], [(?)(?)(?)(?)(?)(?)(?)(?)])(1 )(2 )(3 )]
13: ffa0a98f-b13f-4433-91f4-8aff126ed407, 1, 0 [(0 [0xC004F014, 0, 0], [(?)(?)(?)(?)(?)(?)(?)(?)])(1 )(2 )(3 )]

"
Information,11/14/2021 6:24:28 AM,Microsoft-Windows-Security-SPP,1066,None,"Initialization status for service objects.
C:\Windows\system32\sppwinob.dll, msft:spp/windowsfunctionality/agent/7.0, 0x00000000, 0x00000000
C:\Windows\system32\sppobjs.dll, msft:rm/algorithm/inherited/1.0, 0x00000000, 0x00000000
C:\Windows\system32\sppobjs.dll, msft:rm/algorithm/phone/1.0, 0x00000000, 0x00000000
C:\Windows\system32\sppobjs.dll, msft:rm/algorithm/pkey/detect, 0x00000000, 0x00000000
C:\Windows\system32\sppobjs.dll, msft:spp/ActionScheduler/1.0, 0x00000000, 0x00000000
C:\Windows\system32\sppobjs.dll, msft:spp/TaskScheduler/1.0, 0x00000000, 0x00000000
C:\Windows\system32\sppobjs.dll, msft:spp/statecollector/pkey, 0x00000000, 0x00000000
C:\Windows\system32\sppobjs.dll, msft:spp/volume/services/kms/1.0, 0x00000000, 0x00000000
C:\Windows\system32\sppobjs.dll, msft:spp/volume/services/kms/activationinfo/1.0, 0x00000000, 0x00000000
"
Information,11/14/2021 6:24:22 AM,Microsoft-Windows-Security-SPP,16394,None,Offline downlevel migration succeeded.
Information,11/14/2021 6:24:14 AM,Microsoft-Windows-Security-SPP,900,None,"The Software Protection service is starting.
Parameters:<explicit>"
Information,11/14/2021 6:24:11 AM,Microsoft-Windows-MSDTC 2,4202,TM,"MSDTC started with the following settings: Security Configuration (OFF = 0 and ON = 1): Allow Remote Administrator = 0, Network Clients = 0, Transaction Manager Communication:  Allow Inbound Transactions = 0, Allow Outbound Transactions = 0, Transaction Internet Protocol (TIP) = 0,  Enable XA Transactions = 0,  Enable SNA LU 6.2 Transactions = 1,  MSDTC Communications Security = Mutual Authentication Required, Account = NT AUTHORITY\NetworkService,  Firewall Exclusion Detected = 0 Transaction Bridge Installed = 0 Filtering Duplicate Events = 1"
Information,11/14/2021 6:24:08 AM,edgeupdate,0,None,Service stopped.
Information,11/14/2021 6:23:12 AM,Microsoft-Windows-WMI,5617,None,Windows Management Instrumentation Service subsystems initialized successfully
Information,11/14/2021 6:22:05 AM,Microsoft-Windows-WMI,5615,None,Windows Management Instrumentation Service started sucessfully
Information,11/14/2021 6:22:13 AM,tvnserver,257,None,Service has been started successfully
Information,11/14/2021 6:21:53 AM,Microsoft-Windows-User Profiles Service,1531,None,"The User Profile Service has started successfully.  

"
Information,11/14/2021 6:20:54 AM,Microsoft-Windows-User Profiles Service,1532,None,"The User Profile Service has stopped.  

"
Information,11/14/2021 6:20:54 AM,Microsoft-Windows-MSDTC,4111,SVC,The MS DTC service is stopping.
Information,11/14/2021 6:20:47 AM,Microsoft-Windows-Winlogon,6000,None,The winlogon notification subscriber <WSearch> was unavailable to handle a notification event.
Information,11/14/2021 6:07:58 AM,Microsoft-Windows-Security-SPP,16384,None,Successfully scheduled Software Protection service for re-start at 2121-10-21T14:07:58Z. Reason: RulesEngine.
Information,11/14/2021 6:07:19 AM,Microsoft-Windows-Security-SPP,16394,None,Offline downlevel migration succeeded.
Information,11/14/2021 6:01:41 AM,Microsoft-Windows-LoadPerf,1000,None,Performance counters for the WmiApRpl (WmiApRpl) service were loaded successfully. The Record Data in the data section contains the new index values assigned to this service.
Information,11/14/2021 6:01:41 AM,Microsoft-Windows-LoadPerf,1001,None,Performance counters for the WmiApRpl (WmiApRpl) service were removed successfully. The Record Data contains the new values of the system Last Counter and Last Help registry entries.
Information,11/14/2021 5:59:31 AM,Microsoft-Windows-Security-SPP,903,None,"The Software Protection service has stopped.
"
Information,11/14/2021 5:59:31 AM,Microsoft-Windows-Security-SPP,16384,None,Successfully scheduled Software Protection service for re-start at 2121-10-21T13:59:30Z. Reason: RulesEngine.
Information,11/14/2021 5:59:00 AM,Microsoft-Windows-Security-SPP,902,None,"The Software Protection service has started.
10.0.20348.169"
Information,11/14/2021 5:59:00 AM,Microsoft-Windows-Security-SPP,1003,None,"The Software Protection service has completed licensing status check.
Application Id=55c92734-d682-4d71-983e-d6ec3f16059f
Licensing Status=
1: 1ea11e95-b7b5-49f8-b3b8-164805630e84, 1, 1 [(0 [0x00000000, 1, 0], [(?)( 1 0x00000000)(?)( 2 0x00000000 0 0 msft:rm/algorithm/hwid/4.0 0x00000000 0)(?)(?)( 10 0x00000000 msft:rm/algorithm/flags/1.0)(?)])(1 )(2 )(3 )]
2: 22105925-48c3-4ff4-a294-f654bb27e390, 1, 0 [(0 [0xC004F014, 0, 0], [(?)(?)(?)(?)(?)(?)(?)(?)])(1 )(2 )(3 )]
3: 27c4e172-0f4c-4a2d-86f0-ebfd77a583ce, 1, 0 [(0 [0xC004F014, 0, 0], [(?)(?)(?)(?)(?)(?)(?)(?)])(1 )(2 )(3 )]
4: 3f1a0b3b-cefc-48e4-8502-53299ec06146, 1, 0 [(0 [0xC004F014, 0, 0], [(?)(?)(?)(?)(?)(?)(?)(?)])(1 )(2 )(3 )]
5: 661f7658-7035-4b4c-9f35-010682943ec2, 1, 0 [(0 [0xC004F014, 0, 0], [(?)(?)(?)(?)(?)(?)(?)(?)])(1 )(2 )(3 )]
6: 716317e3-9177-41f8-a772-361050bb1b7f, 1, 0 [(0 [0xC004F014, 0, 0], [(?)(?)(?)(?)(?)(?)(?)(?)])(1 )(2 )(3 )]
7: 8f97e374-1be6-46d5-bb24-61f9d6400caf, 1, 0 [(0 [0xC004F014, 0, 0], [(?)(?)(?)(?)(?)(?)(?)(?)])(1 )(2 )(3 )]
8: 929d118a-4950-4d06-9ff1-ecd794f7d740, 1, 0 [(0 [0xC004F014, 0, 0], [(?)(?)(?)(?)(?)(?)(?)(?)])(1 )(2 )(3 )]
9: 9bd77860-9b31-4b7b-96ad-2564017315bf, 1, 0 [(0 [0xC004F014, 0, 0], [(?)(?)(?)(?)(?)(?)(?)(?)])(1 )(2 )(3 )]
10: b1c68fb2-b632-47a2-8719-488cc128b728, 1, 0 [(0 [0xC004F014, 0, 0], [(?)(?)(?)(?)(?)(?)(?)(?)])(1 )(2 )(3 )]
11: ce624156-a391-4585-93f9-7fb37405fbda, 1, 0 [(0 [0xC004F014, 0, 0], [(?)(?)(?)(?)(?)(?)(?)(?)])(1 )(2 )(3 )]
12: e73aabfa-12bc-4705-b551-2dd076bebc7d, 1, 0 [(0 [0xC004F014, 0, 0], [(?)(?)(?)(?)(?)(?)(?)(?)])(1 )(2 )(3 )]
13: ffa0a98f-b13f-4433-91f4-8aff126ed407, 1, 0 [(0 [0xC004F014, 0, 0], [(?)(?)(?)(?)(?)(?)(?)(?)])(1 )(2 )(3 )]

"
Information,11/14/2021 5:58:59 AM,Microsoft-Windows-Security-SPP,1066,None,"Initialization status for service objects.
C:\Windows\system32\sppwinob.dll, msft:spp/windowsfunctionality/agent/7.0, 0x00000000, 0x00000000
C:\Windows\system32\sppobjs.dll, msft:rm/algorithm/inherited/1.0, 0x00000000, 0x00000000
C:\Windows\system32\sppobjs.dll, msft:rm/algorithm/phone/1.0, 0x00000000, 0x00000000
C:\Windows\system32\sppobjs.dll, msft:rm/algorithm/pkey/detect, 0x00000000, 0x00000000
C:\Windows\system32\sppobjs.dll, msft:spp/ActionScheduler/1.0, 0x00000000, 0x00000000
C:\Windows\system32\sppobjs.dll, msft:spp/TaskScheduler/1.0, 0x00000000, 0x00000000
C:\Windows\system32\sppobjs.dll, msft:spp/statecollector/pkey, 0x00000000, 0x00000000
C:\Windows\system32\sppobjs.dll, msft:spp/volume/services/kms/1.0, 0x00000000, 0x00000000
C:\Windows\system32\sppobjs.dll, msft:spp/volume/services/kms/activationinfo/1.0, 0x00000000, 0x00000000
"
Information,11/14/2021 5:58:57 AM,Microsoft-Windows-Security-SPP,16394,None,Offline downlevel migration succeeded.
Information,11/14/2021 5:58:56 AM,Microsoft-Windows-Security-SPP,900,None,"The Software Protection service is starting.
Parameters:<explicit>"
Information,11/14/2021 5:58:54 AM,Microsoft-Windows-MSDTC 2,4202,TM,"MSDTC started with the following settings: Security Configuration (OFF = 0 and ON = 1): Allow Remote Administrator = 0, Network Clients = 0, Transaction Manager Communication:  Allow Inbound Transactions = 0, Allow Outbound Transactions = 0, Transaction Internet Protocol (TIP) = 0,  Enable XA Transactions = 0,  Enable SNA LU 6.2 Transactions = 1,  MSDTC Communications Security = Mutual Authentication Required, Account = NT AUTHORITY\NetworkService,  Firewall Exclusion Detected = 0 Transaction Bridge Installed = 0 Filtering Duplicate Events = 1"
Information,11/14/2021 5:58:53 AM,edgeupdate,0,None,Service stopped.
Information,11/14/2021 5:57:48 AM,Microsoft-Windows-WMI,5617,None,Windows Management Instrumentation Service subsystems initialized successfully
Information,11/14/2021 5:56:45 AM,Microsoft-Windows-WMI,5615,None,Windows Management Instrumentation Service started sucessfully
Information,11/14/2021 5:56:31 AM,Microsoft-Windows-User Profiles Service,1531,None,"The User Profile Service has started successfully.  

"
Information,11/14/2021 5:56:50 AM,tvnserver,257,None,Service has been started successfully
Information,11/14/2021 5:55:38 AM,Microsoft-Windows-User Profiles Service,1532,None,"The User Profile Service has stopped.  

"
Information,11/14/2021 5:55:31 AM,Microsoft-Windows-Winlogon,6000,None,The winlogon notification subscriber <WSearch> was unavailable to handle a notification event.
Information,11/14/2021 5:50:27 AM,Microsoft-Windows-LoadPerf,1000,None,Performance counters for the WmiApRpl (WmiApRpl) service were loaded successfully. The Record Data in the data section contains the new index values assigned to this service.
Information,11/14/2021 5:50:27 AM,Microsoft-Windows-LoadPerf,1001,None,Performance counters for the WmiApRpl (WmiApRpl) service were removed successfully. The Record Data contains the new values of the system Last Counter and Last Help registry entries.
Information,11/14/2021 5:49:05 AM,Microsoft-Windows-Security-SPP,903,None,"The Software Protection service has stopped.
"
Information,11/14/2021 5:49:05 AM,Microsoft-Windows-Security-SPP,16384,None,Successfully scheduled Software Protection service for re-start at 2121-10-21T13:49:04Z. Reason: RulesEngine.
Information,11/14/2021 5:48:34 AM,Microsoft-Windows-Security-SPP,902,None,"The Software Protection service has started.
10.0.20348.169"
Information,11/14/2021 5:48:34 AM,Microsoft-Windows-Security-SPP,1003,None,"The Software Protection service has completed licensing status check.
Application Id=55c92734-d682-4d71-983e-d6ec3f16059f
Licensing Status=
1: 1ea11e95-b7b5-49f8-b3b8-164805630e84, 1, 1 [(0 [0x00000000, 1, 0], [(?)( 1 0x00000000)(?)( 2 0x00000000 0 0 msft:rm/algorithm/hwid/4.0 0x00000000 0)(?)(?)( 10 0x00000000 msft:rm/algorithm/flags/1.0)(?)])(1 )(2 )(3 )]
2: 22105925-48c3-4ff4-a294-f654bb27e390, 1, 0 [(0 [0xC004F014, 0, 0], [(?)(?)(?)(?)(?)(?)(?)(?)])(1 )(2 )(3 )]
3: 27c4e172-0f4c-4a2d-86f0-ebfd77a583ce, 1, 0 [(0 [0xC004F014, 0, 0], [(?)(?)(?)(?)(?)(?)(?)(?)])(1 )(2 )(3 )]
4: 3f1a0b3b-cefc-48e4-8502-53299ec06146, 1, 0 [(0 [0xC004F014, 0, 0], [(?)(?)(?)(?)(?)(?)(?)(?)])(1 )(2 )(3 )]
5: 661f7658-7035-4b4c-9f35-010682943ec2, 1, 0 [(0 [0xC004F014, 0, 0], [(?)(?)(?)(?)(?)(?)(?)(?)])(1 )(2 )(3 )]
6: 716317e3-9177-41f8-a772-361050bb1b7f, 1, 0 [(0 [0xC004F014, 0, 0], [(?)(?)(?)(?)(?)(?)(?)(?)])(1 )(2 )(3 )]
7: 8f97e374-1be6-46d5-bb24-61f9d6400caf, 1, 0 [(0 [0xC004F014, 0, 0], [(?)(?)(?)(?)(?)(?)(?)(?)])(1 )(2 )(3 )]
8: 929d118a-4950-4d06-9ff1-ecd794f7d740, 1, 0 [(0 [0xC004F014, 0, 0], [(?)(?)(?)(?)(?)(?)(?)(?)])(1 )(2 )(3 )]
9: 9bd77860-9b31-4b7b-96ad-2564017315bf, 1, 0 [(0 [0xC004F014, 0, 0], [(?)(?)(?)(?)(?)(?)(?)(?)])(1 )(2 )(3 )]
10: b1c68fb2-b632-47a2-8719-488cc128b728, 1, 0 [(0 [0xC004F014, 0, 0], [(?)(?)(?)(?)(?)(?)(?)(?)])(1 )(2 )(3 )]
11: ce624156-a391-4585-93f9-7fb37405fbda, 1, 0 [(0 [0xC004F014, 0, 0], [(?)(?)(?)(?)(?)(?)(?)(?)])(1 )(2 )(3 )]
12: e73aabfa-12bc-4705-b551-2dd076bebc7d, 1, 0 [(0 [0xC004F014, 0, 0], [(?)(?)(?)(?)(?)(?)(?)(?)])(1 )(2 )(3 )]
13: ffa0a98f-b13f-4433-91f4-8aff126ed407, 1, 0 [(0 [0xC004F014, 0, 0], [(?)(?)(?)(?)(?)(?)(?)(?)])(1 )(2 )(3 )]

"
Information,11/14/2021 5:48:34 AM,Microsoft-Windows-Security-SPP,1066,None,"Initialization status for service objects.
C:\Windows\system32\sppwinob.dll, msft:spp/windowsfunctionality/agent/7.0, 0x00000000, 0x00000000
C:\Windows\system32\sppobjs.dll, msft:rm/algorithm/inherited/1.0, 0x00000000, 0x00000000
C:\Windows\system32\sppobjs.dll, msft:rm/algorithm/phone/1.0, 0x00000000, 0x00000000
C:\Windows\system32\sppobjs.dll, msft:rm/algorithm/pkey/detect, 0x00000000, 0x00000000
C:\Windows\system32\sppobjs.dll, msft:spp/ActionScheduler/1.0, 0x00000000, 0x00000000
C:\Windows\system32\sppobjs.dll, msft:spp/TaskScheduler/1.0, 0x00000000, 0x00000000
C:\Windows\system32\sppobjs.dll, msft:spp/statecollector/pkey, 0x00000000, 0x00000000
C:\Windows\system32\sppobjs.dll, msft:spp/volume/services/kms/1.0, 0x00000000, 0x00000000
C:\Windows\system32\sppobjs.dll, msft:spp/volume/services/kms/activationinfo/1.0, 0x00000000, 0x00000000
"
Information,11/14/2021 5:48:33 AM,Microsoft-Windows-Security-SPP,16394,None,Offline downlevel migration succeeded.
Information,11/14/2021 5:48:28 AM,Microsoft-Windows-Security-SPP,900,None,"The Software Protection service is starting.
Parameters:<explicit>"
Information,11/14/2021 5:48:07 AM,Microsoft-Windows-MSDTC 2,4202,TM,"MSDTC started with the following settings: Security Configuration (OFF = 0 and ON = 1): Allow Remote Administrator = 0, Network Clients = 0, Transaction Manager Communication:  Allow Inbound Transactions = 0, Allow Outbound Transactions = 0, Transaction Internet Protocol (TIP) = 0,  Enable XA Transactions = 0,  Enable SNA LU 6.2 Transactions = 1,  MSDTC Communications Security = Mutual Authentication Required, Account = NT AUTHORITY\NetworkService,  Firewall Exclusion Detected = 0 Transaction Bridge Installed = 0 Filtering Duplicate Events = 1"
Information,11/14/2021 5:48:06 AM,edgeupdate,0,None,Service stopped.
Information,11/14/2021 5:47:00 AM,Microsoft-Windows-WMI,5617,None,Windows Management Instrumentation Service subsystems initialized successfully
Information,11/14/2021 5:45:53 AM,Microsoft-Windows-WMI,5615,None,Windows Management Instrumentation Service started sucessfully
Information,11/14/2021 5:45:56 AM,tvnserver,257,None,Service has been started successfully
Information,11/14/2021 5:45:34 AM,Microsoft-Windows-User Profiles Service,1531,None,"The User Profile Service has started successfully.  

"
Information,11/14/2021 5:44:40 AM,Microsoft-Windows-User Profiles Service,1532,None,"The User Profile Service has stopped.  

"
Information,11/14/2021 5:44:40 AM,Microsoft-Windows-MSDTC,4111,SVC,The MS DTC service is stopping.
Information,11/14/2021 5:44:34 AM,Microsoft-Windows-Winlogon,6000,None,The winlogon notification subscriber <WSearch> was unavailable to handle a notification event.
Information,11/14/2021 5:38:39 AM,Microsoft-Windows-Security-SPP,16384,None,Successfully scheduled Software Protection service for re-start at 2121-10-21T13:38:39Z. Reason: RulesEngine.
Information,11/14/2021 5:38:01 AM,Microsoft-Windows-Security-SPP,16394,None,Offline downlevel migration succeeded.
Information,11/14/2021 5:32:22 AM,Microsoft-Windows-LoadPerf,1000,None,Performance counters for the WmiApRpl (WmiApRpl) service were loaded successfully. The Record Data in the data section contains the new index values assigned to this service.
Information,11/14/2021 5:32:22 AM,Microsoft-Windows-LoadPerf,1001,None,Performance counters for the WmiApRpl (WmiApRpl) service were removed successfully. The Record Data contains the new values of the system Last Counter and Last Help registry entries.
Information,11/14/2021 5:30:08 AM,Microsoft-Windows-Security-SPP,903,None,"The Software Protection service has stopped.
"
Information,11/14/2021 5:30:08 AM,Microsoft-Windows-Security-SPP,16384,None,Successfully scheduled Software Protection service for re-start at 2121-10-21T13:30:07Z. Reason: RulesEngine.
Information,11/14/2021 5:29:37 AM,Microsoft-Windows-Security-SPP,902,None,"The Software Protection service has started.
10.0.20348.169"
Information,11/14/2021 5:29:37 AM,Microsoft-Windows-Security-SPP,1003,None,"The Software Protection service has completed licensing status check.
Application Id=55c92734-d682-4d71-983e-d6ec3f16059f
Licensing Status=
1: 1ea11e95-b7b5-49f8-b3b8-164805630e84, 1, 1 [(0 [0x00000000, 1, 0], [(?)( 1 0x00000000)(?)( 2 0x00000000 0 0 msft:rm/algorithm/hwid/4.0 0x00000000 0)(?)(?)( 10 0x00000000 msft:rm/algorithm/flags/1.0)(?)])(1 )(2 )(3 )]
2: 22105925-48c3-4ff4-a294-f654bb27e390, 1, 0 [(0 [0xC004F014, 0, 0], [(?)(?)(?)(?)(?)(?)(?)(?)])(1 )(2 )(3 )]
3: 27c4e172-0f4c-4a2d-86f0-ebfd77a583ce, 1, 0 [(0 [0xC004F014, 0, 0], [(?)(?)(?)(?)(?)(?)(?)(?)])(1 )(2 )(3 )]
4: 3f1a0b3b-cefc-48e4-8502-53299ec06146, 1, 0 [(0 [0xC004F014, 0, 0], [(?)(?)(?)(?)(?)(?)(?)(?)])(1 )(2 )(3 )]
5: 661f7658-7035-4b4c-9f35-010682943ec2, 1, 0 [(0 [0xC004F014, 0, 0], [(?)(?)(?)(?)(?)(?)(?)(?)])(1 )(2 )(3 )]
6: 716317e3-9177-41f8-a772-361050bb1b7f, 1, 0 [(0 [0xC004F014, 0, 0], [(?)(?)(?)(?)(?)(?)(?)(?)])(1 )(2 )(3 )]
7: 8f97e374-1be6-46d5-bb24-61f9d6400caf, 1, 0 [(0 [0xC004F014, 0, 0], [(?)(?)(?)(?)(?)(?)(?)(?)])(1 )(2 )(3 )]
8: 929d118a-4950-4d06-9ff1-ecd794f7d740, 1, 0 [(0 [0xC004F014, 0, 0], [(?)(?)(?)(?)(?)(?)(?)(?)])(1 )(2 )(3 )]
9: 9bd77860-9b31-4b7b-96ad-2564017315bf, 1, 0 [(0 [0xC004F014, 0, 0], [(?)(?)(?)(?)(?)(?)(?)(?)])(1 )(2 )(3 )]
10: b1c68fb2-b632-47a2-8719-488cc128b728, 1, 0 [(0 [0xC004F014, 0, 0], [(?)(?)(?)(?)(?)(?)(?)(?)])(1 )(2 )(3 )]
11: ce624156-a391-4585-93f9-7fb37405fbda, 1, 0 [(0 [0xC004F014, 0, 0], [(?)(?)(?)(?)(?)(?)(?)(?)])(1 )(2 )(3 )]
12: e73aabfa-12bc-4705-b551-2dd076bebc7d, 1, 0 [(0 [0xC004F014, 0, 0], [(?)(?)(?)(?)(?)(?)(?)(?)])(1 )(2 )(3 )]
13: ffa0a98f-b13f-4433-91f4-8aff126ed407, 1, 0 [(0 [0xC004F014, 0, 0], [(?)(?)(?)(?)(?)(?)(?)(?)])(1 )(2 )(3 )]

"
Information,11/14/2021 5:29:37 AM,Microsoft-Windows-Security-SPP,1066,None,"Initialization status for service objects.
C:\Windows\system32\sppwinob.dll, msft:spp/windowsfunctionality/agent/7.0, 0x00000000, 0x00000000
C:\Windows\system32\sppobjs.dll, msft:rm/algorithm/inherited/1.0, 0x00000000, 0x00000000
C:\Windows\system32\sppobjs.dll, msft:rm/algorithm/phone/1.0, 0x00000000, 0x00000000
C:\Windows\system32\sppobjs.dll, msft:rm/algorithm/pkey/detect, 0x00000000, 0x00000000
C:\Windows\system32\sppobjs.dll, msft:spp/ActionScheduler/1.0, 0x00000000, 0x00000000
C:\Windows\system32\sppobjs.dll, msft:spp/TaskScheduler/1.0, 0x00000000, 0x00000000
C:\Windows\system32\sppobjs.dll, msft:spp/statecollector/pkey, 0x00000000, 0x00000000
C:\Windows\system32\sppobjs.dll, msft:spp/volume/services/kms/1.0, 0x00000000, 0x00000000
C:\Windows\system32\sppobjs.dll, msft:spp/volume/services/kms/activationinfo/1.0, 0x00000000, 0x00000000
"
Information,11/14/2021 5:29:35 AM,Microsoft-Windows-Security-SPP,16394,None,Offline downlevel migration succeeded.
Information,11/14/2021 5:29:33 AM,Microsoft-Windows-Security-SPP,900,None,"The Software Protection service is starting.
Parameters:<explicit>"
Information,11/14/2021 5:29:30 AM,Microsoft-Windows-MSDTC 2,4202,TM,"MSDTC started with the following settings: Security Configuration (OFF = 0 and ON = 1): Allow Remote Administrator = 0, Network Clients = 0, Transaction Manager Communication:  Allow Inbound Transactions = 0, Allow Outbound Transactions = 0, Transaction Internet Protocol (TIP) = 0,  Enable XA Transactions = 0,  Enable SNA LU 6.2 Transactions = 1,  MSDTC Communications Security = Mutual Authentication Required, Account = NT AUTHORITY\NetworkService,  Firewall Exclusion Detected = 0 Transaction Bridge Installed = 0 Filtering Duplicate Events = 1"
Information,11/14/2021 5:29:27 AM,edgeupdate,0,None,Service stopped.
Information,11/14/2021 5:28:33 AM,Microsoft-Windows-WMI,5617,None,Windows Management Instrumentation Service subsystems initialized successfully
Information,11/14/2021 5:27:31 AM,Microsoft-Windows-WMI,5615,None,Windows Management Instrumentation Service started sucessfully
Information,11/14/2021 5:27:13 AM,Microsoft-Windows-User Profiles Service,1531,None,"The User Profile Service has started successfully.  

"
Information,11/14/2021 5:27:34 AM,tvnserver,257,None,Service has been started successfully
Information,11/14/2021 5:26:13 AM,Microsoft-Windows-User Profiles Service,1532,None,"The User Profile Service has stopped.  

"
Information,11/14/2021 5:26:07 AM,Microsoft-Windows-Winlogon,6000,None,The winlogon notification subscriber <WSearch> was unavailable to handle a notification event.
Information,11/14/2021 5:24:41 AM,Microsoft-Windows-Security-SPP,16384,None,Successfully scheduled Software Protection service for re-start at 2121-10-21T13:24:41Z. Reason: RulesEngine.
Information,11/14/2021 5:24:07 AM,Microsoft-Windows-Security-SPP,16394,None,Offline downlevel migration succeeded.
Information,11/14/2021 5:17:44 AM,Microsoft-Windows-LoadPerf,1000,None,Performance counters for the WmiApRpl (WmiApRpl) service were loaded successfully. The Record Data in the data section contains the new index values assigned to this service.
Information,11/14/2021 5:17:44 AM,Microsoft-Windows-LoadPerf,1001,None,Performance counters for the WmiApRpl (WmiApRpl) service were removed successfully. The Record Data contains the new values of the system Last Counter and Last Help registry entries.
Information,11/14/2021 5:17:04 AM,Microsoft-Windows-Security-SPP,903,None,"The Software Protection service has stopped.
"
Information,11/14/2021 5:17:04 AM,Microsoft-Windows-Security-SPP,16384,None,Successfully scheduled Software Protection service for re-start at 2121-10-21T13:17:03Z. Reason: RulesEngine.
Information,11/14/2021 5:16:33 AM,Microsoft-Windows-Security-SPP,902,None,"The Software Protection service has started.
10.0.20348.169"
Information,11/14/2021 5:16:33 AM,Microsoft-Windows-Security-SPP,1003,None,"The Software Protection service has completed licensing status check.
Application Id=55c92734-d682-4d71-983e-d6ec3f16059f
Licensing Status=
1: 1ea11e95-b7b5-49f8-b3b8-164805630e84, 1, 1 [(0 [0x00000000, 1, 0], [(?)( 1 0x00000000)(?)( 2 0x00000000 0 0 msft:rm/algorithm/hwid/4.0 0x00000000 0)(?)(?)( 10 0x00000000 msft:rm/algorithm/flags/1.0)(?)])(1 )(2 )(3 )]
2: 22105925-48c3-4ff4-a294-f654bb27e390, 1, 0 [(0 [0xC004F014, 0, 0], [(?)(?)(?)(?)(?)(?)(?)(?)])(1 )(2 )(3 )]
3: 27c4e172-0f4c-4a2d-86f0-ebfd77a583ce, 1, 0 [(0 [0xC004F014, 0, 0], [(?)(?)(?)(?)(?)(?)(?)(?)])(1 )(2 )(3 )]
4: 3f1a0b3b-cefc-48e4-8502-53299ec06146, 1, 0 [(0 [0xC004F014, 0, 0], [(?)(?)(?)(?)(?)(?)(?)(?)])(1 )(2 )(3 )]
5: 661f7658-7035-4b4c-9f35-010682943ec2, 1, 0 [(0 [0xC004F014, 0, 0], [(?)(?)(?)(?)(?)(?)(?)(?)])(1 )(2 )(3 )]
6: 716317e3-9177-41f8-a772-361050bb1b7f, 1, 0 [(0 [0xC004F014, 0, 0], [(?)(?)(?)(?)(?)(?)(?)(?)])(1 )(2 )(3 )]
7: 8f97e374-1be6-46d5-bb24-61f9d6400caf, 1, 0 [(0 [0xC004F014, 0, 0], [(?)(?)(?)(?)(?)(?)(?)(?)])(1 )(2 )(3 )]
8: 929d118a-4950-4d06-9ff1-ecd794f7d740, 1, 0 [(0 [0xC004F014, 0, 0], [(?)(?)(?)(?)(?)(?)(?)(?)])(1 )(2 )(3 )]
9: 9bd77860-9b31-4b7b-96ad-2564017315bf, 1, 0 [(0 [0xC004F014, 0, 0], [(?)(?)(?)(?)(?)(?)(?)(?)])(1 )(2 )(3 )]
10: b1c68fb2-b632-47a2-8719-488cc128b728, 1, 0 [(0 [0xC004F014, 0, 0], [(?)(?)(?)(?)(?)(?)(?)(?)])(1 )(2 )(3 )]
11: ce624156-a391-4585-93f9-7fb37405fbda, 1, 0 [(0 [0xC004F014, 0, 0], [(?)(?)(?)(?)(?)(?)(?)(?)])(1 )(2 )(3 )]
12: e73aabfa-12bc-4705-b551-2dd076bebc7d, 1, 0 [(0 [0xC004F014, 0, 0], [(?)(?)(?)(?)(?)(?)(?)(?)])(1 )(2 )(3 )]
13: ffa0a98f-b13f-4433-91f4-8aff126ed407, 1, 0 [(0 [0xC004F014, 0, 0], [(?)(?)(?)(?)(?)(?)(?)(?)])(1 )(2 )(3 )]

"
Information,11/14/2021 5:16:33 AM,Microsoft-Windows-Security-SPP,1066,None,"Initialization status for service objects.
C:\Windows\system32\sppwinob.dll, msft:spp/windowsfunctionality/agent/7.0, 0x00000000, 0x00000000
C:\Windows\system32\sppobjs.dll, msft:rm/algorithm/inherited/1.0, 0x00000000, 0x00000000
C:\Windows\system32\sppobjs.dll, msft:rm/algorithm/phone/1.0, 0x00000000, 0x00000000
C:\Windows\system32\sppobjs.dll, msft:rm/algorithm/pkey/detect, 0x00000000, 0x00000000
C:\Windows\system32\sppobjs.dll, msft:spp/ActionScheduler/1.0, 0x00000000, 0x00000000
C:\Windows\system32\sppobjs.dll, msft:spp/TaskScheduler/1.0, 0x00000000, 0x00000000
C:\Windows\system32\sppobjs.dll, msft:spp/statecollector/pkey, 0x00000000, 0x00000000
C:\Windows\system32\sppobjs.dll, msft:spp/volume/services/kms/1.0, 0x00000000, 0x00000000
C:\Windows\system32\sppobjs.dll, msft:spp/volume/services/kms/activationinfo/1.0, 0x00000000, 0x00000000
"
Information,11/14/2021 5:16:31 AM,Microsoft-Windows-Security-SPP,16394,None,Offline downlevel migration succeeded.
Information,11/14/2021 5:16:30 AM,Microsoft-Windows-Security-SPP,900,None,"The Software Protection service is starting.
Parameters:<explicit>"
Information,11/14/2021 5:16:10 AM,Microsoft-Windows-MSDTC 2,4202,TM,"MSDTC started with the following settings: Security Configuration (OFF = 0 and ON = 1): Allow Remote Administrator = 0, Network Clients = 0, Transaction Manager Communication:  Allow Inbound Transactions = 0, Allow Outbound Transactions = 0, Transaction Internet Protocol (TIP) = 0,  Enable XA Transactions = 0,  Enable SNA LU 6.2 Transactions = 1,  MSDTC Communications Security = Mutual Authentication Required, Account = NT AUTHORITY\NetworkService,  Firewall Exclusion Detected = 0 Transaction Bridge Installed = 0 Filtering Duplicate Events = 1"
Information,11/14/2021 5:16:02 AM,edgeupdate,0,None,Service stopped.
Information,11/14/2021 5:14:39 AM,Microsoft-Windows-WMI,5617,None,Windows Management Instrumentation Service subsystems initialized successfully
Information,11/14/2021 5:13:32 AM,Microsoft-Windows-WMI,5615,None,Windows Management Instrumentation Service started sucessfully
Information,11/14/2021 5:13:19 AM,Microsoft-Windows-User Profiles Service,1531,None,"The User Profile Service has started successfully.  

"
Information,11/14/2021 5:13:41 AM,tvnserver,257,None,Service has been started successfully
Information,11/14/2021 5:12:19 AM,Microsoft-Windows-User Profiles Service,1532,None,"The User Profile Service has stopped.  

"
Information,11/14/2021 5:12:19 AM,Microsoft-Windows-MSDTC,4111,SVC,The MS DTC service is stopping.
Information,11/14/2021 5:12:12 AM,Microsoft-Windows-Winlogon,6000,None,The winlogon notification subscriber <WSearch> was unavailable to handle a notification event.
Information,11/14/2021 5:05:01 AM,Microsoft-Windows-Security-SPP,16384,None,Successfully scheduled Software Protection service for re-start at 2121-10-21T13:04:56Z. Reason: RulesEngine.
Information,11/14/2021 5:04:32 AM,VSS,8224,None,The VSS service is shutting down due to idle timeout. 
Information,11/14/2021 5:04:21 AM,Microsoft-Windows-Security-SPP,1033,None,"These policies are being excluded since they are only defined with override-only attribute.
Policy Names=(Security-SPP-Reserved-EnableNotificationMode) 
App Id=55c92734-d682-4d71-983e-d6ec3f16059f
Sku Id=1ea11e95-b7b5-49f8-b3b8-164805630e84"
Information,11/14/2021 5:04:21 AM,Microsoft-Windows-Security-SPP,1034,None,Duplicate definition of policy found. Policy name=Security-SPP-WriteWauMarker  Priority=500
Information,11/14/2021 5:04:21 AM,Microsoft-Windows-Security-SPP,1034,None,Duplicate definition of policy found. Policy name=AAD-BlockAADWorkplaceJoin-Default  Priority=100
Information,11/14/2021 5:04:19 AM,Microsoft-Windows-Security-SPP,16394,None,Offline downlevel migration succeeded.
Information,11/14/2021 4:58:39 AM,Microsoft-Windows-LoadPerf,1000,None,Performance counters for the WmiApRpl (WmiApRpl) service were loaded successfully. The Record Data in the data section contains the new index values assigned to this service.
Information,11/14/2021 4:58:39 AM,Microsoft-Windows-LoadPerf,1001,None,Performance counters for the WmiApRpl (WmiApRpl) service were removed successfully. The Record Data contains the new values of the system Last Counter and Last Help registry entries.
Information,11/14/2021 4:57:33 AM,Microsoft-Windows-Security-SPP,903,None,"The Software Protection service has stopped.
"
Information,11/14/2021 4:57:33 AM,Microsoft-Windows-Security-SPP,16384,None,Successfully scheduled Software Protection service for re-start at 2121-10-21T12:57:32Z. Reason: RulesEngine.
Information,11/14/2021 4:57:02 AM,Microsoft-Windows-Security-SPP,902,None,"The Software Protection service has started.
10.0.20348.169"
Information,11/14/2021 4:57:00 AM,Microsoft-Windows-Security-SPP,1003,None,"The Software Protection service has completed licensing status check.
Application Id=55c92734-d682-4d71-983e-d6ec3f16059f
Licensing Status=
1: 1ea11e95-b7b5-49f8-b3b8-164805630e84, 1, 1 [(0 [0x00000000, 1, 0], [(?)( 1 0x00000000)(?)( 2 0x00000000 0 0 msft:rm/algorithm/hwid/4.0 0x00000000 0)(?)(?)( 10 0x00000000 msft:rm/algorithm/flags/1.0)(?)])(1 )(2 )(3 )]
2: 22105925-48c3-4ff4-a294-f654bb27e390, 1, 0 [(0 [0xC004F014, 0, 0], [(?)(?)(?)(?)(?)(?)(?)(?)])(1 )(2 )(3 )]
3: 27c4e172-0f4c-4a2d-86f0-ebfd77a583ce, 1, 0 [(0 [0xC004F014, 0, 0], [(?)(?)(?)(?)(?)(?)(?)(?)])(1 )(2 )(3 )]
4: 3f1a0b3b-cefc-48e4-8502-53299ec06146, 1, 0 [(0 [0xC004F014, 0, 0], [(?)(?)(?)(?)(?)(?)(?)(?)])(1 )(2 )(3 )]
5: 661f7658-7035-4b4c-9f35-010682943ec2, 1, 0 [(0 [0xC004F014, 0, 0], [(?)(?)(?)(?)(?)(?)(?)(?)])(1 )(2 )(3 )]
6: 716317e3-9177-41f8-a772-361050bb1b7f, 1, 0 [(0 [0xC004F014, 0, 0], [(?)(?)(?)(?)(?)(?)(?)(?)])(1 )(2 )(3 )]
7: 8f97e374-1be6-46d5-bb24-61f9d6400caf, 1, 0 [(0 [0xC004F014, 0, 0], [(?)(?)(?)(?)(?)(?)(?)(?)])(1 )(2 )(3 )]
8: 929d118a-4950-4d06-9ff1-ecd794f7d740, 1, 0 [(0 [0xC004F014, 0, 0], [(?)(?)(?)(?)(?)(?)(?)(?)])(1 )(2 )(3 )]
9: 9bd77860-9b31-4b7b-96ad-2564017315bf, 1, 0 [(0 [0xC004F014, 0, 0], [(?)(?)(?)(?)(?)(?)(?)(?)])(1 )(2 )(3 )]
10: b1c68fb2-b632-47a2-8719-488cc128b728, 1, 0 [(0 [0xC004F014, 0, 0], [(?)(?)(?)(?)(?)(?)(?)(?)])(1 )(2 )(3 )]
11: ce624156-a391-4585-93f9-7fb37405fbda, 1, 0 [(0 [0xC004F014, 0, 0], [(?)(?)(?)(?)(?)(?)(?)(?)])(1 )(2 )(3 )]
12: e73aabfa-12bc-4705-b551-2dd076bebc7d, 1, 0 [(0 [0xC004F014, 0, 0], [(?)(?)(?)(?)(?)(?)(?)(?)])(1 )(2 )(3 )]
13: ffa0a98f-b13f-4433-91f4-8aff126ed407, 1, 0 [(0 [0xC004F014, 0, 0], [(?)(?)(?)(?)(?)(?)(?)(?)])(1 )(2 )(3 )]

"
Information,11/14/2021 4:56:58 AM,Microsoft-Windows-Security-SPP,1066,None,"Initialization status for service objects.
C:\Windows\system32\sppwinob.dll, msft:spp/windowsfunctionality/agent/7.0, 0x00000000, 0x00000000
C:\Windows\system32\sppobjs.dll, msft:rm/algorithm/inherited/1.0, 0x00000000, 0x00000000
C:\Windows\system32\sppobjs.dll, msft:rm/algorithm/phone/1.0, 0x00000000, 0x00000000
C:\Windows\system32\sppobjs.dll, msft:rm/algorithm/pkey/detect, 0x00000000, 0x00000000
C:\Windows\system32\sppobjs.dll, msft:spp/ActionScheduler/1.0, 0x00000000, 0x00000000
C:\Windows\system32\sppobjs.dll, msft:spp/TaskScheduler/1.0, 0x00000000, 0x00000000
C:\Windows\system32\sppobjs.dll, msft:spp/statecollector/pkey, 0x00000000, 0x00000000
C:\Windows\system32\sppobjs.dll, msft:spp/volume/services/kms/1.0, 0x00000000, 0x00000000
C:\Windows\system32\sppobjs.dll, msft:spp/volume/services/kms/activationinfo/1.0, 0x00000000, 0x00000000
"
Information,11/14/2021 4:56:19 AM,Microsoft-Windows-Security-SPP,16394,None,Offline downlevel migration succeeded.
Information,11/14/2021 4:56:05 AM,Microsoft-Windows-Security-SPP,900,None,"The Software Protection service is starting.
Parameters:<explicit>"
Information,11/14/2021 4:55:57 AM,Microsoft-Windows-MSDTC 2,4202,TM,"MSDTC started with the following settings: Security Configuration (OFF = 0 and ON = 1): Allow Remote Administrator = 0, Network Clients = 0, Transaction Manager Communication:  Allow Inbound Transactions = 0, Allow Outbound Transactions = 0, Transaction Internet Protocol (TIP) = 0,  Enable XA Transactions = 0,  Enable SNA LU 6.2 Transactions = 1,  MSDTC Communications Security = Mutual Authentication Required, Account = NT AUTHORITY\NetworkService,  Firewall Exclusion Detected = 0 Transaction Bridge Installed = 0 Filtering Duplicate Events = 1"
Information,11/14/2021 4:55:50 AM,edgeupdate,0,None,Service stopped.
Information,11/14/2021 4:55:35 AM,Microsoft-Windows-WMI,5617,None,Windows Management Instrumentation Service subsystems initialized successfully
Information,11/14/2021 4:54:47 AM,Microsoft-Windows-WMI,5611,None,The Windows Management Instrumentation service has detected an inconsistent system shutdown.
Information,11/14/2021 1:53:45 PM,Microsoft-Windows-WMI,5615,None,Windows Management Instrumentation Service started sucessfully
Information,11/14/2021 1:53:50 PM,tvnserver,257,None,Service has been started successfully
Information,11/14/2021 1:53:25 PM,Microsoft-Windows-User Profiles Service,1531,None,"The User Profile Service has started successfully.  

"
Information,11/14/2021 4:27:16 AM,Microsoft-Windows-Security-SPP,16384,None,Successfully scheduled Software Protection service for re-start at 2121-10-21T12:27:15Z. Reason: RulesEngine.
Information,11/14/2021 4:26:45 AM,Microsoft-Windows-Security-SPP,16394,None,Offline downlevel migration succeeded.
Information,11/14/2021 4:20:40 AM,Desktop Window Manager,9027,None,The Desktop Window Manager has registered the session port.
Information,11/14/2021 4:19:21 AM,edgeupdate,0,None,Service stopped.
Information,11/14/2021 4:16:31 AM,Microsoft-Windows-Security-SPP,16384,None,Successfully scheduled Software Protection service for re-start at 2121-10-21T12:16:31Z. Reason: RulesEngine.
Information,11/14/2021 4:15:19 AM,Microsoft-Windows-Security-SPP,16394,None,Offline downlevel migration succeeded.
Information,11/13/2021 6:40:50 PM,tvnserver,257,None,The client 192.168.137.1 has disconnected
Information,11/13/2021 6:40:30 PM,tvnserver,257,None,Authentication passed by 192.168.137.1
Information,11/13/2021 6:32:14 PM,MsiInstaller,1033,None,Windows Installer installed the product. Product Name: TightVNC. Product Version: 2.8.63.0. Product Language: 1033. Manufacturer: GlavSoft LLC.. Installation success or error status: 0.
Information,11/13/2021 6:32:14 PM,MsiInstaller,11707,None,Product: TightVNC -- Installation completed successfully.
Information,11/13/2021 6:32:13 PM,Microsoft-Windows-RestartManager,10001,None,Ending session 0 started ‎2021‎-‎11‎-‎14T02:31:42.520240700Z.
Information,11/13/2021 6:32:13 PM,MsiInstaller,1042,None,Ending a Windows Installer transaction: C:\Users\Administrator\Downloads\tightvnc-2.8.63-gpl-setup-64bit.msi. Client Process Id: 1256.
Information,11/13/2021 6:31:54 PM,tvnserver,257,None,Service has been started successfully
Information,11/13/2021 6:31:42 PM,Microsoft-Windows-RestartManager,10000,None,Starting session 0 - ‎2021‎-‎11‎-‎14T02:31:42.520240700Z.
Information,11/13/2021 6:31:41 PM,MsiInstaller,1040,None,Beginning a Windows Installer transaction: C:\Users\Administrator\Downloads\tightvnc-2.8.63-gpl-setup-64bit.msi. Client Process Id: 1256.
Information,11/13/2021 6:31:00 PM,Microsoft-Windows-CAPI2,4097,None,"Successful auto update of third-party root certificate:: Subject: <CN=DigiCert Assured ID Root CA, OU=www.digicert.com, O=DigiCert Inc, C=US> Sha1 thumbprint: <0563B8630D62D75ABBC8AB1E4BDFB5A899B24D43>."
Information,11/13/2021 6:19:03 PM,Microsoft-Windows-Security-SPP,16384,None,Successfully scheduled Software Protection service for re-start at 2121-10-21T02:19:03Z. Reason: RulesEngine.
Information,11/13/2021 6:18:29 PM,Microsoft-Windows-Security-SPP,16394,None,Offline downlevel migration succeeded.
Information,11/13/2021 6:12:04 PM,Microsoft-Windows-LoadPerf,1000,None,Performance counters for the WmiApRpl (WmiApRpl) service were loaded successfully. The Record Data in the data section contains the new index values assigned to this service.
Information,11/13/2021 6:12:04 PM,Microsoft-Windows-LoadPerf,1001,None,Performance counters for the WmiApRpl (WmiApRpl) service were removed successfully. The Record Data contains the new values of the system Last Counter and Last Help registry entries.
Information,11/13/2021 6:10:53 PM,Microsoft-Windows-Security-SPP,903,None,"The Software Protection service has stopped.
"
Information,11/13/2021 6:10:53 PM,Microsoft-Windows-Security-SPP,16384,None,Successfully scheduled Software Protection service for re-start at 2121-10-21T02:10:52Z. Reason: RulesEngine.
Information,11/13/2021 6:10:22 PM,Microsoft-Windows-Security-SPP,902,None,"The Software Protection service has started.
10.0.20348.169"
Information,11/13/2021 6:10:22 PM,Microsoft-Windows-Security-SPP,1003,None,"The Software Protection service has completed licensing status check.
Application Id=55c92734-d682-4d71-983e-d6ec3f16059f
Licensing Status=
1: 1ea11e95-b7b5-49f8-b3b8-164805630e84, 1, 1 [(0 [0x00000000, 1, 0], [(?)( 1 0x00000000)(?)( 2 0x00000000 0 0 msft:rm/algorithm/hwid/4.0 0x00000000 0)(?)(?)( 10 0x00000000 msft:rm/algorithm/flags/1.0)(?)])(1 )(2 )(3 )]
2: 22105925-48c3-4ff4-a294-f654bb27e390, 1, 0 [(0 [0xC004F014, 0, 0], [(?)(?)(?)(?)(?)(?)(?)(?)])(1 )(2 )(3 )]
3: 27c4e172-0f4c-4a2d-86f0-ebfd77a583ce, 1, 0 [(0 [0xC004F014, 0, 0], [(?)(?)(?)(?)(?)(?)(?)(?)])(1 )(2 )(3 )]
4: 3f1a0b3b-cefc-48e4-8502-53299ec06146, 1, 0 [(0 [0xC004F014, 0, 0], [(?)(?)(?)(?)(?)(?)(?)(?)])(1 )(2 )(3 )]
5: 661f7658-7035-4b4c-9f35-010682943ec2, 1, 0 [(0 [0xC004F014, 0, 0], [(?)(?)(?)(?)(?)(?)(?)(?)])(1 )(2 )(3 )]
6: 716317e3-9177-41f8-a772-361050bb1b7f, 1, 0 [(0 [0xC004F014, 0, 0], [(?)(?)(?)(?)(?)(?)(?)(?)])(1 )(2 )(3 )]
7: 8f97e374-1be6-46d5-bb24-61f9d6400caf, 1, 0 [(0 [0xC004F014, 0, 0], [(?)(?)(?)(?)(?)(?)(?)(?)])(1 )(2 )(3 )]
8: 929d118a-4950-4d06-9ff1-ecd794f7d740, 1, 0 [(0 [0xC004F014, 0, 0], [(?)(?)(?)(?)(?)(?)(?)(?)])(1 )(2 )(3 )]
9: 9bd77860-9b31-4b7b-96ad-2564017315bf, 1, 0 [(0 [0xC004F014, 0, 0], [(?)(?)(?)(?)(?)(?)(?)(?)])(1 )(2 )(3 )]
10: b1c68fb2-b632-47a2-8719-488cc128b728, 1, 0 [(0 [0xC004F014, 0, 0], [(?)(?)(?)(?)(?)(?)(?)(?)])(1 )(2 )(3 )]
11: ce624156-a391-4585-93f9-7fb37405fbda, 1, 0 [(0 [0xC004F014, 0, 0], [(?)(?)(?)(?)(?)(?)(?)(?)])(1 )(2 )(3 )]
12: e73aabfa-12bc-4705-b551-2dd076bebc7d, 1, 0 [(0 [0xC004F014, 0, 0], [(?)(?)(?)(?)(?)(?)(?)(?)])(1 )(2 )(3 )]
13: ffa0a98f-b13f-4433-91f4-8aff126ed407, 1, 0 [(0 [0xC004F014, 0, 0], [(?)(?)(?)(?)(?)(?)(?)(?)])(1 )(2 )(3 )]

"
Information,11/13/2021 6:10:22 PM,Microsoft-Windows-Security-SPP,1066,None,"Initialization status for service objects.
C:\Windows\system32\sppwinob.dll, msft:spp/windowsfunctionality/agent/7.0, 0x00000000, 0x00000000
C:\Windows\system32\sppobjs.dll, msft:rm/algorithm/inherited/1.0, 0x00000000, 0x00000000
C:\Windows\system32\sppobjs.dll, msft:rm/algorithm/phone/1.0, 0x00000000, 0x00000000
C:\Windows\system32\sppobjs.dll, msft:rm/algorithm/pkey/detect, 0x00000000, 0x00000000
C:\Windows\system32\sppobjs.dll, msft:spp/ActionScheduler/1.0, 0x00000000, 0x00000000
C:\Windows\system32\sppobjs.dll, msft:spp/TaskScheduler/1.0, 0x00000000, 0x00000000
C:\Windows\system32\sppobjs.dll, msft:spp/statecollector/pkey, 0x00000000, 0x00000000
C:\Windows\system32\sppobjs.dll, msft:spp/volume/services/kms/1.0, 0x00000000, 0x00000000
C:\Windows\system32\sppobjs.dll, msft:spp/volume/services/kms/activationinfo/1.0, 0x00000000, 0x00000000
"
Information,11/13/2021 6:10:21 PM,Microsoft-Windows-Security-SPP,16394,None,Offline downlevel migration succeeded.
Information,11/13/2021 6:10:12 PM,Microsoft-Windows-Security-SPP,900,None,"The Software Protection service is starting.
Parameters:<explicit>"
Information,11/13/2021 6:10:08 PM,Microsoft-Windows-MSDTC 2,4202,TM,"MSDTC started with the following settings: Security Configuration (OFF = 0 and ON = 1): Allow Remote Administrator = 0, Network Clients = 0, Transaction Manager Communication:  Allow Inbound Transactions = 0, Allow Outbound Transactions = 0, Transaction Internet Protocol (TIP) = 0,  Enable XA Transactions = 0,  Enable SNA LU 6.2 Transactions = 1,  MSDTC Communications Security = Mutual Authentication Required, Account = NT AUTHORITY\NetworkService,  Firewall Exclusion Detected = 0 Transaction Bridge Installed = 0 Filtering Duplicate Events = 1"
Information,11/13/2021 6:10:00 PM,edgeupdate,0,None,Service stopped.
Information,11/13/2021 6:09:10 PM,Microsoft-Windows-Winlogon,6000,None,The winlogon notification subscriber <SessionEnv> was unavailable to handle a notification event.
Information,11/13/2021 6:09:03 PM,Microsoft-Windows-Winlogon,6003,None,The winlogon notification subscriber <SessionEnv> was unavailable to handle a critical notification event.
Information,11/13/2021 6:08:58 PM,Microsoft-Windows-WMI,5617,None,Windows Management Instrumentation Service subsystems initialized successfully
Information,11/13/2021 6:07:54 PM,Microsoft-Windows-WMI,5615,None,Windows Management Instrumentation Service started sucessfully
Information,11/13/2021 6:07:45 PM,Microsoft-Windows-User Profiles Service,1531,None,"The User Profile Service has started successfully.  

"
Information,11/13/2021 6:07:46 PM,Desktop Window Manager,9027,None,The Desktop Window Manager has registered the session port.
Information,11/13/2021 6:06:42 PM,Microsoft-Windows-User Profiles Service,1532,None,"The User Profile Service has stopped.  

"
