Information,11/13/2021 1:35:03 PM,Microsoft-Windows-Security-SPP,16384,None,Successfully scheduled Software Protection service for re-start at 2121-10-20T21:35:02Z. Reason: RulesEngine.
Information,11/13/2021 1:34:32 PM,Microsoft-Windows-Security-SPP,16394,None,Offline downlevel migration succeeded.
Information,11/13/2021 1:34:25 PM,Microsoft-Windows-Security-SPP,903,None,"The Software Protection service has stopped.
"
Information,11/13/2021 1:34:25 PM,Microsoft-Windows-Security-SPP,16384,None,Successfully scheduled Software Protection service for re-start at 2121-10-20T21:34:24Z. Reason: RulesEngine.
Information,11/13/2021 1:33:41 PM,Microsoft-Windows-Security-SPP,902,None,"The Software Protection service has started.
10.0.20348.169"
Information,11/13/2021 1:33:41 PM,Microsoft-Windows-Security-SPP,1003,None,"The Software Protection service has completed licensing status check.
Application Id=55c92734-d682-4d71-983e-d6ec3f16059f
Licensing Status=
1: 1ea11e95-b7b5-49f8-b3b8-164805630e84, 1, 1 [(0 [0x00000000, 1, 0], [(?)( 1 0x00000000)(?)( 2 0x00000000 0 0 msft:rm/algorithm/hwid/4.0 0x00000000 0)(?)(?)( 10 0x00000000 msft:rm/algorithm/flags/1.0)(?)])(1 )(2 )(3 )]
2: 22105925-48c3-4ff4-a294-f654bb27e390, 1, 0 [(0 [0xC004F014, 0, 0], [(?)(?)(?)(?)(?)(?)(?)(?)])(1 )(2 )(3 )]
3: 27c4e172-0f4c-4a2d-86f0-ebfd77a583ce, 1, 0 [(0 [0xC004F014, 0, 0], [(?)(?)(?)(?)(?)(?)(?)(?)])(1 )(2 )(3 )]
4: 3f1a0b3b-cefc-48e4-8502-53299ec06146, 1, 0 [(0 [0xC004F014, 0, 0], [(?)(?)(?)(?)(?)(?)(?)(?)])(1 )(2 )(3 )]
5: 661f7658-7035-4b4c-9f35-010682943ec2, 1, 0 [(0 [0xC004F014, 0, 0], [(?)(?)(?)(?)(?)(?)(?)(?)])(1 )(2 )(3 )]
6: 716317e3-9177-41f8-a772-361050bb1b7f, 1, 0 [(0 [0xC004F014, 0, 0], [(?)(?)(?)(?)(?)(?)(?)(?)])(1 )(2 )(3 )]
7: 8f97e374-1be6-46d5-bb24-61f9d6400caf, 1, 0 [(0 [0xC004F014, 0, 0], [(?)(?)(?)(?)(?)(?)(?)(?)])(1 )(2 )(3 )]
8: 929d118a-4950-4d06-9ff1-ecd794f7d740, 1, 0 [(0 [0xC004F014, 0, 0], [(?)(?)(?)(?)(?)(?)(?)(?)])(1 )(2 )(3 )]
9: 9bd77860-9b31-4b7b-96ad-2564017315bf, 1, 0 [(0 [0xC004F014, 0, 0], [(?)(?)(?)(?)(?)(?)(?)(?)])(1 )(2 )(3 )]
10: b1c68fb2-b632-47a2-8719-488cc128b728, 1, 0 [(0 [0xC004F014, 0, 0], [(?)(?)(?)(?)(?)(?)(?)(?)])(1 )(2 )(3 )]
11: ce624156-a391-4585-93f9-7fb37405fbda, 1, 0 [(0 [0xC004F014, 0, 0], [(?)(?)(?)(?)(?)(?)(?)(?)])(1 )(2 )(3 )]
12: e73aabfa-12bc-4705-b551-2dd076bebc7d, 1, 0 [(0 [0xC004F014, 0, 0], [(?)(?)(?)(?)(?)(?)(?)(?)])(1 )(2 )(3 )]
13: ffa0a98f-b13f-4433-91f4-8aff126ed407, 1, 0 [(0 [0xC004F014, 0, 0], [(?)(?)(?)(?)(?)(?)(?)(?)])(1 )(2 )(3 )]

"
Information,11/13/2021 1:33:41 PM,Microsoft-Windows-Security-SPP,1066,None,"Initialization status for service objects.
C:\Windows\system32\sppwinob.dll, msft:spp/windowsfunctionality/agent/7.0, 0x00000000, 0x00000000
C:\Windows\system32\sppobjs.dll, msft:rm/algorithm/inherited/1.0, 0x00000000, 0x00000000
C:\Windows\system32\sppobjs.dll, msft:rm/algorithm/phone/1.0, 0x00000000, 0x00000000
C:\Windows\system32\sppobjs.dll, msft:rm/algorithm/pkey/detect, 0x00000000, 0x00000000
C:\Windows\system32\sppobjs.dll, msft:spp/ActionScheduler/1.0, 0x00000000, 0x00000000
C:\Windows\system32\sppobjs.dll, msft:spp/TaskScheduler/1.0, 0x00000000, 0x00000000
C:\Windows\system32\sppobjs.dll, msft:spp/statecollector/pkey, 0x00000000, 0x00000000
C:\Windows\system32\sppobjs.dll, msft:spp/volume/services/kms/1.0, 0x00000000, 0x00000000
C:\Windows\system32\sppobjs.dll, msft:spp/volume/services/kms/activationinfo/1.0, 0x00000000, 0x00000000
"
Information,11/13/2021 1:33:40 PM,Microsoft-Windows-Security-SPP,16394,None,Offline downlevel migration succeeded.
Information,11/13/2021 1:33:39 PM,Microsoft-Windows-Security-SPP,900,None,"The Software Protection service is starting.
Parameters:TriggerStarted:6"
Information,11/13/2021 1:33:33 PM,Microsoft-Windows-Winlogon,6000,None,The winlogon notification subscriber <SessionEnv> was unavailable to handle a notification event.
Information,11/13/2021 1:33:23 PM,Microsoft-Windows-Winlogon,6003,None,The winlogon notification subscriber <SessionEnv> was unavailable to handle a critical notification event.
Information,11/13/2021 1:33:21 PM,Microsoft-Windows-WMI,5617,None,Windows Management Instrumentation Service subsystems initialized successfully
Information,11/13/2021 1:32:40 PM,Microsoft-Windows-WMI,5611,None,The Windows Management Instrumentation service has detected an inconsistent system shutdown.
Information,11/13/2021 9:32:19 PM,Microsoft-Windows-WMI,5615,None,Windows Management Instrumentation Service started sucessfully
Information,11/13/2021 9:32:04 PM,Microsoft-Windows-User Profiles Service,1531,None,"The User Profile Service has started successfully.  

"
Information,10/13/2021 3:59:18 PM,Microsoft-Windows-Security-SPP,16384,None,Successfully scheduled Software Protection service for re-start at 2121-09-19T22:59:18Z. Reason: RulesEngine.
Information,10/13/2021 3:57:36 PM,Microsoft-Windows-Security-SPP,16394,None,Offline downlevel migration succeeded.
Information,10/13/2021 3:56:35 PM,edgeupdate,0,None,Service stopped.
Information,10/13/2021 3:55:38 PM,Microsoft-Windows-Security-SPP,903,None,"The Software Protection service has stopped.
"
Information,10/13/2021 3:55:38 PM,Microsoft-Windows-Security-SPP,16384,None,Successfully scheduled Software Protection service for re-start at 2121-09-19T22:55:37Z. Reason: RulesEngine.
Information,10/13/2021 3:55:07 PM,Microsoft-Windows-Security-SPP,902,None,"The Software Protection service has started.
10.0.20348.169"
Information,10/13/2021 3:55:06 PM,Microsoft-Windows-Security-SPP,1003,None,"The Software Protection service has completed licensing status check.
Application Id=55c92734-d682-4d71-983e-d6ec3f16059f
Licensing Status=
1: 1ea11e95-b7b5-49f8-b3b8-164805630e84, 1, 1 [(0 [0x00000000, 1, 0], [(?)( 1 0x00000000)(?)( 2 0x00000000 0 0 msft:rm/algorithm/hwid/4.0 0x00000000 0)(?)(?)( 10 0x00000000 msft:rm/algorithm/flags/1.0)(?)])(1 )(2 )(3 )]
2: 22105925-48c3-4ff4-a294-f654bb27e390, 1, 0 [(0 [0xC004F014, 0, 0], [(?)(?)(?)(?)(?)(?)(?)(?)])(1 )(2 )(3 )]
3: 27c4e172-0f4c-4a2d-86f0-ebfd77a583ce, 1, 0 [(0 [0xC004F014, 0, 0], [(?)(?)(?)(?)(?)(?)(?)(?)])(1 )(2 )(3 )]
4: 3f1a0b3b-cefc-48e4-8502-53299ec06146, 1, 0 [(0 [0xC004F014, 0, 0], [(?)(?)(?)(?)(?)(?)(?)(?)])(1 )(2 )(3 )]
5: 661f7658-7035-4b4c-9f35-010682943ec2, 1, 0 [(0 [0xC004F014, 0, 0], [(?)(?)(?)(?)(?)(?)(?)(?)])(1 )(2 )(3 )]
6: 716317e3-9177-41f8-a772-361050bb1b7f, 1, 0 [(0 [0xC004F014, 0, 0], [(?)(?)(?)(?)(?)(?)(?)(?)])(1 )(2 )(3 )]
7: 8f97e374-1be6-46d5-bb24-61f9d6400caf, 1, 0 [(0 [0xC004F014, 0, 0], [(?)(?)(?)(?)(?)(?)(?)(?)])(1 )(2 )(3 )]
8: 929d118a-4950-4d06-9ff1-ecd794f7d740, 1, 0 [(0 [0xC004F014, 0, 0], [(?)(?)(?)(?)(?)(?)(?)(?)])(1 )(2 )(3 )]
9: 9bd77860-9b31-4b7b-96ad-2564017315bf, 1, 0 [(0 [0xC004F014, 0, 0], [(?)(?)(?)(?)(?)(?)(?)(?)])(1 )(2 )(3 )]
10: b1c68fb2-b632-47a2-8719-488cc128b728, 1, 0 [(0 [0xC004F014, 0, 0], [(?)(?)(?)(?)(?)(?)(?)(?)])(1 )(2 )(3 )]
11: ce624156-a391-4585-93f9-7fb37405fbda, 1, 0 [(0 [0xC004F014, 0, 0], [(?)(?)(?)(?)(?)(?)(?)(?)])(1 )(2 )(3 )]
12: e73aabfa-12bc-4705-b551-2dd076bebc7d, 1, 0 [(0 [0xC004F014, 0, 0], [(?)(?)(?)(?)(?)(?)(?)(?)])(1 )(2 )(3 )]
13: ffa0a98f-b13f-4433-91f4-8aff126ed407, 1, 0 [(0 [0xC004F014, 0, 0], [(?)(?)(?)(?)(?)(?)(?)(?)])(1 )(2 )(3 )]

"
Information,10/13/2021 3:55:05 PM,Microsoft-Windows-Security-SPP,1066,None,"Initialization status for service objects.
C:\Windows\system32\sppwinob.dll, msft:spp/windowsfunctionality/agent/7.0, 0x00000000, 0x00000000
C:\Windows\system32\sppobjs.dll, msft:rm/algorithm/inherited/1.0, 0x00000000, 0x00000000
C:\Windows\system32\sppobjs.dll, msft:rm/algorithm/phone/1.0, 0x00000000, 0x00000000
C:\Windows\system32\sppobjs.dll, msft:rm/algorithm/pkey/detect, 0x00000000, 0x00000000
C:\Windows\system32\sppobjs.dll, msft:spp/ActionScheduler/1.0, 0x00000000, 0x00000000
C:\Windows\system32\sppobjs.dll, msft:spp/TaskScheduler/1.0, 0x00000000, 0x00000000
C:\Windows\system32\sppobjs.dll, msft:spp/statecollector/pkey, 0x00000000, 0x00000000
C:\Windows\system32\sppobjs.dll, msft:spp/volume/services/kms/1.0, 0x00000000, 0x00000000
C:\Windows\system32\sppobjs.dll, msft:spp/volume/services/kms/activationinfo/1.0, 0x00000000, 0x00000000
"
Information,10/13/2021 3:55:01 PM,Microsoft-Windows-Security-SPP,16394,None,Offline downlevel migration succeeded.
Information,10/13/2021 3:54:55 PM,Microsoft-Windows-Security-SPP,900,None,"The Software Protection service is starting.
Parameters:<explicit>"
Information,10/13/2021 3:54:51 PM,Microsoft-Windows-MSDTC 2,4202,TM,"MSDTC started with the following settings: Security Configuration (OFF = 0 and ON = 1): Allow Remote Administrator = 0, Network Clients = 0, Transaction Manager Communication:  Allow Inbound Transactions = 0, Allow Outbound Transactions = 0, Transaction Internet Protocol (TIP) = 0,  Enable XA Transactions = 0,  Enable SNA LU 6.2 Transactions = 1,  MSDTC Communications Security = Mutual Authentication Required, Account = NT AUTHORITY\NetworkService,  Firewall Exclusion Detected = 0 Transaction Bridge Installed = 0 Filtering Duplicate Events = 1"
Information,10/13/2021 3:54:50 PM,edgeupdate,0,None,Service stopped.
Information,10/13/2021 3:53:31 PM,Microsoft-Windows-Winlogon,6000,None,The winlogon notification subscriber <SessionEnv> was unavailable to handle a notification event.
Information,10/13/2021 3:53:23 PM,Microsoft-Windows-WMI,5617,None,Windows Management Instrumentation Service subsystems initialized successfully
Information,10/13/2021 3:53:24 PM,Microsoft-Windows-Winlogon,6003,None,The winlogon notification subscriber <SessionEnv> was unavailable to handle a critical notification event.
Information,10/13/2021 3:53:10 PM,Microsoft-Windows-WMI,5611,None,The Windows Management Instrumentation service has detected an inconsistent system shutdown.
Information,10/13/2021 3:52:48 PM,Microsoft-Windows-WMI,5615,None,Windows Management Instrumentation Service started sucessfully
Information,10/13/2021 3:52:40 PM,Microsoft-Windows-User Profiles Service,1531,None,"The User Profile Service has started successfully.  

"
Information,10/2/2021 5:33:29 AM,.NET Runtime Optimization Service,1130,None,.NET Runtime Optimization Service (4.0.30319.0) - Installed from repository: mscorlib
Information,10/2/2021 5:25:29 AM,.NET Runtime Optimization Service,1130,None,.NET Runtime Optimization Service (4.0.30319.0) - Installed from repository: mscorlib
Information,10/2/2021 5:20:26 AM,Microsoft-Windows-CAPI2,4097,None,"Successful auto update of third-party root certificate:: Subject: <CN=ISRG Root X1, O=Internet Security Research Group, C=US> Sha1 thumbprint: <CABD2A79A1076A31F21D253635CB039D4329A5E8>."
Information,10/2/2021 5:20:26 AM,Microsoft-Windows-CAPI2,4100,None,Successful auto update retrieval of third-party root certificate from: <http://ctldl.windowsupdate.com/msdownload/update/v3/static/trustedr/en/CABD2A79A1076A31F21D253635CB039D4329A5E8.crt>.
Information,10/2/2021 5:20:26 AM,Microsoft-Windows-CAPI2,4111,None,"Successful auto update of third-party root list with effective date: ‎Friday, ‎September ‎10, ‎2021 9:09:29 AM."
Information,10/2/2021 5:20:26 AM,Microsoft-Windows-CAPI2,4109,None,"Successful auto property update of third-party root certificate:: Subject: <OU=Go Daddy Class 2 Certification Authority, O=""The Go Daddy Group, Inc."", C=US> Sha1 thumbprint: <2796BAE63F1801E277261BA0D77770028F20EEE4>."
Information,10/2/2021 5:20:26 AM,Microsoft-Windows-CAPI2,4108,None,"Successful auto delete of third-party root certificate:: Subject: <OU=Class 3 Public Primary Certification Authority, O=""VeriSign, Inc."", C=US> Sha1 thumbprint: <4F65566336DB6598581D584A596C87934D5F2AB4>."
Information,10/2/2021 5:20:26 AM,Microsoft-Windows-CAPI2,4109,None,"Successful auto property update of third-party root certificate:: Subject: <OU=Class 3 Public Primary Certification Authority, O=""VeriSign, Inc."", C=US> Sha1 thumbprint: <742C3192E607E424EB4549542BE1BBC53E6174E2>."
Information,10/2/2021 5:20:26 AM,Microsoft-Windows-CAPI2,4109,None,"Successful auto property update of third-party root certificate:: Subject: <CN=DigiCert Global Root CA, OU=www.digicert.com, O=DigiCert Inc, C=US> Sha1 thumbprint: <A8985D3A65E5E5C4B2D7D66D40C6DD2FB19C5436>."
Information,10/2/2021 5:20:26 AM,Microsoft-Windows-CAPI2,4109,None,"Successful auto property update of third-party root certificate:: Subject: <OU=Starfield Class 2 Certification Authority, O=""Starfield Technologies, Inc."", C=US> Sha1 thumbprint: <AD7E1C28B064EF8F6003402014C3D0E3370EB58A>."
Information,10/2/2021 5:20:26 AM,Microsoft-Windows-CAPI2,4109,None,"Successful auto property update of third-party root certificate:: Subject: <CN=GlobalSign Root CA, OU=Root CA, O=GlobalSign nv-sa, C=BE> Sha1 thumbprint: <B1BC968BD4F49D622AA89A81F2150152A41D829C>."
Information,10/2/2021 5:20:26 AM,Microsoft-Windows-CAPI2,4109,None,"Successful auto property update of third-party root certificate:: Subject: <CN=AAA Certificate Services, O=Comodo CA Limited, L=Salford, S=Greater Manchester, C=GB> Sha1 thumbprint: <D1EB23A46D17D68FD92564C2F1F1601764D8E349>."
Information,10/2/2021 5:20:26 AM,Microsoft-Windows-CAPI2,4109,None,"Successful auto property update of third-party root certificate:: Subject: <CN=Baltimore CyberTrust Root, OU=CyberTrust, O=Baltimore, C=IE> Sha1 thumbprint: <D4DE20D05E66FC53FE1A50882C78DB2852CAE474>."
Information,10/2/2021 5:20:26 AM,Microsoft-Windows-CAPI2,4109,None,"Successful auto property update of third-party root certificate:: Subject: <CN=DST Root CA X3, O=Digital Signature Trust Co.> Sha1 thumbprint: <DAC9024F54D8F6DF94935FB1732638CA6AD77C13>."
Information,10/2/2021 5:20:26 AM,Microsoft-Windows-CAPI2,4109,None,"Successful auto property update of third-party root certificate:: Subject: <CN=DigiCert Global Root G2, OU=www.digicert.com, O=DigiCert Inc, C=US> Sha1 thumbprint: <DF3C24F9BFD666761B268073FE06D1CC8D4F82A4>."
Information,10/2/2021 5:20:26 AM,Microsoft-Windows-CAPI2,4097,None,"Successful auto update of third-party root certificate:: Subject: <CN=DST Root CA X3, O=Digital Signature Trust Co.> Sha1 thumbprint: <DAC9024F54D8F6DF94935FB1732638CA6AD77C13>."
Information,10/2/2021 5:19:35 AM,Microsoft-Windows-LoadPerf,1000,None,Performance counters for the WmiApRpl (WmiApRpl) service were loaded successfully. The Record Data in the data section contains the new index values assigned to this service.
Information,10/2/2021 5:19:35 AM,Microsoft-Windows-LoadPerf,1001,None,Performance counters for the WmiApRpl (WmiApRpl) service were removed successfully. The Record Data contains the new values of the system Last Counter and Last Help registry entries.
Information,10/2/2021 5:18:18 AM,Microsoft-Windows-Security-SPP,903,None,"The Software Protection service has stopped.
"
Information,10/2/2021 5:18:18 AM,Microsoft-Windows-Security-SPP,16384,None,Successfully scheduled Software Protection service for re-start at 2121-09-08T12:18:18Z. Reason: RulesEngine.
Information,10/2/2021 5:17:48 AM,Microsoft-Windows-Security-SPP,902,None,"The Software Protection service has started.
10.0.20348.169"
Information,10/2/2021 5:17:48 AM,Microsoft-Windows-Security-SPP,1003,None,"The Software Protection service has completed licensing status check.
Application Id=55c92734-d682-4d71-983e-d6ec3f16059f
Licensing Status=
1: 1ea11e95-b7b5-49f8-b3b8-164805630e84, 1, 0 [(0 [0x00000000, 1, 0], [(?)( 1 0x00000000)(?)( 2 0x00000000 0 0 msft:rm/algorithm/hwid/4.0 0x00000000 0)(?)(?)( 10 0x00000000 msft:rm/algorithm/flags/1.0)(?)])(1 )(2 )(3 )]
2: 22105925-48c3-4ff4-a294-f654bb27e390, 1, 0 [(0 [0xC004F014, 0, 0], [(?)(?)(?)(?)(?)(?)(?)(?)])(1 )(2 )(3 )]
3: 27c4e172-0f4c-4a2d-86f0-ebfd77a583ce, 1, 0 [(0 [0xC004F014, 0, 0], [(?)(?)(?)(?)(?)(?)(?)(?)])(1 )(2 )(3 )]
4: 3f1a0b3b-cefc-48e4-8502-53299ec06146, 1, 0 [(0 [0xC004F014, 0, 0], [(?)(?)(?)(?)(?)(?)(?)(?)])(1 )(2 )(3 )]
5: 661f7658-7035-4b4c-9f35-010682943ec2, 1, 0 [(0 [0xC004F014, 0, 0], [(?)(?)(?)(?)(?)(?)(?)(?)])(1 )(2 )(3 )]
6: 716317e3-9177-41f8-a772-361050bb1b7f, 1, 0 [(0 [0xC004F014, 0, 0], [(?)(?)(?)(?)(?)(?)(?)(?)])(1 )(2 )(3 )]
7: 8f97e374-1be6-46d5-bb24-61f9d6400caf, 1, 0 [(0 [0xC004F014, 0, 0], [(?)(?)(?)(?)(?)(?)(?)(?)])(1 )(2 )(3 )]
8: 929d118a-4950-4d06-9ff1-ecd794f7d740, 1, 0 [(0 [0xC004F014, 0, 0], [(?)(?)(?)(?)(?)(?)(?)(?)])(1 )(2 )(3 )]
9: 9bd77860-9b31-4b7b-96ad-2564017315bf, 1, 0 [(0 [0xC004F014, 0, 0], [(?)(?)(?)(?)(?)(?)(?)(?)])(1 )(2 )(3 )]
10: b1c68fb2-b632-47a2-8719-488cc128b728, 1, 0 [(0 [0xC004F014, 0, 0], [(?)(?)(?)(?)(?)(?)(?)(?)])(1 )(2 )(3 )]
11: ce624156-a391-4585-93f9-7fb37405fbda, 1, 0 [(0 [0xC004F014, 0, 0], [(?)(?)(?)(?)(?)(?)(?)(?)])(1 )(2 )(3 )]
12: e73aabfa-12bc-4705-b551-2dd076bebc7d, 1, 0 [(0 [0xC004F014, 0, 0], [(?)(?)(?)(?)(?)(?)(?)(?)])(1 )(2 )(3 )]
13: ffa0a98f-b13f-4433-91f4-8aff126ed407, 1, 0 [(0 [0xC004F014, 0, 0], [(?)(?)(?)(?)(?)(?)(?)(?)])(1 )(2 )(3 )]

"
Information,10/2/2021 5:17:48 AM,Microsoft-Windows-Security-SPP,1033,None,"These policies are being excluded since they are only defined with override-only attribute.
Policy Names=(Security-SPP-Reserved-EnableNotificationMode) 
App Id=55c92734-d682-4d71-983e-d6ec3f16059f
Sku Id=1ea11e95-b7b5-49f8-b3b8-164805630e84"
Information,10/2/2021 5:17:48 AM,Microsoft-Windows-Security-SPP,1034,None,Duplicate definition of policy found. Policy name=Security-SPP-WriteWauMarker  Priority=500
Information,10/2/2021 5:17:48 AM,Microsoft-Windows-Security-SPP,1034,None,Duplicate definition of policy found. Policy name=AAD-BlockAADWorkplaceJoin-Default  Priority=100
Information,10/2/2021 5:17:46 AM,Microsoft-Windows-Security-SPP,1066,None,"Initialization status for service objects.
C:\Windows\system32\sppwinob.dll, msft:spp/windowsfunctionality/agent/7.0, 0x00000000, 0x00000000
C:\Windows\system32\sppobjs.dll, msft:rm/algorithm/inherited/1.0, 0x00000000, 0x00000000
C:\Windows\system32\sppobjs.dll, msft:rm/algorithm/phone/1.0, 0x00000000, 0x00000000
C:\Windows\system32\sppobjs.dll, msft:rm/algorithm/pkey/detect, 0x00000000, 0x00000000
C:\Windows\system32\sppobjs.dll, msft:spp/ActionScheduler/1.0, 0x00000000, 0x00000000
C:\Windows\system32\sppobjs.dll, msft:spp/TaskScheduler/1.0, 0x00000000, 0x00000000
C:\Windows\system32\sppobjs.dll, msft:spp/statecollector/pkey, 0x00000000, 0x00000000
C:\Windows\system32\sppobjs.dll, msft:spp/volume/services/kms/1.0, 0x00000000, 0x00000000
C:\Windows\system32\sppobjs.dll, msft:spp/volume/services/kms/activationinfo/1.0, 0x00000000, 0x00000000
"
Information,10/2/2021 5:17:40 AM,Microsoft-Windows-Security-SPP,16394,None,Offline downlevel migration succeeded.
Information,10/2/2021 5:17:32 AM,Microsoft-Windows-Security-SPP,900,None,"The Software Protection service is starting.
Parameters:<explicit>"
Information,10/2/2021 5:17:26 AM,Microsoft-Windows-MSDTC 2,4202,TM,"MSDTC started with the following settings: Security Configuration (OFF = 0 and ON = 1): Allow Remote Administrator = 0, Network Clients = 0, Transaction Manager Communication:  Allow Inbound Transactions = 0, Allow Outbound Transactions = 0, Transaction Internet Protocol (TIP) = 0,  Enable XA Transactions = 0,  Enable SNA LU 6.2 Transactions = 1,  MSDTC Communications Security = Mutual Authentication Required, Account = NT AUTHORITY\NetworkService,  Firewall Exclusion Detected = 0 Transaction Bridge Installed = 0 Filtering Duplicate Events = 1"
Information,10/2/2021 5:17:25 AM,edgeupdate,0,None,Service stopped.
Information,10/2/2021 5:16:35 AM,Microsoft-Windows-WMI,5617,None,Windows Management Instrumentation Service subsystems initialized successfully
Information,10/2/2021 5:16:15 AM,Microsoft-Windows-Winlogon,6000,None,The winlogon notification subscriber <SessionEnv> was unavailable to handle a notification event.
Information,10/2/2021 5:16:03 AM,Microsoft-Windows-Winlogon,6003,None,The winlogon notification subscriber <SessionEnv> was unavailable to handle a critical notification event.
Information,10/2/2021 5:15:24 AM,Microsoft-Windows-WMI,5615,None,Windows Management Instrumentation Service started sucessfully
Information,10/2/2021 5:15:17 AM,Microsoft-Windows-User Profiles Service,1531,None,"The User Profile Service has started successfully.  

"
Information,10/2/2021 5:14:21 AM,Microsoft-Windows-User Profiles Service,1532,None,"The User Profile Service has stopped.  

"
Information,10/2/2021 5:14:21 AM,Microsoft-Windows-MSDTC,4111,SVC,The MS DTC service is stopping.
Information,10/2/2021 5:14:20 AM,VSS,8225,None,The VSS service is shutting down due to shutdown event from the Service Control Manager. 
Information,10/2/2021 5:09:09 AM,Microsoft-Windows-Winlogon,6000,None,The winlogon notification subscriber <SessionEnv> was unavailable to handle a notification event.
Information,10/2/2021 5:09:08 AM,Microsoft-Windows-Winlogon,6000,None,The winlogon notification subscriber <WSearch> was unavailable to handle a notification event.
Information,10/2/2021 5:04:24 AM,Microsoft-Windows-CAPI2,4097,None,"Successful auto update of third-party root certificate:: Subject: <OU=Go Daddy Class 2 Certification Authority, O=""The Go Daddy Group, Inc."", C=US> Sha1 thumbprint: <2796BAE63F1801E277261BA0D77770028F20EEE4>."
Information,10/2/2021 5:03:38 AM,Microsoft-Windows-CAPI2,4097,None,"Successful auto update of third-party root certificate:: Subject: <OU=Starfield Class 2 Certification Authority, O=""Starfield Technologies, Inc."", C=US> Sha1 thumbprint: <AD7E1C28B064EF8F6003402014C3D0E3370EB58A>."
Information,10/2/2021 5:03:38 AM,Microsoft-Windows-CAPI2,4097,None,"Successful auto update of third-party root certificate:: Subject: <CN=AAA Certificate Services, O=Comodo CA Limited, L=Salford, S=Greater Manchester, C=GB> Sha1 thumbprint: <D1EB23A46D17D68FD92564C2F1F1601764D8E349>."
Information,10/2/2021 5:03:38 AM,Microsoft-Windows-CAPI2,4097,None,"Successful auto update of third-party root certificate:: Subject: <CN=GlobalSign Root CA, OU=Root CA, O=GlobalSign nv-sa, C=BE> Sha1 thumbprint: <B1BC968BD4F49D622AA89A81F2150152A41D829C>."
Information,10/2/2021 5:03:38 AM,Microsoft-Windows-CAPI2,4097,None,"Successful auto update of third-party root certificate:: Subject: <CN=GlobalSign Root CA, OU=Root CA, O=GlobalSign nv-sa, C=BE> Sha1 thumbprint: <B1BC968BD4F49D622AA89A81F2150152A41D829C>."
Information,10/2/2021 5:03:38 AM,edgeupdate,0,None,Service stopped.
Information,10/2/2021 5:03:01 AM,VSS,8224,None,The VSS service is shutting down due to idle timeout. 
Information,10/2/2021 4:50:46 AM,Microsoft-Windows-LoadPerf,1000,None,Performance counters for the WmiApRpl (WmiApRpl) service were loaded successfully. The Record Data in the data section contains the new index values assigned to this service.
Information,10/2/2021 4:49:44 AM,Microsoft-Windows-Security-SPP,16384,None,Successfully scheduled Software Protection service for re-start at 2121-09-08T11:49:44Z. Reason: RulesEngine.
Information,10/2/2021 4:49:14 AM,Microsoft-Windows-Security-SPP,16394,None,Offline downlevel migration succeeded.
Information,10/2/2021 4:49:12 AM,Microsoft-Windows-Security-SPP,903,None,"The Software Protection service has stopped.
"
Information,10/2/2021 4:49:12 AM,Microsoft-Windows-Security-SPP,16384,None,Successfully scheduled Software Protection service for re-start at 2121-09-08T11:49:12Z. Reason: RulesEngine.
Information,10/2/2021 4:48:58 AM,Microsoft-Windows-MSDTC 2,4202,TM,"MSDTC started with the following settings: Security Configuration (OFF = 0 and ON = 1): Allow Remote Administrator = 0, Network Clients = 0, Transaction Manager Communication:  Allow Inbound Transactions = 0, Allow Outbound Transactions = 0, Transaction Internet Protocol (TIP) = 0,  Enable XA Transactions = 0,  Enable SNA LU 6.2 Transactions = 1,  MSDTC Communications Security = Mutual Authentication Required, Account = NT AUTHORITY\NetworkService,  Firewall Exclusion Detected = 0 Transaction Bridge Installed = 0 Filtering Duplicate Events = 1"
Information,10/2/2021 4:48:40 AM,Microsoft-Windows-Security-SPP,8197,None,"SLUI.exe was launched with the following command-line parameters:
RuleId=379cccfb-d4e0-48fe-b0f2-0136097be147;Action=CleanupState;AppId=55c92734-d682-4d71-983e-d6ec3f16059f;SkuId=1ea11e95-b7b5-49f8-b3b8-164805630e84;Trigger=TimerEvent"
Information,10/2/2021 4:48:40 AM,Microsoft-Windows-Security-SPP,8230,None,"The rules engine successfully re-evaluated the schedule.
Kernel policies:
Security-SPP-Action-StateData (REG_SZ) =AppId=55c92734-d682-4d71-983e-d6ec3f16059f;LastConsumptionReason=0x00000000;LastNotificationId=Cleanup;LicenseState=SL_LICENSING_STATUS_LICENSED;PartialProductKey=D7CXY;ProductKeyType=Retail;SkuId=1ea11e95-b7b5-49f8-b3b8-164805630e84;ruleId=379cccfb-d4e0-48fe-b0f2-0136097be147;uxDifferentiator=RETAIL"
Information,10/2/2021 4:48:31 AM,Microsoft-Windows-Security-SPP,8197,None,"SLUI.exe was launched with the following command-line parameters:
RuleId=31e71c49-8da7-4a2f-ad92-45d98a1c79ba;Action=AutoActivate;AppId=55c92734-d682-4d71-983e-d6ec3f16059f;SkuId=1ea11e95-b7b5-49f8-b3b8-164805630e84;NotificationInterval=1440;Trigger=UserLogon;SessionId=1"
Information,10/2/2021 4:48:31 AM,Microsoft-Windows-Security-SPP,1003,None,"The Software Protection service has completed licensing status check.
Application Id=55c92734-d682-4d71-983e-d6ec3f16059f
Licensing Status=
1: 1ea11e95-b7b5-49f8-b3b8-164805630e84, 1, 1 [(0 [0x00000000, 1, 0], [(?)( 1 0x00000000)(?)( 2 0x00000000 0 0 msft:rm/algorithm/hwid/4.0 0x00000000 0)(?)(?)( 10 0x00000000 msft:rm/algorithm/flags/1.0)(?)])(1 )(2 )(3 )]
2: 22105925-48c3-4ff4-a294-f654bb27e390, 1, 0 [(0 [0xC004F014, 0, 0], [(?)(?)(?)(?)(?)(?)(?)(?)])(1 )(2 )(3 )]
3: 27c4e172-0f4c-4a2d-86f0-ebfd77a583ce, 1, 0 [(0 [0xC004F014, 0, 0], [(?)(?)(?)(?)(?)(?)(?)(?)])(1 )(2 )(3 )]
4: 3f1a0b3b-cefc-48e4-8502-53299ec06146, 1, 0 [(0 [0xC004F014, 0, 0], [(?)(?)(?)(?)(?)(?)(?)(?)])(1 )(2 )(3 )]
5: 661f7658-7035-4b4c-9f35-010682943ec2, 1, 0 [(0 [0xC004F014, 0, 0], [(?)(?)(?)(?)(?)(?)(?)(?)])(1 )(2 )(3 )]
6: 716317e3-9177-41f8-a772-361050bb1b7f, 1, 0 [(0 [0xC004F014, 0, 0], [(?)(?)(?)(?)(?)(?)(?)(?)])(1 )(2 )(3 )]
7: 8f97e374-1be6-46d5-bb24-61f9d6400caf, 1, 0 [(0 [0xC004F014, 0, 0], [(?)(?)(?)(?)(?)(?)(?)(?)])(1 )(2 )(3 )]
8: 929d118a-4950-4d06-9ff1-ecd794f7d740, 1, 0 [(0 [0xC004F014, 0, 0], [(?)(?)(?)(?)(?)(?)(?)(?)])(1 )(2 )(3 )]
9: 9bd77860-9b31-4b7b-96ad-2564017315bf, 1, 0 [(0 [0xC004F014, 0, 0], [(?)(?)(?)(?)(?)(?)(?)(?)])(1 )(2 )(3 )]
10: b1c68fb2-b632-47a2-8719-488cc128b728, 1, 0 [(0 [0xC004F014, 0, 0], [(?)(?)(?)(?)(?)(?)(?)(?)])(1 )(2 )(3 )]
11: ce624156-a391-4585-93f9-7fb37405fbda, 1, 0 [(0 [0xC004F014, 0, 0], [(?)(?)(?)(?)(?)(?)(?)(?)])(1 )(2 )(3 )]
12: e73aabfa-12bc-4705-b551-2dd076bebc7d, 1, 0 [(0 [0xC004F014, 0, 0], [(?)(?)(?)(?)(?)(?)(?)(?)])(1 )(2 )(3 )]
13: ffa0a98f-b13f-4433-91f4-8aff126ed407, 1, 0 [(0 [0xC004F014, 0, 0], [(?)(?)(?)(?)(?)(?)(?)(?)])(1 )(2 )(3 )]

"
Information,10/2/2021 4:48:31 AM,Microsoft-Windows-Security-SPP,16388,None,The current time is 2021-10-02T11:48:31Z : 2021-10-02T20:47:17Z.
Information,10/2/2021 4:48:31 AM,Microsoft-Windows-Security-SPP,1003,None,"The Software Protection service has completed licensing status check.
Application Id=55c92734-d682-4d71-983e-d6ec3f16059f
Licensing Status=
1: 1ea11e95-b7b5-49f8-b3b8-164805630e84, 1, 1 [(0 [0x00000000, 1, 0], [(?)( 1 0x00000000)(?)( 2 0x00000000 0 0 msft:rm/algorithm/hwid/4.0 0x00000000 0)(?)(?)( 10 0x00000000 msft:rm/algorithm/flags/1.0)(?)])(1 )(2 )(3 )]
2: 22105925-48c3-4ff4-a294-f654bb27e390, 1, 0 [(0 [0xC004F014, 0, 0], [(?)(?)(?)(?)(?)(?)(?)(?)])(1 )(2 )(3 )]
3: 27c4e172-0f4c-4a2d-86f0-ebfd77a583ce, 1, 0 [(0 [0xC004F014, 0, 0], [(?)(?)(?)(?)(?)(?)(?)(?)])(1 )(2 )(3 )]
4: 3f1a0b3b-cefc-48e4-8502-53299ec06146, 1, 0 [(0 [0xC004F014, 0, 0], [(?)(?)(?)(?)(?)(?)(?)(?)])(1 )(2 )(3 )]
5: 661f7658-7035-4b4c-9f35-010682943ec2, 1, 0 [(0 [0xC004F014, 0, 0], [(?)(?)(?)(?)(?)(?)(?)(?)])(1 )(2 )(3 )]
6: 716317e3-9177-41f8-a772-361050bb1b7f, 1, 0 [(0 [0xC004F014, 0, 0], [(?)(?)(?)(?)(?)(?)(?)(?)])(1 )(2 )(3 )]
7: 8f97e374-1be6-46d5-bb24-61f9d6400caf, 1, 0 [(0 [0xC004F014, 0, 0], [(?)(?)(?)(?)(?)(?)(?)(?)])(1 )(2 )(3 )]
8: 929d118a-4950-4d06-9ff1-ecd794f7d740, 1, 0 [(0 [0xC004F014, 0, 0], [(?)(?)(?)(?)(?)(?)(?)(?)])(1 )(2 )(3 )]
9: 9bd77860-9b31-4b7b-96ad-2564017315bf, 1, 0 [(0 [0xC004F014, 0, 0], [(?)(?)(?)(?)(?)(?)(?)(?)])(1 )(2 )(3 )]
10: b1c68fb2-b632-47a2-8719-488cc128b728, 1, 0 [(0 [0xC004F014, 0, 0], [(?)(?)(?)(?)(?)(?)(?)(?)])(1 )(2 )(3 )]
11: ce624156-a391-4585-93f9-7fb37405fbda, 1, 0 [(0 [0xC004F014, 0, 0], [(?)(?)(?)(?)(?)(?)(?)(?)])(1 )(2 )(3 )]
12: e73aabfa-12bc-4705-b551-2dd076bebc7d, 1, 0 [(0 [0xC004F014, 0, 0], [(?)(?)(?)(?)(?)(?)(?)(?)])(1 )(2 )(3 )]
13: ffa0a98f-b13f-4433-91f4-8aff126ed407, 1, 0 [(0 [0xC004F014, 0, 0], [(?)(?)(?)(?)(?)(?)(?)(?)])(1 )(2 )(3 )]

"
Information,10/2/2021 4:48:31 AM,Microsoft-Windows-Security-SPP,1003,None,"The Software Protection service has completed licensing status check.
Application Id=55c92734-d682-4d71-983e-d6ec3f16059f
Licensing Status=
1: 1ea11e95-b7b5-49f8-b3b8-164805630e84, 1, 1 [(0 [0x00000000, 1, 0], [(?)( 1 0x00000000)(?)( 2 0x00000000 0 0 msft:rm/algorithm/hwid/4.0 0x00000000 0)(?)(?)( 10 0x00000000 msft:rm/algorithm/flags/1.0)(?)])(1 )(2 )(3 )]
2: 22105925-48c3-4ff4-a294-f654bb27e390, 1, 0 [(0 [0xC004F014, 0, 0], [(?)(?)(?)(?)(?)(?)(?)(?)])(1 )(2 )(3 )]
3: 27c4e172-0f4c-4a2d-86f0-ebfd77a583ce, 1, 0 [(0 [0xC004F014, 0, 0], [(?)(?)(?)(?)(?)(?)(?)(?)])(1 )(2 )(3 )]
4: 3f1a0b3b-cefc-48e4-8502-53299ec06146, 1, 0 [(0 [0xC004F014, 0, 0], [(?)(?)(?)(?)(?)(?)(?)(?)])(1 )(2 )(3 )]
5: 661f7658-7035-4b4c-9f35-010682943ec2, 1, 0 [(0 [0xC004F014, 0, 0], [(?)(?)(?)(?)(?)(?)(?)(?)])(1 )(2 )(3 )]
6: 716317e3-9177-41f8-a772-361050bb1b7f, 1, 0 [(0 [0xC004F014, 0, 0], [(?)(?)(?)(?)(?)(?)(?)(?)])(1 )(2 )(3 )]
7: 8f97e374-1be6-46d5-bb24-61f9d6400caf, 1, 0 [(0 [0xC004F014, 0, 0], [(?)(?)(?)(?)(?)(?)(?)(?)])(1 )(2 )(3 )]
8: 929d118a-4950-4d06-9ff1-ecd794f7d740, 1, 0 [(0 [0xC004F014, 0, 0], [(?)(?)(?)(?)(?)(?)(?)(?)])(1 )(2 )(3 )]
9: 9bd77860-9b31-4b7b-96ad-2564017315bf, 1, 0 [(0 [0xC004F014, 0, 0], [(?)(?)(?)(?)(?)(?)(?)(?)])(1 )(2 )(3 )]
10: b1c68fb2-b632-47a2-8719-488cc128b728, 1, 0 [(0 [0xC004F014, 0, 0], [(?)(?)(?)(?)(?)(?)(?)(?)])(1 )(2 )(3 )]
11: ce624156-a391-4585-93f9-7fb37405fbda, 1, 0 [(0 [0xC004F014, 0, 0], [(?)(?)(?)(?)(?)(?)(?)(?)])(1 )(2 )(3 )]
12: e73aabfa-12bc-4705-b551-2dd076bebc7d, 1, 0 [(0 [0xC004F014, 0, 0], [(?)(?)(?)(?)(?)(?)(?)(?)])(1 )(2 )(3 )]
13: ffa0a98f-b13f-4433-91f4-8aff126ed407, 1, 0 [(0 [0xC004F014, 0, 0], [(?)(?)(?)(?)(?)(?)(?)(?)])(1 )(2 )(3 )]

"
Information,10/2/2021 4:48:31 AM,Microsoft-Windows-Security-SPP,1033,None,"These policies are being excluded since they are only defined with override-only attribute.
Policy Names=(Security-SPP-Reserved-EnableNotificationMode) 
App Id=55c92734-d682-4d71-983e-d6ec3f16059f
Sku Id=1ea11e95-b7b5-49f8-b3b8-164805630e84"
Information,10/2/2021 4:48:31 AM,Microsoft-Windows-Security-SPP,1034,None,Duplicate definition of policy found. Policy name=Security-SPP-WriteWauMarker  Priority=500
Information,10/2/2021 4:48:30 AM,Microsoft-Windows-Security-SPP,1034,None,Duplicate definition of policy found. Policy name=AAD-BlockAADWorkplaceJoin-Default  Priority=100
Information,10/2/2021 4:48:30 AM,Microsoft-Windows-Security-SPP,12311,None,The MSA client has been successfully triggered to update the Device License
Information,10/2/2021 4:48:29 AM,Microsoft-Windows-Security-SPP,12304,None,Successfully acquired genuine ticket for template Id {99d92734-d682-4d71-983e-d6ec3f16059f}
Information,10/2/2021 4:48:29 AM,Microsoft-Windows-Security-SPP,12305,None,Genuine state set to genuine for application Id 55c92734-d682-4d71-983e-d6ec3f16059f
Information,10/2/2021 4:48:26 AM,Microsoft-Windows-Security-SPP,20489,None,"Genuine validation data collection ended. 
"
Information,10/2/2021 4:48:25 AM,Microsoft-Windows-Security-SPP,1034,None,Duplicate definition of policy found. Policy name=Security-SPP-WriteWauMarker  Priority=500
Information,10/2/2021 4:48:25 AM,Microsoft-Windows-Security-SPP,1034,None,Duplicate definition of policy found. Policy name=AAD-BlockAADWorkplaceJoin-Default  Priority=100
Information,10/2/2021 4:48:25 AM,Microsoft-Windows-Security-SPP,20482,None,"Health check passed. 
"
Information,10/2/2021 4:48:23 AM,Microsoft-Windows-Security-SPP,20481,None,"Health check initiated. 
"
Information,10/2/2021 4:48:20 AM,Microsoft-Windows-Security-SPP,20488,None,"Genuine validation data collection started. 
"
Information,10/2/2021 4:48:19 AM,Microsoft-Windows-Security-SPP,1067,None,"Genuine information set for application. 0x00000000, 1ea11e95-b7b5-49f8-b3b8-164805630e84, SL_ACTIVATION_VALIDATION_IN_PROGRESS.
"
Information,10/2/2021 4:48:19 AM,Microsoft-Windows-Security-SPP,1004,None,"The Software Protection service has successfully installed the license.
License Title=XrML 2.1 License - {msft:sl/EUL/ACTIVATED/PRIVATE}
License Id=d5ccdd1f-0673-44c7-a475-68202a70b733"
Information,10/2/2021 4:48:19 AM,Microsoft-Windows-Security-SPP,1004,None,"The Software Protection service has successfully installed the license.
License Title=XrML 2.1 License - {msft:sl/EUL/ACTIVATED/PUBLIC}
License Id=3fabe9fd-3513-40d0-bd4f-96712c8cbdba"
Information,10/2/2021 4:48:19 AM,Microsoft-Windows-Security-SPP,1013,None,"Acquisition of End User License was successful.
Sku Id=1ea11e95-b7b5-49f8-b3b8-164805630e84"
Information,10/2/2021 4:48:04 AM,Microsoft-Windows-Security-SPP,8230,None,"The rules engine successfully re-evaluated the schedule.
Kernel policies:
Security-SPP-Action-StateData (REG_SZ) =AppId=55c92734-d682-4d71-983e-d6ec3f16059f;LastConsumptionReason=0xc004f034;LastNotificationId=NeverActivated;LicenseState=SL_LICENSING_STATUS_NOTIFICATION;PartialProductKey=D7CXY;ProductKeyType=Retail;SkuId=1ea11e95-b7b5-49f8-b3b8-164805630e84;ruleId=31e71c49-8da7-4a2f-ad92-45d98a1c79ba;uxDifferentiator=RETAIL"
Information,10/2/2021 4:47:33 AM,Microsoft-Windows-CAPI2,4097,None,"Successful auto update of third-party root certificate:: Subject: <CN=DigiCert Global Root G2, OU=www.digicert.com, O=DigiCert Inc, C=US> Sha1 thumbprint: <DF3C24F9BFD666761B268073FE06D1CC8D4F82A4>."
Information,10/2/2021 4:47:26 AM,Microsoft-Windows-Security-SPP,16388,None,The current time is 2021-10-02T11:47:26Z : 2021-10-02T20:46:12Z.
Information,10/2/2021 4:46:39 AM,Microsoft-Windows-Winlogon,6000,None,The winlogon notification subscriber <SessionEnv> was unavailable to handle a notification event.
Information,10/2/2021 4:46:29 AM,Microsoft-Windows-Search-ProfileNotify,5,None,"Windows Search Service has created default configuration for new user 'WIN-V43N4HLGRLN\Administrator' .
"
Information,10/2/2021 4:46:16 AM,Microsoft-Windows-Winlogon,6003,None,The winlogon notification subscriber <SessionEnv> was unavailable to handle a critical notification event.
Information,10/2/2021 4:45:34 AM,Microsoft-Windows-WMI,5617,None,Windows Management Instrumentation Service subsystems initialized successfully
Information,10/2/2021 4:45:28 AM,Microsoft-Windows-CAPI2,4113,None,"Successful auto update of pin rules with effective date: ‎Wednesday, ‎May ‎31, ‎2017 4:28:59 PM."
Information,10/2/2021 4:44:57 AM,edgeupdate,0,None,Service stopped.
Information,10/2/2021 4:44:32 AM,Microsoft-Windows-CAPI2,4097,None,"Successful auto update of third-party root certificate:: Subject: <CN=Baltimore CyberTrust Root, OU=CyberTrust, O=Baltimore, C=IE> Sha1 thumbprint: <D4DE20D05E66FC53FE1A50882C78DB2852CAE474>."
Information,10/2/2021 4:44:27 AM,Microsoft-Windows-CAPI2,4112,None,"Successful auto update of disallowed certificate list with effective date: ‎Tuesday, ‎March ‎16, ‎2021 12:29:24 AM."
Information,10/2/2021 4:44:26 AM,Microsoft-Windows-CAPI2,4097,None,"Successful auto update of third-party root certificate:: Subject: <CN=DigiCert Global Root CA, OU=www.digicert.com, O=DigiCert Inc, C=US> Sha1 thumbprint: <A8985D3A65E5E5C4B2D7D66D40C6DD2FB19C5436>."
Information,10/2/2021 4:44:11 AM,Microsoft-Windows-Security-SPP,1003,None,"The Software Protection service has completed licensing status check.
Application Id=55c92734-d682-4d71-983e-d6ec3f16059f
Licensing Status=
1: 1ea11e95-b7b5-49f8-b3b8-164805630e84, 1, 0 [(0 )(1 )(2 [0xC004E003, 0, 0], [( 1 0xC004F034)( 1 0xC004F034)(?)(?)(?)(?)(?)(?)])(3 [0x00000000, 0, 0], [( 6 0xC004F009 0 0)( 1 0x00000000)( 6 0xC004F009 0 0)(?)(?)(?)( 10 0x00000000 msft:rm/algorithm/flags/1.0)( 11 0x00000000 0xC004F034)])]
2: 22105925-48c3-4ff4-a294-f654bb27e390, 1, 0 [(0 [0xC004F014, 0, 0], [(?)(?)(?)(?)(?)(?)(?)(?)])(1 )(2 )(3 )]
3: 27c4e172-0f4c-4a2d-86f0-ebfd77a583ce, 1, 0 [(0 [0xC004F014, 0, 0], [(?)(?)(?)(?)(?)(?)(?)(?)])(1 )(2 )(3 )]
4: 3f1a0b3b-cefc-48e4-8502-53299ec06146, 1, 0 [(0 [0xC004F014, 0, 0], [(?)(?)(?)(?)(?)(?)(?)(?)])(1 )(2 )(3 )]
5: 661f7658-7035-4b4c-9f35-010682943ec2, 1, 0 [(0 [0xC004F014, 0, 0], [(?)(?)(?)(?)(?)(?)(?)(?)])(1 )(2 )(3 )]
6: 716317e3-9177-41f8-a772-361050bb1b7f, 1, 0 [(0 [0xC004F014, 0, 0], [(?)(?)(?)(?)(?)(?)(?)(?)])(1 )(2 )(3 )]
7: 8f97e374-1be6-46d5-bb24-61f9d6400caf, 1, 0 [(0 [0xC004F014, 0, 0], [(?)(?)(?)(?)(?)(?)(?)(?)])(1 )(2 )(3 )]
8: 929d118a-4950-4d06-9ff1-ecd794f7d740, 1, 0 [(0 [0xC004F014, 0, 0], [(?)(?)(?)(?)(?)(?)(?)(?)])(1 )(2 )(3 )]
9: 9bd77860-9b31-4b7b-96ad-2564017315bf, 1, 0 [(0 [0xC004F014, 0, 0], [(?)(?)(?)(?)(?)(?)(?)(?)])(1 )(2 )(3 )]
10: b1c68fb2-b632-47a2-8719-488cc128b728, 1, 0 [(0 [0xC004F014, 0, 0], [(?)(?)(?)(?)(?)(?)(?)(?)])(1 )(2 )(3 )]
11: ce624156-a391-4585-93f9-7fb37405fbda, 1, 0 [(0 [0xC004F014, 0, 0], [(?)(?)(?)(?)(?)(?)(?)(?)])(1 )(2 )(3 )]
12: e73aabfa-12bc-4705-b551-2dd076bebc7d, 1, 0 [(0 [0xC004F014, 0, 0], [(?)(?)(?)(?)(?)(?)(?)(?)])(1 )(2 )(3 )]
13: ffa0a98f-b13f-4433-91f4-8aff126ed407, 1, 0 [(0 [0xC004F014, 0, 0], [(?)(?)(?)(?)(?)(?)(?)(?)])(1 )(2 )(3 )]

"
Information,10/2/2021 4:44:11 AM,Microsoft-Windows-Security-SPP,1034,None,Duplicate definition of policy found. Policy name=Security-SPP-WriteWauMarker  Priority=500
Information,10/2/2021 4:44:11 AM,Microsoft-Windows-Security-SPP,1034,None,Duplicate definition of policy found. Policy name=AAD-BlockAADWorkplaceJoin-Default  Priority=100
Information,10/2/2021 4:44:11 AM,Microsoft-Windows-Security-SPP,1016,None,"Proof of Purchase installed successfully. 
ACID=1ea11e95-b7b5-49f8-b3b8-164805630e84
PKeyId=245781e4-da5b-ddd3-585e-9250f47660d4"
Information,10/2/2021 4:44:03 AM,Microsoft-Windows-Security-SPP,902,None,"The Software Protection service has started.
10.0.20348.169"
Information,10/2/2021 4:44:03 AM,Microsoft-Windows-Security-SPP,1003,None,"The Software Protection service has completed licensing status check.
Application Id=55c92734-d682-4d71-983e-d6ec3f16059f
Licensing Status=
1: 1ea11e95-b7b5-49f8-b3b8-164805630e84, 1, 0 [(0 )(1 )(2 [0xC004E003, 0, 0], [( 1 0xC004F034)( 1 0xC004F034)(?)(?)(?)(?)(?)(?)])(3 [0x00000000, 0, 0], [( 6 0xC004F009 0 0)( 1 0x00000000)( 6 0xC004F009 0 0)(?)(?)(?)( 10 0x00000000 msft:rm/algorithm/flags/1.0)( 11 0x00000000 0xC004F034)])]
2: 22105925-48c3-4ff4-a294-f654bb27e390, 1, 0 [(0 [0xC004F014, 0, 0], [(?)(?)(?)(?)(?)(?)(?)(?)])(1 )(2 )(3 )]
3: 27c4e172-0f4c-4a2d-86f0-ebfd77a583ce, 1, 0 [(0 [0xC004F014, 0, 0], [(?)(?)(?)(?)(?)(?)(?)(?)])(1 )(2 )(3 )]
4: 3f1a0b3b-cefc-48e4-8502-53299ec06146, 1, 0 [(0 [0xC004F014, 0, 0], [(?)(?)(?)(?)(?)(?)(?)(?)])(1 )(2 )(3 )]
5: 661f7658-7035-4b4c-9f35-010682943ec2, 1, 0 [(0 [0xC004F014, 0, 0], [(?)(?)(?)(?)(?)(?)(?)(?)])(1 )(2 )(3 )]
6: 716317e3-9177-41f8-a772-361050bb1b7f, 1, 0 [(0 [0xC004F014, 0, 0], [(?)(?)(?)(?)(?)(?)(?)(?)])(1 )(2 )(3 )]
7: 8f97e374-1be6-46d5-bb24-61f9d6400caf, 1, 0 [(0 [0xC004F014, 0, 0], [(?)(?)(?)(?)(?)(?)(?)(?)])(1 )(2 )(3 )]
8: 929d118a-4950-4d06-9ff1-ecd794f7d740, 1, 0 [(0 [0xC004F014, 0, 0], [(?)(?)(?)(?)(?)(?)(?)(?)])(1 )(2 )(3 )]
9: 9bd77860-9b31-4b7b-96ad-2564017315bf, 1, 0 [(0 [0xC004F014, 0, 0], [(?)(?)(?)(?)(?)(?)(?)(?)])(1 )(2 )(3 )]
10: b1c68fb2-b632-47a2-8719-488cc128b728, 1, 0 [(0 [0xC004F014, 0, 0], [(?)(?)(?)(?)(?)(?)(?)(?)])(1 )(2 )(3 )]
11: ce624156-a391-4585-93f9-7fb37405fbda, 1, 0 [(0 [0xC004F014, 0, 0], [(?)(?)(?)(?)(?)(?)(?)(?)])(1 )(2 )(3 )]
12: e73aabfa-12bc-4705-b551-2dd076bebc7d, 1, 0 [(0 [0xC004F014, 0, 0], [(?)(?)(?)(?)(?)(?)(?)(?)])(1 )(2 )(3 )]
13: ffa0a98f-b13f-4433-91f4-8aff126ed407, 1, 0 [(0 [0xC004F014, 0, 0], [(?)(?)(?)(?)(?)(?)(?)(?)])(1 )(2 )(3 )]

"
Information,10/2/2021 4:44:03 AM,Microsoft-Windows-Security-SPP,1034,None,Duplicate definition of policy found. Policy name=Security-SPP-WriteWauMarker  Priority=500
Information,10/2/2021 4:44:03 AM,Microsoft-Windows-Security-SPP,1034,None,Duplicate definition of policy found. Policy name=AAD-BlockAADWorkplaceJoin-Default  Priority=100
Information,10/2/2021 4:44:02 AM,Microsoft-Windows-Security-SPP,1016,None,"Proof of Purchase installed successfully. 
ACID=1ea11e95-b7b5-49f8-b3b8-164805630e84
PKeyId=245781e4-da5b-ddd3-585e-9250f47660d4"
Information,10/2/2021 4:44:02 AM,Microsoft-Windows-Security-SPP,1004,None,"The Software Protection service has successfully installed the license.
License Title=Windows(R) UL inherited License (Private)
License Id=f2cf5930-35ab-455a-a8b0-c72a7954d258"
Information,10/2/2021 4:44:02 AM,Microsoft-Windows-Security-SPP,1004,None,"The Software Protection service has successfully installed the license.
License Title=Windows(R) UL inherited License (Public)
License Id=7a6f02ff-6fe9-4c90-a91d-ee761a14dd29"
Information,10/2/2021 4:44:02 AM,Microsoft-Windows-Security-SPP,1004,None,"The Software Protection service has successfully installed the license.
License Title=Windows(R) UL oob License (Private)
License Id=710cb6ef-cfff-4ea6-ac15-0baa1012ed8a"
Information,10/2/2021 4:44:02 AM,Microsoft-Windows-Security-SPP,1004,None,"The Software Protection service has successfully installed the license.
License Title=Windows(R) UL oob License (Public)
License Id=0b84329a-c153-4223-a12b-0722c8b4aafe"
Information,10/2/2021 4:44:01 AM,Microsoft-Windows-Security-SPP,1004,None,"The Software Protection service has successfully installed the license.
License Title=Windows(R) UL store License (Private)
License Id=913580ae-6cd2-473a-a8de-92cb9e742615"
Information,10/2/2021 4:44:01 AM,Microsoft-Windows-Security-SPP,1004,None,"The Software Protection service has successfully installed the license.
License Title=Windows(R) UL store License (Public)
License Id=feac068c-9f47-4a50-9a1b-d5336e0f370d"
Information,10/2/2021 4:44:01 AM,Microsoft-Windows-Security-SPP,1004,None,"The Software Protection service has successfully installed the license.
License Title=Windows(R) UL phone License (Private)
License Id=5d0e9b58-3020-4aa9-bd3e-4d1e9fa9ef3c"
Information,10/2/2021 4:44:01 AM,Microsoft-Windows-Security-SPP,1004,None,"The Software Protection service has successfully installed the license.
License Title=Windows(R) UL phone License (Public)
License Id=af33d93b-c128-4945-a567-737881e3762d"
Information,10/2/2021 4:44:01 AM,Microsoft-Windows-Security-SPP,1004,None,"The Software Protection service has successfully installed the license.
License Title=Windows(R) UL oob License (Private)
License Id=bd9b6514-a166-4faf-88f0-9142930f3d28"
Information,10/2/2021 4:44:01 AM,Microsoft-Windows-Security-SPP,1004,None,"The Software Protection service has successfully installed the license.
License Title=Windows(R) UL oob License (Public)
License Id=da9414ef-db13-4f41-bbbc-5dc32b6aad33"
Information,10/2/2021 4:44:01 AM,Microsoft-Windows-Security-SPP,1004,None,"The Software Protection service has successfully installed the license.
License Title=Windows(R) Publishing License (Private)
License Id=c40755db-7c11-4b41-8792-30a615f35db4"
Information,10/2/2021 4:44:01 AM,Microsoft-Windows-Security-SPP,1004,None,"The Software Protection service has successfully installed the license.
License Title=Windows(R) Publishing License (Public)
License Id=bdaee49a-98dc-441f-b0cd-4e5104ceb861"
Information,10/2/2021 4:44:01 AM,Microsoft-Windows-Security-SPP,1004,None,"The Software Protection service has successfully installed the license.
License Title=Windows(R) UL volume License (Private)
License Id=6699ca9f-7f53-4546-b054-fa507b0a6ff6"
Information,10/2/2021 4:44:01 AM,Microsoft-Windows-Security-SPP,1004,None,"The Software Protection service has successfully installed the license.
License Title=Windows(R) UL volume License (Public)
License Id=6aadf5ce-b049-477c-bcc9-065c7d84accb"
Information,10/2/2021 4:44:01 AM,Microsoft-Windows-Security-SPP,1004,None,"The Software Protection service has successfully installed the license.
License Title=Windows(R) UL oob License (Private)
License Id=b21baed3-e1ca-4853-82dd-108dc12ef3f0"
Information,10/2/2021 4:44:01 AM,Microsoft-Windows-Security-SPP,1004,None,"The Software Protection service has successfully installed the license.
License Title=Windows(R) UL oob License (Public)
License Id=cba5abea-a764-48b7-ac4f-4e2751c4e64d"
Information,10/2/2021 4:44:01 AM,Microsoft-Windows-Security-SPP,1004,None,"The Software Protection service has successfully installed the license.
License Title=Windows(R) UL store License (Private)
License Id=01f60e89-76d3-4e1f-b3c0-a20963206f61"
Information,10/2/2021 4:44:01 AM,Microsoft-Windows-Security-SPP,1004,None,"The Software Protection service has successfully installed the license.
License Title=Windows(R) UL store License (Public)
License Id=9e1df3c6-235f-4d3e-9231-edb122d24d60"
Information,10/2/2021 4:44:01 AM,Microsoft-Windows-Security-SPP,1004,None,"The Software Protection service has successfully installed the license.
License Title=Windows(R) UL phone License (Private)
License Id=7cad6103-e7da-47c3-9816-739d6f8ca8c4"
Information,10/2/2021 4:44:01 AM,Microsoft-Windows-Security-SPP,1004,None,"The Software Protection service has successfully installed the license.
License Title=Windows(R) UL phone License (Public)
License Id=b61032f5-1305-48af-acf7-52a663a5269f"
Information,10/2/2021 4:44:01 AM,Microsoft-Windows-Security-SPP,1004,None,"The Software Protection service has successfully installed the license.
License Title=Windows(R) UL oob License (Private)
License Id=1b9421d9-efff-4dd1-adac-d6af98cad1c1"
Information,10/2/2021 4:44:01 AM,Microsoft-Windows-Security-SPP,1004,None,"The Software Protection service has successfully installed the license.
License Title=Windows(R) UL oob License (Public)
License Id=13e0c5b1-e6be-452c-a02c-7b26f8ca7aec"
Information,10/2/2021 4:44:01 AM,Microsoft-Windows-Security-SPP,1004,None,"The Software Protection service has successfully installed the license.
License Title=Windows(R) Publishing License (Private)
License Id=5f14270f-d5e6-4126-8d41-351401287ed8"
Information,10/2/2021 4:44:01 AM,Microsoft-Windows-Security-SPP,1004,None,"The Software Protection service has successfully installed the license.
License Title=Windows(R) Publishing License (Public)
License Id=88873346-e19f-4585-828b-2b8ec2795a8d"
Information,10/2/2021 4:44:01 AM,Microsoft-Windows-Security-SPP,1004,None,"The Software Protection service has successfully installed the license.
License Title=Windows(R) UL store License (Private)
License Id=dc557289-63a8-4a53-b999-59d34ae47415"
Information,10/2/2021 4:44:01 AM,Microsoft-Windows-Security-SPP,1004,None,"The Software Protection service has successfully installed the license.
License Title=Windows(R) UL store License (Public)
License Id=624bb98d-bc5b-45a2-aba4-3e8ea862a7a8"
Information,10/2/2021 4:44:01 AM,Microsoft-Windows-Security-SPP,1004,None,"The Software Protection service has successfully installed the license.
License Title=Windows(R) UL phone License (Private)
License Id=5c87f436-41e9-4110-a676-541cee258f5b"
Information,10/2/2021 4:44:01 AM,Microsoft-Windows-Security-SPP,1004,None,"The Software Protection service has successfully installed the license.
License Title=Windows(R) UL phone License (Public)
License Id=6aaaeebf-be81-4abe-b623-79d5e2fcd860"
Information,10/2/2021 4:44:01 AM,Microsoft-Windows-Security-SPP,1004,None,"The Software Protection service has successfully installed the license.
License Title=Windows(R) UL oob License (Private)
License Id=49051314-77b2-4db4-a5c3-bfb4be9f2b20"
Information,10/2/2021 4:44:01 AM,Microsoft-Windows-Security-SPP,1004,None,"The Software Protection service has successfully installed the license.
License Title=Windows(R) UL oob License (Public)
License Id=ce72a6f5-900b-4888-8700-8170b614fa77"
Information,10/2/2021 4:44:01 AM,Microsoft-Windows-Security-SPP,1004,None,"The Software Protection service has successfully installed the license.
License Title=Windows(R) Publishing License (Private)
License Id=4b9826de-f912-45a4-8d08-198d8e21d399"
Information,10/2/2021 4:44:01 AM,Microsoft-Windows-Security-SPP,1004,None,"The Software Protection service has successfully installed the license.
License Title=Windows(R) Publishing License (Public)
License Id=e905d20d-e759-49b1-8110-8ba92ff357ea"
Information,10/2/2021 4:44:01 AM,Microsoft-Windows-Security-SPP,1004,None,"The Software Protection service has successfully installed the license.
License Title=Windows(R) UL store License (Private)
License Id=7c3c08e5-a4bc-4ece-a682-9c1e82a671b2"
Information,10/2/2021 4:44:01 AM,Microsoft-Windows-Security-SPP,1004,None,"The Software Protection service has successfully installed the license.
License Title=Windows(R) UL store License (Public)
License Id=2fa85c59-eb25-453c-9740-26b6c5010f86"
Information,10/2/2021 4:44:01 AM,Microsoft-Windows-Security-SPP,1004,None,"The Software Protection service has successfully installed the license.
License Title=Windows(R) UL phone License (Private)
License Id=be553147-7686-43bd-bc17-1529eb1507bc"
Information,10/2/2021 4:44:01 AM,Microsoft-Windows-Security-SPP,1004,None,"The Software Protection service has successfully installed the license.
License Title=Windows(R) UL phone License (Public)
License Id=82df7edd-84af-4c67-a3e9-fe6f7e2f66e5"
